#
# There is insufficient memory for the Java Runtime Environment to continue.
# Native memory allocation (mmap) failed to map 47185920 bytes for Failed to commit area from 0x000000008de00000 to 0x0000000090b00000 of length 47185920.
# Possible reasons:
#   The system is out of physical RAM or swap space
#   The process is running with CompressedOops enabled, and the Java Heap may be blocking the growth of the native heap
# Possible solutions:
#   Reduce memory load on the system
#   Increase physical memory or swap space
#   Check if swap backing store is full
#   Decrease Java heap size (-Xmx/-Xms)
#   Decrease number of Java threads
#   Decrease Java thread stack sizes (-Xss)
#   Set larger code cache with -XX:ReservedCodeCacheSize=
#   JVM is running with Unscaled Compressed Oops mode in which the Java heap is
#     placed in the first 4GB address space. The Java Heap base address is the
#     maximum limit for the native heap growth. Please use -XX:HeapBaseMinAddress
#     to set the Java Heap base and to place the Java Heap above 4GB virtual address.
# This output file may be truncated or incomplete.
#
#  Out of Memory Error (./src/hotspot/os/windows/os_windows.cpp:3301), pid=1952, tid=9944
#
# JRE version: OpenJDK Runtime Environment (11.0.11+9) (build 11.0.11+9-b60-7590822)
# Java VM: OpenJDK 64-Bit Server VM (11.0.11+9-b60-7590822, mixed mode, tiered, compressed oops, g1 gc, windows-amd64)
# No core dump will be written. Minidumps are not enabled by default on client versions of Windows
#

---------------  S U M M A R Y ------------

Command Line: --add-opens=java.base/java.util=ALL-UNNAMED --add-opens=java.base/java.lang=ALL-UNNAMED --add-opens=java.base/java.lang.invoke=ALL-UNNAMED --add-opens=java.base/java.util=ALL-UNNAMED --add-opens=java.prefs/java.util.prefs=ALL-UNNAMED --add-opens=java.prefs/java.util.prefs=ALL-UNNAMED --add-opens=java.base/java.nio.charset=ALL-UNNAMED --add-opens=java.base/java.net=ALL-UNNAMED --add-opens=java.base/java.util.concurrent.atomic=ALL-UNNAMED -Xmx2048m -Dfile.encoding=UTF-8 -Duser.country=US -Duser.language=en -Duser.variant org.gradle.launcher.daemon.bootstrap.GradleDaemon 7.2

Host: Intel(R) Core(TM) i5-6200U CPU @ 2.30GHz, 4 cores, 7G,  Windows 10 , 64 bit Build 19041 (10.0.19041.1706)
Time: Wed May 18 23:02:35 2022 Turkey Standard Time elapsed time: 1187.633757 seconds (0d 0h 19m 47s)

---------------  T H R E A D  ---------------

Current thread (0x0000021cd662c800):  VMThread "VM Thread" [stack: 0x000000729d700000,0x000000729d800000] [id=9944]

Stack: [0x000000729d700000,0x000000729d800000]
[error occurred during error reporting (printing stack bounds), id 0xc0000005, EXCEPTION_ACCESS_VIOLATION (0xc0000005) at pc=0x0000021cc0550f2d]

Native frames: (J=compiled Java code, j=interpreted, Vv=VM code, C=native code)
V  [jvm.dll+0x5f214a]
V  [jvm.dll+0x726fb5]
V  [jvm.dll+0x7285cd]
V  [jvm.dll+0x728be5]
V  [jvm.dll+0x728b9b]
V  [jvm.dll+0x5f14e8]
V  [jvm.dll+0x5f1c78]
C  [ntdll.dll+0xa209f]
C  [ntdll.dll+0x51454]
C  [ntdll.dll+0xa0bce]
C  0x0000021cc0550f2d

VM_Operation (0x00000072a32fc9d0): G1CollectForAllocation, mode: safepoint, requested by thread 0x0000021cd9360000


---------------  P R O C E S S  ---------------

Threads class SMR info:
_java_thread_list=0x0000021cdc71e4f0, length=97, elements={
0x0000021cbca55800, 0x0000021cd6631000, 0x0000021cd6633000, 0x0000021cd664b800,
0x0000021cd664c800, 0x0000021cd6650800, 0x0000021cd6654000, 0x0000021cd6677800,
0x0000021cd667a000, 0x0000021cd70f4000, 0x0000021cd957d800, 0x0000021cd8a46000,
0x0000021cd957b000, 0x0000021cd9361000, 0x0000021cd935f800, 0x0000021cd935d000,
0x0000021cd935c000, 0x0000021cd9362800, 0x0000021cd935d800, 0x0000021cd935e800,
0x0000021cd73a0000, 0x0000021cd739e800, 0x0000021cd739b000, 0x0000021cd739d000,
0x0000021cdb011000, 0x0000021ce17c6000, 0x0000021ce17ba800, 0x0000021ce17b9000,
0x0000021ce17be000, 0x0000021ce17b9800, 0x0000021ce17c0000, 0x0000021ce17c1000,
0x0000021ce17bd000, 0x0000021ce17bf800, 0x0000021ce17bb800, 0x0000021ce17c2000,
0x0000021ce17bc000, 0x0000021ce17c2800, 0x0000021ce17c3800, 0x0000021ce17c5000,
0x0000021ce17c6800, 0x0000021ce17c7800, 0x0000021cdacb7800, 0x0000021cdacba800,
0x0000021cdacb9000, 0x0000021cdacbf800, 0x0000021cdacbd000, 0x0000021cdacbe000,
0x0000021cdacba000, 0x0000021cdacc0800, 0x0000021cdacbb800, 0x0000021cdacc3000,
0x0000021cdacc1800, 0x0000021cdacc2000, 0x0000021cdacc3800, 0x0000021cdacc4800,
0x0000021cdacbf000, 0x0000021cdacc5800, 0x0000021cdacc6000, 0x0000021cdb00d000,
0x0000021cdb00c000, 0x0000021cdb00e800, 0x0000021cdb00b000, 0x0000021cdb00f000,
0x0000021cdb00d800, 0x0000021cdb00a800, 0x0000021cdb009800, 0x0000021cdb011800,
0x0000021cdb012800, 0x0000021cdb014000, 0x0000021cdb010000, 0x0000021cdb018000,
0x0000021cdb015000, 0x0000021cdb015800, 0x0000021cdb013800, 0x0000021cd739d800,
0x0000021cd739a800, 0x0000021cd73a2800, 0x0000021cd73a4000, 0x0000021cd73a6000,
0x0000021cd73a6800, 0x0000021cd73a1000, 0x0000021cd73a7800, 0x0000021cd73a8800,
0x0000021cd73a9000, 0x0000021cd73a3800, 0x0000021cd9360000, 0x0000021ce17be800,
0x0000021cd8738000, 0x0000021cd8738800, 0x0000021cd8739800, 0x0000021cd8734800,
0x0000021cd8735800, 0x0000021cd873b000, 0x0000021cd873c000, 0x0000021cd8736800,
0x0000021cd873f800
}

Java Threads: ( => current thread )
  0x0000021cbca55800 JavaThread "main" [_thread_blocked, id=18328, stack(0x000000729d100000,0x000000729d200000)]
  0x0000021cd6631000 JavaThread "Reference Handler" daemon [_thread_blocked, id=1664, stack(0x000000729d800000,0x000000729d900000)]
  0x0000021cd6633000 JavaThread "Finalizer" daemon [_thread_blocked, id=12476, stack(0x000000729d900000,0x000000729da00000)]
  0x0000021cd664b800 JavaThread "Signal Dispatcher" daemon [_thread_blocked, id=16668, stack(0x000000729da00000,0x000000729db00000)]
  0x0000021cd664c800 JavaThread "Attach Listener" daemon [_thread_blocked, id=21468, stack(0x000000729db00000,0x000000729dc00000)]
  0x0000021cd6650800 JavaThread "Service Thread" daemon [_thread_blocked, id=16976, stack(0x000000729dc00000,0x000000729dd00000)]
  0x0000021cd6654000 JavaThread "C2 CompilerThread0" daemon [_thread_in_native, id=18884, stack(0x000000729dd00000,0x000000729de00000)]
  0x0000021cd6677800 JavaThread "C1 CompilerThread0" daemon [_thread_blocked, id=16784, stack(0x000000729de00000,0x000000729df00000)]
  0x0000021cd667a000 JavaThread "Sweeper thread" daemon [_thread_blocked, id=17276, stack(0x000000729df00000,0x000000729e000000)]
  0x0000021cd70f4000 JavaThread "Common-Cleaner" daemon [_thread_blocked, id=6408, stack(0x000000729e000000,0x000000729e100000)]
  0x0000021cd957d800 JavaThread "Daemon health stats" [_thread_blocked, id=12272, stack(0x000000729e500000,0x000000729e600000)]
  0x0000021cd8a46000 JavaThread "Incoming local TCP Connector on port 52966" [_thread_in_native, id=14860, stack(0x000000729e400000,0x000000729e500000)]
  0x0000021cd957b000 JavaThread "Daemon periodic checks" [_thread_blocked, id=5232, stack(0x000000729e600000,0x000000729e700000)]
  0x0000021cd9361000 JavaThread "Cache worker for journal cache (C:\Users\Sajda\.gradle\caches\journal-1)" [_thread_blocked, id=20996, stack(0x000000729ef00000,0x000000729f000000)]
  0x0000021cd935f800 JavaThread "File lock request listener" [_thread_in_native, id=14304, stack(0x000000729f000000,0x000000729f100000)]
  0x0000021cd935d000 JavaThread "Cache worker for file hash cache (C:\Users\Sajda\.gradle\caches\7.2\fileHashes)" [_thread_blocked, id=18740, stack(0x000000729f100000,0x000000729f200000)]
  0x0000021cd935c000 JavaThread "File watcher server" daemon [_thread_blocked, id=18576, stack(0x000000729f400000,0x000000729f500000)]
  0x0000021cd9362800 JavaThread "File watcher consumer" daemon [_thread_blocked, id=15268, stack(0x000000729f500000,0x000000729f600000)]
  0x0000021cd935d800 JavaThread "jar transforms" [_thread_blocked, id=21052, stack(0x000000729f600000,0x000000729f700000)]
  0x0000021cd935e800 JavaThread "jar transforms Thread 2" [_thread_blocked, id=5216, stack(0x000000729f700000,0x000000729f800000)]
  0x0000021cd73a0000 JavaThread "jar transforms Thread 3" [_thread_blocked, id=17056, stack(0x000000729f800000,0x000000729f900000)]
  0x0000021cd739e800 JavaThread "jar transforms Thread 4" [_thread_blocked, id=13892, stack(0x000000729f900000,0x000000729fa00000)]
  0x0000021cd739b000 JavaThread "Cache worker for execution history cache (C:\Users\Sajda\.gradle\caches\7.2\executionHistory)" [_thread_blocked, id=14400, stack(0x000000729f300000,0x000000729f400000)]
  0x0000021cd739d000 JavaThread "Cache worker for file content cache (C:\Users\Sajda\.gradle\caches\7.2\fileContent)" [_thread_blocked, id=5164, stack(0x000000729fe00000,0x000000729ff00000)]
  0x0000021cdb011000 JavaThread "Memory manager" [_thread_blocked, id=1228, stack(0x00000072a2900000,0x00000072a2a00000)]
  0x0000021ce17c6000 JavaThread "Cache worker for Java compile cache (C:\Users\Sajda\.gradle\caches\7.2\javaCompile)" [_thread_blocked, id=17412, stack(0x00000072a2e00000,0x00000072a2f00000)]
  0x0000021ce17ba800 JavaThread "Daemon Thread 3" [_thread_blocked, id=7388, stack(0x000000729ce00000,0x000000729cf00000)]
  0x0000021ce17b9000 JavaThread "Handler for socket connection from /127.0.0.1:52966 to /127.0.0.1:53271" [_thread_in_native, id=2872, stack(0x000000729cf00000,0x000000729d000000)]
  0x0000021ce17be000 JavaThread "Cancel handler" [_thread_blocked, id=20972, stack(0x000000729d000000,0x000000729d100000)]
  0x0000021ce17b9800 JavaThread "Daemon worker Thread 3" [_thread_blocked, id=13876, stack(0x000000729e700000,0x000000729e800000)]
  0x0000021ce17c0000 JavaThread "Asynchronous log dispatcher for DefaultDaemonConnection: socket connection from /127.0.0.1:52966 to /127.0.0.1:53271" [_thread_blocked, id=10488, stack(0x000000729e800000,0x000000729e900000)]
  0x0000021ce17c1000 JavaThread "Stdin handler" [_thread_blocked, id=18896, stack(0x000000729e900000,0x000000729ea00000)]
  0x0000021ce17bd000 JavaThread "Daemon client event forwarder" [_thread_blocked, id=15264, stack(0x000000729ea00000,0x000000729eb00000)]
  0x0000021ce17bf800 JavaThread "Cache worker for file hash cache (C:\Users\Sajda\AndroidStudioProjects\OnlineSiparisApplication\.gradle\7.2\fileHashes)" [_thread_blocked, id=14148, stack(0x000000729eb00000,0x000000729ec00000)]
  0x0000021ce17bb800 JavaThread "Cache worker for checksums cache (C:\Users\Sajda\AndroidStudioProjects\OnlineSiparisApplication\.gradle\checksums)" [_thread_blocked, id=14296, stack(0x000000729ec00000,0x000000729ed00000)]
  0x0000021ce17c2000 JavaThread "Cache worker for cache directory md-supplier (C:\Users\Sajda\.gradle\caches\7.2\md-supplier)" [_thread_blocked, id=10560, stack(0x000000729ed00000,0x000000729ee00000)]
  0x0000021ce17bc000 JavaThread "Cache worker for cache directory md-rule (C:\Users\Sajda\.gradle\caches\7.2\md-rule)" [_thread_blocked, id=21424, stack(0x000000729f200000,0x000000729f300000)]
  0x0000021ce17c2800 JavaThread "Cache worker for dependencies-accessors (C:\Users\Sajda\AndroidStudioProjects\OnlineSiparisApplication\.gradle\7.2\dependencies-accessors)" [_thread_blocked, id=20192, stack(0x000000729fa00000,0x000000729fb00000)]
  0x0000021ce17c3800 JavaThread "Cache worker for Build Output Cleanup Cache (C:\Users\Sajda\AndroidStudioProjects\OnlineSiparisApplication\.gradle\buildOutputCleanup)" [_thread_blocked, id=10748, stack(0x000000729fb00000,0x000000729fc00000)]
  0x0000021ce17c5000 JavaThread "Unconstrained build operations" [_thread_blocked, id=564, stack(0x000000729fd00000,0x000000729fe00000)]
  0x0000021ce17c6800 JavaThread "Unconstrained build operations Thread 2" [_thread_blocked, id=15552, stack(0x000000729ff00000,0x00000072a0000000)]
  0x0000021ce17c7800 JavaThread "Unconstrained build operations Thread 3" [_thread_blocked, id=19004, stack(0x00000072a0000000,0x00000072a0100000)]
  0x0000021cdacb7800 JavaThread "Unconstrained build operations Thread 4" [_thread_blocked, id=4304, stack(0x00000072a0100000,0x00000072a0200000)]
  0x0000021cdacba800 JavaThread "Unconstrained build operations Thread 5" [_thread_blocked, id=10592, stack(0x00000072a0200000,0x00000072a0300000)]
  0x0000021cdacb9000 JavaThread "Unconstrained build operations Thread 6" [_thread_blocked, id=8248, stack(0x00000072a0300000,0x00000072a0400000)]
  0x0000021cdacbf800 JavaThread "Unconstrained build operations Thread 7" [_thread_blocked, id=20772, stack(0x00000072a0400000,0x00000072a0500000)]
  0x0000021cdacbd000 JavaThread "Unconstrained build operations Thread 8" [_thread_blocked, id=10720, stack(0x00000072a0500000,0x00000072a0600000)]
  0x0000021cdacbe000 JavaThread "Unconstrained build operations Thread 9" [_thread_blocked, id=520, stack(0x00000072a0600000,0x00000072a0700000)]
  0x0000021cdacba000 JavaThread "Unconstrained build operations Thread 10" [_thread_blocked, id=6644, stack(0x00000072a0700000,0x00000072a0800000)]
  0x0000021cdacc0800 JavaThread "Unconstrained build operations Thread 11" [_thread_blocked, id=14672, stack(0x00000072a0800000,0x00000072a0900000)]
  0x0000021cdacbb800 JavaThread "Unconstrained build operations Thread 12" [_thread_blocked, id=10048, stack(0x00000072a0900000,0x00000072a0a00000)]
  0x0000021cdacc3000 JavaThread "Unconstrained build operations Thread 13" [_thread_blocked, id=14180, stack(0x00000072a0a00000,0x00000072a0b00000)]
  0x0000021cdacc1800 JavaThread "Unconstrained build operations Thread 14" [_thread_blocked, id=12680, stack(0x00000072a0b00000,0x00000072a0c00000)]
  0x0000021cdacc2000 JavaThread "Unconstrained build operations Thread 15" [_thread_blocked, id=2060, stack(0x00000072a0c00000,0x00000072a0d00000)]
  0x0000021cdacc3800 JavaThread "Unconstrained build operations Thread 16" [_thread_blocked, id=17148, stack(0x00000072a0d00000,0x00000072a0e00000)]
  0x0000021cdacc4800 JavaThread "Unconstrained build operations Thread 17" [_thread_blocked, id=19388, stack(0x00000072a0e00000,0x00000072a0f00000)]
  0x0000021cdacbf000 JavaThread "Unconstrained build operations Thread 18" [_thread_blocked, id=2548, stack(0x00000072a0f00000,0x00000072a1000000)]
  0x0000021cdacc5800 JavaThread "Unconstrained build operations Thread 19" [_thread_blocked, id=764, stack(0x00000072a1000000,0x00000072a1100000)]
  0x0000021cdacc6000 JavaThread "Unconstrained build operations Thread 20" [_thread_blocked, id=8184, stack(0x00000072a1100000,0x00000072a1200000)]
  0x0000021cdb00d000 JavaThread "Unconstrained build operations Thread 21" [_thread_blocked, id=16792, stack(0x00000072a1200000,0x00000072a1300000)]
  0x0000021cdb00c000 JavaThread "Unconstrained build operations Thread 22" [_thread_blocked, id=21064, stack(0x00000072a1300000,0x00000072a1400000)]
  0x0000021cdb00e800 JavaThread "Unconstrained build operations Thread 23" [_thread_blocked, id=1628, stack(0x00000072a1400000,0x00000072a1500000)]
  0x0000021cdb00b000 JavaThread "Unconstrained build operations Thread 24" [_thread_blocked, id=1988, stack(0x00000072a1500000,0x00000072a1600000)]
  0x0000021cdb00f000 JavaThread "Unconstrained build operations Thread 25" [_thread_blocked, id=18484, stack(0x00000072a1600000,0x00000072a1700000)]
  0x0000021cdb00d800 JavaThread "Unconstrained build operations Thread 26" [_thread_blocked, id=18776, stack(0x00000072a1700000,0x00000072a1800000)]
  0x0000021cdb00a800 JavaThread "Unconstrained build operations Thread 27" [_thread_blocked, id=18788, stack(0x00000072a1800000,0x00000072a1900000)]
  0x0000021cdb009800 JavaThread "Unconstrained build operations Thread 28" [_thread_blocked, id=16700, stack(0x00000072a1900000,0x00000072a1a00000)]
  0x0000021cdb011800 JavaThread "Unconstrained build operations Thread 29" [_thread_blocked, id=6552, stack(0x00000072a1a00000,0x00000072a1b00000)]
  0x0000021cdb012800 JavaThread "Unconstrained build operations Thread 30" [_thread_blocked, id=6204, stack(0x00000072a1b00000,0x00000072a1c00000)]
  0x0000021cdb014000 JavaThread "Unconstrained build operations Thread 31" [_thread_blocked, id=20352, stack(0x00000072a1c00000,0x00000072a1d00000)]
  0x0000021cdb010000 JavaThread "Unconstrained build operations Thread 32" [_thread_blocked, id=14992, stack(0x00000072a1d00000,0x00000072a1e00000)]
  0x0000021cdb018000 JavaThread "Unconstrained build operations Thread 33" [_thread_blocked, id=13492, stack(0x00000072a1e00000,0x00000072a1f00000)]
  0x0000021cdb015000 JavaThread "Unconstrained build operations Thread 34" [_thread_blocked, id=20584, stack(0x00000072a1f00000,0x00000072a2000000)]
  0x0000021cdb015800 JavaThread "Unconstrained build operations Thread 35" [_thread_blocked, id=16636, stack(0x00000072a2000000,0x00000072a2100000)]
  0x0000021cdb013800 JavaThread "Unconstrained build operations Thread 36" [_thread_blocked, id=15096, stack(0x00000072a2100000,0x00000072a2200000)]
  0x0000021cd739d800 JavaThread "Unconstrained build operations Thread 37" [_thread_blocked, id=19660, stack(0x00000072a2200000,0x00000072a2300000)]
  0x0000021cd739a800 JavaThread "Unconstrained build operations Thread 38" [_thread_blocked, id=19852, stack(0x00000072a2300000,0x00000072a2400000)]
  0x0000021cd73a2800 JavaThread "Unconstrained build operations Thread 39" [_thread_blocked, id=460, stack(0x00000072a2400000,0x00000072a2500000)]
  0x0000021cd73a4000 JavaThread "Unconstrained build operations Thread 40" [_thread_blocked, id=9332, stack(0x00000072a2500000,0x00000072a2600000)]
  0x0000021cd73a6000 JavaThread "build event listener" [_thread_blocked, id=5312, stack(0x00000072a2600000,0x00000072a2700000)]
  0x0000021cd73a6800 JavaThread "Execution worker for ':'" [_thread_blocked, id=6968, stack(0x00000072a2700000,0x00000072a2800000)]
  0x0000021cd73a1000 JavaThread "Execution worker for ':' Thread 2" [_thread_blocked, id=17480, stack(0x00000072a2800000,0x00000072a2900000)]
  0x0000021cd73a7800 JavaThread "Execution worker for ':' Thread 3" [_thread_blocked, id=19512, stack(0x00000072a2c00000,0x00000072a2d00000)]
  0x0000021cd73a8800 JavaThread "Cache worker for execution history cache (C:\Users\Sajda\AndroidStudioProjects\OnlineSiparisApplication\.gradle\7.2\executionHistory)" [_thread_blocked, id=11384, stack(0x00000072a2d00000,0x00000072a2e00000)]
  0x0000021cd73a9000 JavaThread "WorkerExecutor Queue" [_thread_blocked, id=15404, stack(0x00000072a2f00000,0x00000072a3000000)]
  0x0000021cd73a3800 JavaThread "WorkerExecutor Queue Thread 2" [_thread_blocked, id=14952, stack(0x00000072a3100000,0x00000072a3200000)]
  0x0000021cd9360000 JavaThread "WorkerExecutor Queue Thread 3" [_thread_blocked, id=5152, stack(0x00000072a3200000,0x00000072a3300000)]
  0x0000021ce17be800 JavaThread "pool-6-thread-1" [_thread_blocked, id=21180, stack(0x00000072a3300000,0x00000072a3400000)]
  0x0000021cd8738000 JavaThread "stderr" [_thread_in_native, id=20676, stack(0x00000072a3400000,0x00000072a3500000)]
  0x0000021cd8738800 JavaThread "stdout" [_thread_in_native, id=10056, stack(0x00000072a3500000,0x00000072a3600000)]
  0x0000021cd8739800 JavaThread "Build operations" [_thread_blocked, id=11036, stack(0x00000072a3600000,0x00000072a3700000)]
  0x0000021cd8734800 JavaThread "Build operations Thread 2" [_thread_blocked, id=20788, stack(0x00000072a3700000,0x00000072a3800000)]
  0x0000021cd8735800 JavaThread "Build operations Thread 3" [_thread_blocked, id=1112, stack(0x00000072a3800000,0x00000072a3900000)]
  0x0000021cd873b000 JavaThread "Build operations Thread 4" [_thread_blocked, id=7696, stack(0x00000072a3900000,0x00000072a3a00000)]
  0x0000021cd873c000 JavaThread "WorkerExecutor Queue Thread 4" [_thread_blocked, id=14112, stack(0x00000072a3a00000,0x00000072a3b00000)]
  0x0000021cd8736800 JavaThread "WorkerExecutor Queue Thread 5" [_thread_blocked, id=10920, stack(0x00000072a3b00000,0x00000072a3c00000)]
  0x0000021cd873f800 JavaThread "C2 CompilerThread1" daemon [_thread_in_native, id=5352, stack(0x000000729fc00000,0x000000729fd00000)]

Other Threads:
=>0x0000021cd662c800 VMThread "VM Thread" [stack: 0x000000729d700000,0x000000729d800000] [id=9944]
  0x0000021cd710f800 WatcherThread [stack: 0x000000729e100000,0x000000729e200000] [id=16868]
  0x0000021cbca69800 GCTaskThread "GC Thread#0" [stack: 0x000000729d200000,0x000000729d300000] [id=2732]
  0x0000021cd72e1000 GCTaskThread "GC Thread#1" [stack: 0x000000729e200000,0x000000729e300000] [id=7460]
  0x0000021cd7c1e800 GCTaskThread "GC Thread#2" [stack: 0x000000729e300000,0x000000729e400000] [id=17244]
  0x0000021cd939f000 GCTaskThread "GC Thread#3" [stack: 0x000000729ee00000,0x000000729ef00000] [id=19948]
  0x0000021cbca99000 ConcurrentGCThread "G1 Main Marker" [stack: 0x000000729d300000,0x000000729d400000] [id=8660]
  0x0000021cbca9a800 ConcurrentGCThread "G1 Conc#0" [stack: 0x000000729d400000,0x000000729d500000] [id=1932]
  0x0000021cbcb2a800 ConcurrentGCThread "G1 Refine#0" [stack: 0x000000729d500000,0x000000729d600000] [id=17560]
  0x0000021cbcb2b800 ConcurrentGCThread "G1 Young RemSet Sampling" [stack: 0x000000729d600000,0x000000729d700000] [id=20780]

Threads with active compile tasks:
C2 CompilerThread01187699 17577 %     4       org.gradle.internal.instantiation.generator.AbstractClassGenerator::inspectType @ 207 (560 bytes)
C2 CompilerThread11187699 17845       4       org.gradle.internal.snapshot.impl.DefaultValueSnapshotter::processValue (675 bytes)

VM state:at safepoint (normal execution)

VM Mutex/Monitor currently owned by a thread:  ([mutex/lock_event])
[0x0000021cbca52110] Threads_lock - owner thread: 0x0000021cd662c800
[0x0000021cbca51030] Heap_lock - owner thread: 0x0000021cd9360000

Heap address: 0x0000000080000000, size: 2048 MB, Compressed Oops mode: 32-bit
Narrow klass base: 0x0000000000000000, Narrow klass shift: 3
Compressed class space size: 1073741824 Address: 0x0000000100000000

Heap:
 garbage-first heap   total 273408K, used 157944K [0x0000000080000000, 0x0000000100000000)
  region size 1024K, 3 young (3072K), 3 survivors (3072K)
 Metaspace       used 127209K, capacity 131144K, committed 131324K, reserved 1163264K
  class space    used 16390K, capacity 17888K, committed 17996K, reserved 1048576K
Heap Regions: E=young(eden), S=young(survivor), O=old, HS=humongous(starts), HC=humongous(continues), CS=collection set, F=free, A=archive, TAMS=top-at-mark-start (previous, next)
|   0|0x0000000080000000, 0x0000000080100000, 0x0000000080100000|100%| O|  |TAMS 0x0000000080100000, 0x0000000080000000| Untracked 
|   1|0x0000000080100000, 0x0000000080200000, 0x0000000080200000|100%| O|  |TAMS 0x0000000080200000, 0x0000000080100000| Untracked 
|   2|0x0000000080200000, 0x0000000080300000, 0x0000000080300000|100%| O|  |TAMS 0x0000000080300000, 0x0000000080200000| Untracked 
|   3|0x0000000080300000, 0x0000000080400000, 0x0000000080400000|100%|HS|  |TAMS 0x0000000080400000, 0x0000000080300000| Complete 
|   4|0x0000000080400000, 0x0000000080500000, 0x0000000080500000|100%|HC|  |TAMS 0x0000000080500000, 0x0000000080400000| Complete 
|   5|0x0000000080500000, 0x0000000080600000, 0x0000000080600000|100%|HC|  |TAMS 0x0000000080600000, 0x0000000080500000| Complete 
|   6|0x0000000080600000, 0x0000000080700000, 0x0000000080700000|100%| O|  |TAMS 0x0000000080700000, 0x0000000080600000| Untracked 
|   7|0x0000000080700000, 0x0000000080800000, 0x0000000080800000|100%| O|  |TAMS 0x0000000080800000, 0x0000000080700000| Untracked 
|   8|0x0000000080800000, 0x0000000080900000, 0x0000000080900000|100%| O|  |TAMS 0x0000000080900000, 0x0000000080800000| Untracked 
|   9|0x0000000080900000, 0x0000000080a00000, 0x0000000080a00000|100%| O|  |TAMS 0x0000000080a00000, 0x0000000080900000| Untracked 
|  10|0x0000000080a00000, 0x0000000080b00000, 0x0000000080b00000|100%| O|  |TAMS 0x0000000080b00000, 0x0000000080a00000| Untracked 
|  11|0x0000000080b00000, 0x0000000080c00000, 0x0000000080c00000|100%| O|  |TAMS 0x0000000080c00000, 0x0000000080b00000| Untracked 
|  12|0x0000000080c00000, 0x0000000080d00000, 0x0000000080d00000|100%| O|  |TAMS 0x0000000080d00000, 0x0000000080c00000| Untracked 
|  13|0x0000000080d00000, 0x0000000080e00000, 0x0000000080e00000|100%| O|  |TAMS 0x0000000080e00000, 0x0000000080d00000| Untracked 
|  14|0x0000000080e00000, 0x0000000080f00000, 0x0000000080f00000|100%| O|  |TAMS 0x0000000080f00000, 0x0000000080e00000| Untracked 
|  15|0x0000000080f00000, 0x0000000081000000, 0x0000000081000000|100%| O|  |TAMS 0x0000000081000000, 0x0000000080f00000| Untracked 
|  16|0x0000000081000000, 0x0000000081100000, 0x0000000081100000|100%| O|  |TAMS 0x0000000081100000, 0x0000000081000000| Untracked 
|  17|0x0000000081100000, 0x0000000081200000, 0x0000000081200000|100%|HS|  |TAMS 0x0000000081200000, 0x0000000081100000| Complete 
|  18|0x0000000081200000, 0x0000000081300000, 0x0000000081300000|100%|HC|  |TAMS 0x0000000081300000, 0x0000000081200000| Complete 
|  19|0x0000000081300000, 0x0000000081400000, 0x0000000081400000|100%|HS|  |TAMS 0x0000000081400000, 0x0000000081300000| Complete 
|  20|0x0000000081400000, 0x0000000081500000, 0x0000000081500000|100%|HC|  |TAMS 0x0000000081500000, 0x0000000081400000| Complete 
|  21|0x0000000081500000, 0x0000000081600000, 0x0000000081600000|100%|HC|  |TAMS 0x0000000081600000, 0x0000000081500000| Complete 
|  22|0x0000000081600000, 0x0000000081700000, 0x0000000081700000|100%|HS|  |TAMS 0x0000000081700000, 0x0000000081600000| Complete 
|  23|0x0000000081700000, 0x0000000081800000, 0x0000000081800000|100%|HC|  |TAMS 0x0000000081800000, 0x0000000081700000| Complete 
|  24|0x0000000081800000, 0x0000000081900000, 0x0000000081900000|100%|HC|  |TAMS 0x0000000081900000, 0x0000000081800000| Complete 
|  25|0x0000000081900000, 0x0000000081a00000, 0x0000000081a00000|100%|HC|  |TAMS 0x0000000081a00000, 0x0000000081900000| Complete 
|  26|0x0000000081a00000, 0x0000000081b00000, 0x0000000081b00000|100%| O|  |TAMS 0x0000000081b00000, 0x0000000081a00000| Untracked 
|  27|0x0000000081b00000, 0x0000000081c00000, 0x0000000081c00000|100%| O|  |TAMS 0x0000000081c00000, 0x0000000081b00000| Untracked 
|  28|0x0000000081c00000, 0x0000000081d00000, 0x0000000081d00000|100%| O|  |TAMS 0x0000000081d00000, 0x0000000081c00000| Untracked 
|  29|0x0000000081d00000, 0x0000000081e00000, 0x0000000081e00000|100%| O|  |TAMS 0x0000000081e00000, 0x0000000081d00000| Untracked 
|  30|0x0000000081e00000, 0x0000000081f00000, 0x0000000081f00000|100%| O|  |TAMS 0x0000000081f00000, 0x0000000081e00000| Untracked 
|  31|0x0000000081f00000, 0x0000000082000000, 0x0000000082000000|100%| O|  |TAMS 0x0000000082000000, 0x0000000081f00000| Untracked 
|  32|0x0000000082000000, 0x0000000082100000, 0x0000000082100000|100%| O|  |TAMS 0x0000000082100000, 0x0000000082000000| Untracked 
|  33|0x0000000082100000, 0x0000000082200000, 0x0000000082200000|100%|HS|  |TAMS 0x0000000082200000, 0x0000000082100000| Complete 
|  34|0x0000000082200000, 0x0000000082300000, 0x0000000082300000|100%|HC|  |TAMS 0x0000000082300000, 0x0000000082200000| Complete 
|  35|0x0000000082300000, 0x0000000082400000, 0x0000000082400000|100%|HC|  |TAMS 0x0000000082400000, 0x0000000082300000| Complete 
|  36|0x0000000082400000, 0x0000000082500000, 0x0000000082500000|100%| O|  |TAMS 0x0000000082500000, 0x0000000082400000| Untracked 
|  37|0x0000000082500000, 0x0000000082600000, 0x0000000082600000|100%| O|  |TAMS 0x0000000082600000, 0x0000000082500000| Untracked 
|  38|0x0000000082600000, 0x0000000082700000, 0x0000000082700000|100%| O|  |TAMS 0x0000000082700000, 0x0000000082600000| Untracked 
|  39|0x0000000082700000, 0x0000000082800000, 0x0000000082800000|100%| O|  |TAMS 0x0000000082800000, 0x0000000082700000| Untracked 
|  40|0x0000000082800000, 0x0000000082900000, 0x0000000082900000|100%| O|  |TAMS 0x0000000082900000, 0x0000000082800000| Untracked 
|  41|0x0000000082900000, 0x0000000082a00000, 0x0000000082a00000|100%| O|  |TAMS 0x0000000082a00000, 0x0000000082900000| Untracked 
|  42|0x0000000082a00000, 0x0000000082b00000, 0x0000000082b00000|100%| O|  |TAMS 0x0000000082b00000, 0x0000000082a00000| Untracked 
|  43|0x0000000082b00000, 0x0000000082c00000, 0x0000000082c00000|100%|HS|  |TAMS 0x0000000082c00000, 0x0000000082b00000| Complete 
|  44|0x0000000082c00000, 0x0000000082d00000, 0x0000000082d00000|100%|HC|  |TAMS 0x0000000082d00000, 0x0000000082c00000| Complete 
|  45|0x0000000082d00000, 0x0000000082e00000, 0x0000000082e00000|100%|HC|  |TAMS 0x0000000082e00000, 0x0000000082d00000| Complete 
|  46|0x0000000082e00000, 0x0000000082f00000, 0x0000000082f00000|100%|HC|  |TAMS 0x0000000082f00000, 0x0000000082e00000| Complete 
|  47|0x0000000082f00000, 0x0000000083000000, 0x0000000083000000|100%| O|  |TAMS 0x0000000083000000, 0x0000000082f00000| Untracked 
|  48|0x0000000083000000, 0x0000000083100000, 0x0000000083100000|100%| O|  |TAMS 0x0000000083100000, 0x0000000083000000| Untracked 
|  49|0x0000000083100000, 0x0000000083200000, 0x0000000083200000|100%| O|  |TAMS 0x0000000083200000, 0x0000000083100000| Untracked 
|  50|0x0000000083200000, 0x0000000083300000, 0x0000000083300000|100%| O|  |TAMS 0x0000000083300000, 0x0000000083200000| Untracked 
|  51|0x0000000083300000, 0x0000000083400000, 0x0000000083400000|100%| O|  |TAMS 0x0000000083400000, 0x0000000083300000| Untracked 
|  52|0x0000000083400000, 0x0000000083500000, 0x0000000083500000|100%| O|  |TAMS 0x0000000083500000, 0x0000000083400000| Untracked 
|  53|0x0000000083500000, 0x0000000083600000, 0x0000000083600000|100%| O|  |TAMS 0x0000000083600000, 0x0000000083500000| Untracked 
|  54|0x0000000083600000, 0x0000000083700000, 0x0000000083700000|100%| O|  |TAMS 0x0000000083700000, 0x0000000083600000| Untracked 
|  55|0x0000000083700000, 0x0000000083800000, 0x0000000083800000|100%|HS|  |TAMS 0x0000000083800000, 0x0000000083700000| Complete 
|  56|0x0000000083800000, 0x0000000083900000, 0x0000000083900000|100%|HS|  |TAMS 0x0000000083900000, 0x0000000083800000| Complete 
|  57|0x0000000083900000, 0x0000000083a00000, 0x0000000083a00000|100%|HS|  |TAMS 0x0000000083a00000, 0x0000000083900000| Complete 
|  58|0x0000000083a00000, 0x0000000083b00000, 0x0000000083b00000|100%|HS|  |TAMS 0x0000000083b00000, 0x0000000083a00000| Complete 
|  59|0x0000000083b00000, 0x0000000083c00000, 0x0000000083c00000|100%|HC|  |TAMS 0x0000000083c00000, 0x0000000083b00000| Complete 
|  60|0x0000000083c00000, 0x0000000083d00000, 0x0000000083d00000|100%| O|  |TAMS 0x0000000083d00000, 0x0000000083c00000| Untracked 
|  61|0x0000000083d00000, 0x0000000083e00000, 0x0000000083e00000|100%| O|  |TAMS 0x0000000083e00000, 0x0000000083d00000| Untracked 
|  62|0x0000000083e00000, 0x0000000083f00000, 0x0000000083f00000|100%| O|  |TAMS 0x0000000083e00000, 0x0000000083e00000| Untracked 
|  63|0x0000000083f00000, 0x0000000084000000, 0x0000000084000000|100%| O|  |TAMS 0x0000000084000000, 0x0000000083f00000| Untracked 
|  64|0x0000000084000000, 0x0000000084100000, 0x0000000084100000|100%| O|  |TAMS 0x0000000084100000, 0x0000000084000000| Untracked 
|  65|0x0000000084100000, 0x0000000084200000, 0x0000000084200000|100%| O|  |TAMS 0x0000000084200000, 0x0000000084100000| Untracked 
|  66|0x0000000084200000, 0x0000000084300000, 0x0000000084300000|100%| O|  |TAMS 0x0000000084300000, 0x0000000084200000| Untracked 
|  67|0x0000000084300000, 0x0000000084400000, 0x0000000084400000|100%| O|  |TAMS 0x0000000084400000, 0x0000000084300000| Untracked 
|  68|0x0000000084400000, 0x0000000084500000, 0x0000000084500000|100%| O|  |TAMS 0x0000000084500000, 0x0000000084400000| Untracked 
|  69|0x0000000084500000, 0x0000000084600000, 0x0000000084600000|100%| O|  |TAMS 0x0000000084600000, 0x0000000084500000| Untracked 
|  70|0x0000000084600000, 0x0000000084700000, 0x0000000084700000|100%| O|  |TAMS 0x0000000084700000, 0x0000000084600000| Untracked 
|  71|0x0000000084700000, 0x0000000084800000, 0x0000000084800000|100%| O|  |TAMS 0x0000000084800000, 0x0000000084700000| Untracked 
|  72|0x0000000084800000, 0x0000000084900000, 0x0000000084900000|100%| O|  |TAMS 0x0000000084900000, 0x0000000084800000| Untracked 
|  73|0x0000000084900000, 0x0000000084a00000, 0x0000000084a00000|100%| O|  |TAMS 0x0000000084a00000, 0x0000000084900000| Untracked 
|  74|0x0000000084a00000, 0x0000000084b00000, 0x0000000084b00000|100%| O|  |TAMS 0x0000000084b00000, 0x0000000084a00000| Untracked 
|  75|0x0000000084b00000, 0x0000000084c00000, 0x0000000084c00000|100%| O|  |TAMS 0x0000000084c00000, 0x0000000084b00000| Untracked 
|  76|0x0000000084c00000, 0x0000000084d00000, 0x0000000084d00000|100%| O|  |TAMS 0x0000000084d00000, 0x0000000084c00000| Untracked 
|  77|0x0000000084d00000, 0x0000000084e00000, 0x0000000084e00000|100%| O|  |TAMS 0x0000000084e00000, 0x0000000084d00000| Untracked 
|  78|0x0000000084e00000, 0x0000000084f00000, 0x0000000084f00000|100%| O|  |TAMS 0x0000000084f00000, 0x0000000084e00000| Untracked 
|  79|0x0000000084f00000, 0x0000000085000000, 0x0000000085000000|100%|HS|  |TAMS 0x0000000085000000, 0x0000000084f00000| Complete 
|  80|0x0000000085000000, 0x0000000085100000, 0x0000000085100000|100%|HC|  |TAMS 0x0000000085100000, 0x0000000085000000| Complete 
|  81|0x0000000085100000, 0x0000000085200000, 0x0000000085200000|100%|HS|  |TAMS 0x0000000085200000, 0x0000000085100000| Complete 
|  82|0x0000000085200000, 0x0000000085300000, 0x0000000085300000|100%|HC|  |TAMS 0x0000000085300000, 0x0000000085200000| Complete 
|  83|0x0000000085300000, 0x0000000085400000, 0x0000000085400000|100%|HC|  |TAMS 0x0000000085400000, 0x0000000085300000| Complete 
|  84|0x0000000085400000, 0x0000000085500000, 0x0000000085500000|100%|HS|  |TAMS 0x0000000085500000, 0x0000000085400000| Complete 
|  85|0x0000000085500000, 0x0000000085600000, 0x0000000085600000|100%|HC|  |TAMS 0x0000000085600000, 0x0000000085500000| Complete 
|  86|0x0000000085600000, 0x0000000085700000, 0x0000000085700000|100%|HC|  |TAMS 0x0000000085700000, 0x0000000085600000| Complete 
|  87|0x0000000085700000, 0x0000000085800000, 0x0000000085800000|100%|HC|  |TAMS 0x0000000085800000, 0x0000000085700000| Complete 
|  88|0x0000000085800000, 0x0000000085900000, 0x0000000085900000|100%| O|  |TAMS 0x0000000085900000, 0x0000000085800000| Untracked 
|  89|0x0000000085900000, 0x0000000085a00000, 0x0000000085a00000|100%| O|  |TAMS 0x0000000085a00000, 0x0000000085900000| Untracked 
|  90|0x0000000085a00000, 0x0000000085b00000, 0x0000000085b00000|100%| O|  |TAMS 0x0000000085b00000, 0x0000000085a00000| Untracked 
|  91|0x0000000085b00000, 0x0000000085c00000, 0x0000000085c00000|100%| O|  |TAMS 0x0000000085c00000, 0x0000000085b00000| Untracked 
|  92|0x0000000085c00000, 0x0000000085d00000, 0x0000000085d00000|100%| O|  |TAMS 0x0000000085d00000, 0x0000000085c00000| Untracked 
|  93|0x0000000085d00000, 0x0000000085e00000, 0x0000000085e00000|100%| O|  |TAMS 0x0000000085e00000, 0x0000000085d00000| Untracked 
|  94|0x0000000085e00000, 0x0000000085f00000, 0x0000000085f00000|100%| O|  |TAMS 0x0000000085f00000, 0x0000000085e00000| Untracked 
|  95|0x0000000085f00000, 0x0000000086000000, 0x0000000086000000|100%| O|  |TAMS 0x0000000086000000, 0x0000000085f00000| Untracked 
|  96|0x0000000086000000, 0x0000000086100000, 0x0000000086100000|100%| O|  |TAMS 0x0000000086100000, 0x0000000086000000| Untracked 
|  97|0x0000000086100000, 0x0000000086200000, 0x0000000086200000|100%| O|  |TAMS 0x0000000086200000, 0x0000000086100000| Untracked 
|  98|0x0000000086200000, 0x0000000086300000, 0x0000000086300000|100%| O|  |TAMS 0x0000000086300000, 0x0000000086200000| Untracked 
|  99|0x0000000086300000, 0x0000000086400000, 0x0000000086400000|100%| O|  |TAMS 0x0000000086400000, 0x0000000086300000| Untracked 
| 100|0x0000000086400000, 0x0000000086500000, 0x0000000086500000|100%| O|  |TAMS 0x0000000086500000, 0x0000000086400000| Untracked 
| 101|0x0000000086500000, 0x0000000086600000, 0x0000000086600000|100%| O|  |TAMS 0x0000000086600000, 0x0000000086500000| Untracked 
| 102|0x0000000086600000, 0x0000000086700000, 0x0000000086700000|100%| O|  |TAMS 0x0000000086700000, 0x0000000086600000| Untracked 
| 103|0x0000000086700000, 0x0000000086800000, 0x0000000086800000|100%| O|  |TAMS 0x0000000086800000, 0x0000000086700000| Untracked 
| 104|0x0000000086800000, 0x0000000086900000, 0x0000000086900000|100%| O|  |TAMS 0x0000000086900000, 0x0000000086800000| Untracked 
| 105|0x0000000086900000, 0x0000000086a00000, 0x0000000086a00000|100%| O|  |TAMS 0x0000000086a00000, 0x0000000086900000| Untracked 
| 106|0x0000000086a00000, 0x0000000086b00000, 0x0000000086b00000|100%| O|  |TAMS 0x0000000086a00000, 0x0000000086a00000| Untracked 
| 107|0x0000000086b00000, 0x0000000086c00000, 0x0000000086c00000|100%| O|  |TAMS 0x0000000086b00000, 0x0000000086b00000| Untracked 
| 108|0x0000000086c00000, 0x0000000086d00000, 0x0000000086d00000|100%| O|  |TAMS 0x0000000086d00000, 0x0000000086c00000| Untracked 
| 109|0x0000000086d00000, 0x0000000086e00000, 0x0000000086e00000|100%| O|  |TAMS 0x0000000086e00000, 0x0000000086d00000| Untracked 
| 110|0x0000000086e00000, 0x0000000086f00000, 0x0000000086f00000|100%| O|  |TAMS 0x0000000086f00000, 0x0000000086e00000| Untracked 
| 111|0x0000000086f00000, 0x0000000087000000, 0x0000000087000000|100%| O|  |TAMS 0x0000000087000000, 0x0000000086f00000| Untracked 
| 112|0x0000000087000000, 0x0000000087100000, 0x0000000087100000|100%| O|  |TAMS 0x0000000087100000, 0x0000000087000000| Untracked 
| 113|0x0000000087100000, 0x0000000087200000, 0x0000000087200000|100%| O|  |TAMS 0x0000000087200000, 0x0000000087100000| Untracked 
| 114|0x0000000087200000, 0x0000000087300000, 0x0000000087300000|100%| O|  |TAMS 0x0000000087300000, 0x0000000087200000| Untracked 
| 115|0x0000000087300000, 0x0000000087400000, 0x0000000087400000|100%| O|  |TAMS 0x0000000087400000, 0x0000000087300000| Untracked 
| 116|0x0000000087400000, 0x0000000087500000, 0x0000000087500000|100%| O|  |TAMS 0x0000000087500000, 0x0000000087400000| Untracked 
| 117|0x0000000087500000, 0x0000000087600000, 0x0000000087600000|100%| O|  |TAMS 0x0000000087600000, 0x0000000087500000| Untracked 
| 118|0x0000000087600000, 0x0000000087700000, 0x0000000087700000|100%| O|  |TAMS 0x0000000087600000, 0x0000000087600000| Untracked 
| 119|0x0000000087700000, 0x0000000087800000, 0x0000000087800000|100%| O|  |TAMS 0x0000000087800000, 0x0000000087700000| Untracked 
| 120|0x0000000087800000, 0x0000000087900000, 0x0000000087900000|100%| O|  |TAMS 0x0000000087900000, 0x0000000087800000| Untracked 
| 121|0x0000000087900000, 0x0000000087a00000, 0x0000000087a00000|100%| O|  |TAMS 0x0000000087936800, 0x0000000087900000| Untracked 
| 122|0x0000000087a00000, 0x0000000087b00000, 0x0000000087b00000|100%| O|  |TAMS 0x0000000087b00000, 0x0000000087a00000| Untracked 
| 123|0x0000000087b00000, 0x0000000087c00000, 0x0000000087c00000|100%| O|  |TAMS 0x0000000087c00000, 0x0000000087b00000| Untracked 
| 124|0x0000000087c00000, 0x0000000087d00000, 0x0000000087d00000|100%| O|  |TAMS 0x0000000087d00000, 0x0000000087c00000| Untracked 
| 125|0x0000000087d00000, 0x0000000087e00000, 0x0000000087e00000|100%| O|  |TAMS 0x0000000087e00000, 0x0000000087d00000| Untracked 
| 126|0x0000000087e00000, 0x0000000087f00000, 0x0000000087f00000|100%| O|  |TAMS 0x0000000087f00000, 0x0000000087e00000| Untracked 
| 127|0x0000000087f00000, 0x0000000088000000, 0x0000000088000000|100%| O|  |TAMS 0x0000000087f00000, 0x0000000087f00000| Untracked 
| 128|0x0000000088000000, 0x0000000088100000, 0x0000000088100000|100%| O|  |TAMS 0x0000000088000000, 0x0000000088000000| Untracked 
| 129|0x0000000088100000, 0x0000000088200000, 0x0000000088200000|100%| O|  |TAMS 0x0000000088100000, 0x0000000088100000| Untracked 
| 130|0x0000000088200000, 0x0000000088300000, 0x0000000088300000|100%| O|  |TAMS 0x0000000088200000, 0x0000000088200000| Untracked 
| 131|0x0000000088300000, 0x0000000088400000, 0x0000000088400000|100%| O|  |TAMS 0x0000000088300000, 0x0000000088300000| Untracked 
| 132|0x0000000088400000, 0x00000000884d9e00, 0x0000000088500000| 85%| O|  |TAMS 0x0000000088400000, 0x0000000088400000| Untracked 
| 133|0x0000000088500000, 0x0000000088600000, 0x0000000088600000|100%|HS|  |TAMS 0x0000000088500000, 0x0000000088500000| Complete 
| 134|0x0000000088600000, 0x0000000088700000, 0x0000000088700000|100%|HC|  |TAMS 0x0000000088600000, 0x0000000088600000| Complete 
| 135|0x0000000088700000, 0x0000000088800000, 0x0000000088800000|100%| O|  |TAMS 0x0000000088700000, 0x0000000088700000| Untracked 
| 136|0x0000000088800000, 0x0000000088900000, 0x0000000088900000|100%| O|  |TAMS 0x0000000088800000, 0x0000000088800000| Untracked 
| 137|0x0000000088900000, 0x0000000088a00000, 0x0000000088a00000|100%| O|  |TAMS 0x0000000088900000, 0x0000000088900000| Untracked 
| 138|0x0000000088a00000, 0x0000000088b00000, 0x0000000088b00000|100%| O|  |TAMS 0x0000000088a00000, 0x0000000088a00000| Untracked 
| 139|0x0000000088b00000, 0x0000000088c00000, 0x0000000088c00000|100%| O|  |TAMS 0x0000000088c00000, 0x0000000088b00000| Untracked 
| 140|0x0000000088c00000, 0x0000000088d00000, 0x0000000088d00000|100%| O|  |TAMS 0x0000000088d00000, 0x0000000088c00000| Untracked 
| 141|0x0000000088d00000, 0x0000000088e00000, 0x0000000088e00000|100%| O|  |TAMS 0x0000000088e00000, 0x0000000088d00000| Untracked 
| 142|0x0000000088e00000, 0x0000000088f00000, 0x0000000088f00000|100%| O|  |TAMS 0x0000000088e00000, 0x0000000088e00000| Untracked 
| 143|0x0000000088f00000, 0x0000000089000000, 0x0000000089000000|100%| O|  |TAMS 0x0000000088f00000, 0x0000000088f00000| Untracked 
| 144|0x0000000089000000, 0x0000000089100000, 0x0000000089100000|100%| O|  |TAMS 0x0000000089000000, 0x0000000089000000| Untracked 
| 145|0x0000000089100000, 0x0000000089100000, 0x0000000089200000|  0%| F|  |TAMS 0x0000000089100000, 0x0000000089100000| Untracked 
| 146|0x0000000089200000, 0x0000000089300000, 0x0000000089300000|100%| O|  |TAMS 0x0000000089200000, 0x0000000089200000| Untracked 
| 147|0x0000000089300000, 0x0000000089300000, 0x0000000089400000|  0%| F|  |TAMS 0x0000000089300000, 0x0000000089300000| Untracked 
| 148|0x0000000089400000, 0x0000000089500000, 0x0000000089500000|100%| O|  |TAMS 0x0000000089400000, 0x0000000089400000| Untracked 
| 149|0x0000000089500000, 0x0000000089600000, 0x0000000089600000|100%| O|  |TAMS 0x0000000089500000, 0x0000000089500000| Untracked 
| 150|0x0000000089600000, 0x0000000089600000, 0x0000000089700000|  0%| F|  |TAMS 0x0000000089600000, 0x0000000089600000| Untracked 
| 151|0x0000000089700000, 0x0000000089700000, 0x0000000089800000|  0%| F|  |TAMS 0x0000000089700000, 0x0000000089700000| Untracked 
| 152|0x0000000089800000, 0x0000000089800000, 0x0000000089900000|  0%| F|  |TAMS 0x0000000089800000, 0x0000000089800000| Untracked 
| 153|0x0000000089900000, 0x0000000089900000, 0x0000000089a00000|  0%| F|  |TAMS 0x0000000089900000, 0x0000000089900000| Untracked 
| 154|0x0000000089a00000, 0x0000000089a00000, 0x0000000089b00000|  0%| F|  |TAMS 0x0000000089a00000, 0x0000000089a00000| Untracked 
| 155|0x0000000089b00000, 0x0000000089b00000, 0x0000000089c00000|  0%| F|  |TAMS 0x0000000089b00000, 0x0000000089b00000| Untracked 
| 156|0x0000000089c00000, 0x0000000089c00000, 0x0000000089d00000|  0%| F|  |TAMS 0x0000000089c00000, 0x0000000089c00000| Untracked 
| 157|0x0000000089d00000, 0x0000000089d00000, 0x0000000089e00000|  0%| F|  |TAMS 0x0000000089d00000, 0x0000000089d00000| Untracked 
| 158|0x0000000089e00000, 0x0000000089e00000, 0x0000000089f00000|  0%| F|  |TAMS 0x0000000089e00000, 0x0000000089e00000| Untracked 
| 159|0x0000000089f00000, 0x0000000089f00000, 0x000000008a000000|  0%| F|  |TAMS 0x0000000089f00000, 0x0000000089f00000| Untracked 
| 160|0x000000008a000000, 0x000000008a000000, 0x000000008a100000|  0%| F|  |TAMS 0x000000008a000000, 0x000000008a000000| Untracked 
| 161|0x000000008a100000, 0x000000008a100000, 0x000000008a200000|  0%| F|  |TAMS 0x000000008a100000, 0x000000008a100000| Untracked 
| 162|0x000000008a200000, 0x000000008a200000, 0x000000008a300000|  0%| F|  |TAMS 0x000000008a200000, 0x000000008a200000| Untracked 
| 163|0x000000008a300000, 0x000000008a300000, 0x000000008a400000|  0%| F|  |TAMS 0x000000008a300000, 0x000000008a300000| Untracked 
| 164|0x000000008a400000, 0x000000008a400000, 0x000000008a500000|  0%| F|  |TAMS 0x000000008a400000, 0x000000008a400000| Untracked 
| 165|0x000000008a500000, 0x000000008a500000, 0x000000008a600000|  0%| F|  |TAMS 0x000000008a500000, 0x000000008a500000| Untracked 
| 166|0x000000008a600000, 0x000000008a600000, 0x000000008a700000|  0%| F|  |TAMS 0x000000008a600000, 0x000000008a600000| Untracked 
| 167|0x000000008a700000, 0x000000008a700000, 0x000000008a800000|  0%| F|  |TAMS 0x000000008a700000, 0x000000008a700000| Untracked 
| 168|0x000000008a800000, 0x000000008a800000, 0x000000008a900000|  0%| F|  |TAMS 0x000000008a800000, 0x000000008a800000| Untracked 
| 169|0x000000008a900000, 0x000000008aa00000, 0x000000008aa00000|100%| O|  |TAMS 0x000000008aa00000, 0x000000008a900000| Untracked 
| 170|0x000000008aa00000, 0x000000008ab00000, 0x000000008ab00000|100%| O|  |TAMS 0x000000008ab00000, 0x000000008aa00000| Untracked 
| 171|0x000000008ab00000, 0x000000008ab00000, 0x000000008ac00000|  0%| F|  |TAMS 0x000000008ab00000, 0x000000008ab00000| Untracked 
| 172|0x000000008ac00000, 0x000000008ad00000, 0x000000008ad00000|100%| O|  |TAMS 0x000000008ad00000, 0x000000008ac00000| Untracked 
| 173|0x000000008ad00000, 0x000000008ae00000, 0x000000008ae00000|100%| O|  |TAMS 0x000000008ae00000, 0x000000008ad00000| Untracked 
| 174|0x000000008ae00000, 0x000000008ae00000, 0x000000008af00000|  0%| F|  |TAMS 0x000000008ae00000, 0x000000008ae00000| Untracked 
| 175|0x000000008af00000, 0x000000008af00000, 0x000000008b000000|  0%| F|  |TAMS 0x000000008af00000, 0x000000008af00000| Untracked 
| 176|0x000000008b000000, 0x000000008b000000, 0x000000008b100000|  0%| F|  |TAMS 0x000000008b000000, 0x000000008b000000| Untracked 
| 177|0x000000008b100000, 0x000000008b100000, 0x000000008b200000|  0%| F|  |TAMS 0x000000008b100000, 0x000000008b100000| Untracked 
| 178|0x000000008b200000, 0x000000008b200000, 0x000000008b300000|  0%| F|  |TAMS 0x000000008b200000, 0x000000008b200000| Untracked 
| 179|0x000000008b300000, 0x000000008b300000, 0x000000008b400000|  0%| F|  |TAMS 0x000000008b300000, 0x000000008b300000| Untracked 
| 180|0x000000008b400000, 0x000000008b400000, 0x000000008b500000|  0%| F|  |TAMS 0x000000008b400000, 0x000000008b400000| Untracked 
| 181|0x000000008b500000, 0x000000008b500000, 0x000000008b600000|  0%| F|  |TAMS 0x000000008b500000, 0x000000008b500000| Untracked 
| 182|0x000000008b600000, 0x000000008b600000, 0x000000008b700000|  0%| F|  |TAMS 0x000000008b600000, 0x000000008b600000| Untracked 
| 183|0x000000008b700000, 0x000000008b700000, 0x000000008b800000|  0%| F|  |TAMS 0x000000008b700000, 0x000000008b700000| Untracked 
| 184|0x000000008b800000, 0x000000008b800000, 0x000000008b900000|  0%| F|  |TAMS 0x000000008b800000, 0x000000008b800000| Untracked 
| 185|0x000000008b900000, 0x000000008b900000, 0x000000008ba00000|  0%| F|  |TAMS 0x000000008b900000, 0x000000008b900000| Untracked 
| 186|0x000000008ba00000, 0x000000008ba00000, 0x000000008bb00000|  0%| F|  |TAMS 0x000000008ba00000, 0x000000008ba00000| Untracked 
| 187|0x000000008bb00000, 0x000000008bb00000, 0x000000008bc00000|  0%| F|  |TAMS 0x000000008bb00000, 0x000000008bb00000| Untracked 
| 188|0x000000008bc00000, 0x000000008bc00000, 0x000000008bd00000|  0%| F|  |TAMS 0x000000008bc00000, 0x000000008bc00000| Untracked 
| 189|0x000000008bd00000, 0x000000008bd00000, 0x000000008be00000|  0%| F|  |TAMS 0x000000008bd00000, 0x000000008bd00000| Untracked 
| 190|0x000000008be00000, 0x000000008be00000, 0x000000008bf00000|  0%| F|  |TAMS 0x000000008be00000, 0x000000008be00000| Untracked 
| 191|0x000000008bf00000, 0x000000008bf645f0, 0x000000008c000000| 39%| S|CS|TAMS 0x000000008bf00000, 0x000000008bf00000| Complete 
| 192|0x000000008c000000, 0x000000008c100000, 0x000000008c100000|100%| S|CS|TAMS 0x000000008c000000, 0x000000008c000000| Complete 
| 193|0x000000008c100000, 0x000000008c100000, 0x000000008c200000|  0%| F|  |TAMS 0x000000008c100000, 0x000000008c100000| Untracked 
| 194|0x000000008c200000, 0x000000008c300000, 0x000000008c300000|100%| S|CS|TAMS 0x000000008c200000, 0x000000008c200000| Complete 
| 195|0x000000008c300000, 0x000000008c300000, 0x000000008c400000|  0%| F|  |TAMS 0x000000008c300000, 0x000000008c300000| Untracked 
| 196|0x000000008c400000, 0x000000008c400000, 0x000000008c500000|  0%| F|  |TAMS 0x000000008c400000, 0x000000008c400000| Untracked 
| 197|0x000000008c500000, 0x000000008c500000, 0x000000008c600000|  0%| F|  |TAMS 0x000000008c500000, 0x000000008c500000| Untracked 
| 198|0x000000008c600000, 0x000000008c600000, 0x000000008c700000|  0%| F|  |TAMS 0x000000008c600000, 0x000000008c600000| Untracked 
| 199|0x000000008c700000, 0x000000008c700000, 0x000000008c800000|  0%| F|  |TAMS 0x000000008c700000, 0x000000008c700000| Untracked 
| 200|0x000000008c800000, 0x000000008c800000, 0x000000008c900000|  0%| F|  |TAMS 0x000000008c800000, 0x000000008c800000| Untracked 
| 201|0x000000008c900000, 0x000000008c900000, 0x000000008ca00000|  0%| F|  |TAMS 0x000000008c900000, 0x000000008c900000| Untracked 
| 202|0x000000008ca00000, 0x000000008ca00000, 0x000000008cb00000|  0%| F|  |TAMS 0x000000008ca00000, 0x000000008ca00000| Untracked 
| 203|0x000000008cb00000, 0x000000008cb00000, 0x000000008cc00000|  0%| F|  |TAMS 0x000000008cb00000, 0x000000008cb00000| Untracked 
| 204|0x000000008cc00000, 0x000000008cc00000, 0x000000008cd00000|  0%| F|  |TAMS 0x000000008cc00000, 0x000000008cc00000| Untracked 
| 205|0x000000008cd00000, 0x000000008cd00000, 0x000000008ce00000|  0%| F|  |TAMS 0x000000008cd00000, 0x000000008cd00000| Untracked 
| 206|0x000000008ce00000, 0x000000008ce00000, 0x000000008cf00000|  0%| F|  |TAMS 0x000000008ce00000, 0x000000008ce00000| Untracked 
| 207|0x000000008cf00000, 0x000000008cf00000, 0x000000008d000000|  0%| F|  |TAMS 0x000000008cf00000, 0x000000008cf00000| Untracked 
| 208|0x000000008d000000, 0x000000008d000000, 0x000000008d100000|  0%| F|  |TAMS 0x000000008d000000, 0x000000008d000000| Untracked 
| 209|0x000000008d100000, 0x000000008d100000, 0x000000008d200000|  0%| F|  |TAMS 0x000000008d100000, 0x000000008d100000| Untracked 
| 210|0x000000008d200000, 0x000000008d200000, 0x000000008d300000|  0%| F|  |TAMS 0x000000008d200000, 0x000000008d200000| Untracked 
| 211|0x000000008d300000, 0x000000008d300000, 0x000000008d400000|  0%| F|  |TAMS 0x000000008d300000, 0x000000008d300000| Untracked 
| 212|0x000000008d400000, 0x000000008d400000, 0x000000008d500000|  0%| F|  |TAMS 0x000000008d400000, 0x000000008d400000| Untracked 
| 213|0x000000008d500000, 0x000000008d500000, 0x000000008d600000|  0%| F|  |TAMS 0x000000008d500000, 0x000000008d500000| Untracked 
| 214|0x000000008d600000, 0x000000008d600000, 0x000000008d700000|  0%| F|  |TAMS 0x000000008d600000, 0x000000008d600000| Untracked 
| 215|0x000000008d700000, 0x000000008d700000, 0x000000008d800000|  0%| F|  |TAMS 0x000000008d700000, 0x000000008d700000| Untracked 
| 216|0x000000008d800000, 0x000000008d800000, 0x000000008d900000|  0%| F|  |TAMS 0x000000008d800000, 0x000000008d800000| Untracked 
| 217|0x000000008d900000, 0x000000008d900000, 0x000000008da00000|  0%| F|  |TAMS 0x000000008d900000, 0x000000008d900000| Untracked 
| 218|0x000000008da00000, 0x000000008da00000, 0x000000008db00000|  0%| F|  |TAMS 0x000000008da00000, 0x000000008da00000| Untracked 
| 219|0x000000008db00000, 0x000000008db00000, 0x000000008dc00000|  0%| F|  |TAMS 0x000000008db00000, 0x000000008db00000| Untracked 
| 220|0x000000008dc00000, 0x000000008dc00000, 0x000000008dd00000|  0%| F|  |TAMS 0x000000008dc00000, 0x000000008dc00000| Untracked 
| 221|0x000000008dd00000, 0x000000008dd00000, 0x000000008de00000|  0%| F|  |TAMS 0x000000008dd00000, 0x000000008dd00000| Untracked 

Card table byte_map: [0x0000021ccf950000,0x0000021ccfd50000] _byte_map_base: 0x0000021ccf550000

Marking Bits (Prev, Next): (CMBitMap*) 0x0000021cbca90458, (CMBitMap*) 0x0000021cbca90490
 Prev Bits: [0x0000021cd0150000, 0x0000021cd2150000)
 Next Bits: [0x0000021cd2150000, 0x0000021cd4150000)

Polling page: 0x0000021cba9a0000

Metaspace:

Usage:
  Non-class:    110.60 MB capacity,   108.22 MB ( 98%) used,     1.94 MB (  2%) free+waste,   447.38 KB ( <1%) overhead. 
      Class:     17.47 MB capacity,    16.01 MB ( 92%) used,     1.26 MB (  7%) free+waste,   206.38 KB (  1%) overhead. 
       Both:    128.07 MB capacity,   124.23 MB ( 97%) used,     3.20 MB (  3%) free+waste,   653.75 KB ( <1%) overhead. 

Virtual space:
  Non-class space:      112.00 MB reserved,     110.67 MB ( 99%) committed 
      Class space:        1.00 GB reserved,      17.57 MB (  2%) committed 
             Both:        1.11 GB reserved,     128.25 MB ( 11%) committed 

Chunk freelists:
   Non-Class:  8.00 KB
       Class:  0 bytes
        Both:  8.00 KB

MaxMetaspaceSize: 17179869184.00 GB
CompressedClassSpaceSize: 1.00 GB

CodeHeap 'non-profiled nmethods': size=120064Kb used=11540Kb max_used=11938Kb free=108524Kb
 bounds [0x0000021cc8010000, 0x0000021cc8bc0000, 0x0000021ccf550000]
CodeHeap 'profiled nmethods': size=120000Kb used=38532Kb max_used=39887Kb free=81467Kb
 bounds [0x0000021cc0ae0000, 0x0000021cc31e0000, 0x0000021cc8010000]
CodeHeap 'non-nmethods': size=5696Kb used=2374Kb max_used=2411Kb free=3322Kb
 bounds [0x0000021cc0550000, 0x0000021cc07c0000, 0x0000021cc0ae0000]
 total_blobs=17858 nmethods=16868 adapters=900
 compilation: enabled
              stopped_count=0, restarted_count=0
 full_count=0

Compilation events (20 events):
Event: 1187.383 Thread 0x0000021cd6677800 17875       3       java.security.Provider::getEngineName (49 bytes)
Event: 1187.384 Thread 0x0000021cd6677800 nmethod 17875 0x0000021cc0c3ec90 code [0x0000021cc0c3ef00, 0x0000021cc0c3f9f8]
Event: 1187.406 Thread 0x0000021cd6677800 17877       3       java.io.StreamTokenizer::read (38 bytes)
Event: 1187.406 Thread 0x0000021cd6677800 nmethod 17877 0x0000021cc0c4a390 code [0x0000021cc0c4a580, 0x0000021cc0c4a948]
Event: 1187.406 Thread 0x0000021cd6677800 17878   !   3       java.io.BufferedReader::read (104 bytes)
Event: 1187.407 Thread 0x0000021cd6677800 nmethod 17878 0x0000021cc0c49790 code [0x0000021cc0c499a0, 0x0000021cc0c4a018]
Event: 1187.442 Thread 0x0000021cd6677800 17879       3       sun.security.provider.ByteArrayAccess::i2bBig (204 bytes)
Event: 1187.444 Thread 0x0000021cd6677800 nmethod 17879 0x0000021cc0c48f90 code [0x0000021cc0c49180, 0x0000021cc0c495c8]
Event: 1187.444 Thread 0x0000021cd6677800 17880       3       java.security.MessageDigest::digest (10 bytes)
Event: 1187.444 Thread 0x0000021cd6677800 nmethod 17880 0x0000021cc0c48810 code [0x0000021cc0c489e0, 0x0000021cc0c48e38]
Event: 1187.444 Thread 0x0000021cd6677800 17881       3       sun.security.provider.SHA::resetHashes (41 bytes)
Event: 1187.444 Thread 0x0000021cd6677800 nmethod 17881 0x0000021cc0c34690 code [0x0000021cc0c34840, 0x0000021cc0c34a18]
Event: 1187.444 Thread 0x0000021cd6677800 17882       3       sun.security.provider.SHA::implDigest (96 bytes)
Event: 1187.445 Thread 0x0000021cd6677800 nmethod 17882 0x0000021cc0c55d10 code [0x0000021cc0c55f40, 0x0000021cc0c564c8]
Event: 1187.445 Thread 0x0000021cd6677800 17884       3       sun.security.provider.SHA::implReset (13 bytes)
Event: 1187.445 Thread 0x0000021cd6677800 nmethod 17884 0x0000021cc0c47810 code [0x0000021cc0c479e0, 0x0000021cc0c47b58]
Event: 1187.542 Thread 0x0000021cd6677800 17891 % !   3       com.sun.crypto.provider.PKCS12PBECipherCore::derive @ 233 (501 bytes)
Event: 1187.547 Thread 0x0000021cd6677800 nmethod 17891% 0x0000021cc0d35890 code [0x0000021cc0d35da0, 0x0000021cc0d390a8]
Event: 1187.548 Thread 0x0000021cd6677800 17892   !   3       com.sun.crypto.provider.PKCS12PBECipherCore::derive (501 bytes)
Event: 1187.553 Thread 0x0000021cd6677800 nmethod 17892 0x0000021cc0d75690 code [0x0000021cc0d75ba0, 0x0000021cc0d78a68]

GC Heap History (20 events):
Event: 1180.544 GC heap after
{Heap after GC invocations=80 (full 0):
 garbage-first heap   total 189440K, used 159834K [0x0000000080000000, 0x0000000100000000)
  region size 1024K, 2 young (2048K), 2 survivors (2048K)
 Metaspace       used 116723K, capacity 120062K, committed 120188K, reserved 1153024K
  class space    used 14750K, capacity 15981K, committed 16076K, reserved 1048576K
}
Event: 1180.649 GC heap before
{Heap before GC invocations=80 (full 0):
 garbage-first heap   total 189440K, used 167002K [0x0000000080000000, 0x0000000100000000)
  region size 1024K, 9 young (9216K), 2 survivors (2048K)
 Metaspace       used 116892K, capacity 120222K, committed 120444K, reserved 1153024K
  class space    used 14767K, capacity 16013K, committed 16076K, reserved 1048576K
}
Event: 1180.661 GC heap after
{Heap after GC invocations=81 (full 0):
 garbage-first heap   total 189440K, used 161880K [0x0000000080000000, 0x0000000100000000)
  region size 1024K, 2 young (2048K), 2 survivors (2048K)
 Metaspace       used 116892K, capacity 120222K, committed 120444K, reserved 1153024K
  class space    used 14767K, capacity 16013K, committed 16076K, reserved 1048576K
}
Event: 1180.802 GC heap before
{Heap before GC invocations=81 (full 0):
 garbage-first heap   total 189440K, used 168024K [0x0000000080000000, 0x0000000100000000)
  region size 1024K, 9 young (9216K), 2 survivors (2048K)
 Metaspace       used 116954K, capacity 120286K, committed 120444K, reserved 1153024K
  class space    used 14768K, capacity 16013K, committed 16076K, reserved 1048576K
}
Event: 1180.808 GC heap after
{Heap after GC invocations=82 (full 0):
 garbage-first heap   total 189440K, used 162137K [0x0000000080000000, 0x0000000100000000)
  region size 1024K, 1 young (1024K), 1 survivors (1024K)
 Metaspace       used 116954K, capacity 120286K, committed 120444K, reserved 1153024K
  class space    used 14768K, capacity 16013K, committed 16076K, reserved 1048576K
}
Event: 1181.036 GC heap before
{Heap before GC invocations=82 (full 0):
 garbage-first heap   total 189440K, used 170329K [0x0000000080000000, 0x0000000100000000)
  region size 1024K, 9 young (9216K), 1 survivors (1024K)
 Metaspace       used 117054K, capacity 120425K, committed 120700K, reserved 1155072K
  class space    used 14780K, capacity 16015K, committed 16076K, reserved 1048576K
}
Event: 1181.039 GC heap after
{Heap after GC invocations=83 (full 0):
 garbage-first heap   total 189440K, used 162124K [0x0000000080000000, 0x0000000100000000)
  region size 1024K, 1 young (1024K), 1 survivors (1024K)
 Metaspace       used 117054K, capacity 120425K, committed 120700K, reserved 1155072K
  class space    used 14780K, capacity 16015K, committed 16076K, reserved 1048576K
}
Event: 1181.533 GC heap before
{Heap before GC invocations=84 (full 0):
 garbage-first heap   total 189440K, used 160076K [0x0000000080000000, 0x0000000100000000)
  region size 1024K, 9 young (9216K), 1 survivors (1024K)
 Metaspace       used 117124K, capacity 120505K, committed 120700K, reserved 1155072K
  class space    used 14783K, capacity 16020K, committed 16076K, reserved 1048576K
}
Event: 1181.540 GC heap after
{Heap after GC invocations=85 (full 0):
 garbage-first heap   total 189440K, used 155923K [0x0000000080000000, 0x0000000100000000)
  region size 1024K, 2 young (2048K), 2 survivors (2048K)
 Metaspace       used 117124K, capacity 120505K, committed 120700K, reserved 1155072K
  class space    used 14783K, capacity 16020K, committed 16076K, reserved 1048576K
}
Event: 1182.442 GC heap before
{Heap before GC invocations=85 (full 0):
 garbage-first heap   total 189440K, used 163091K [0x0000000080000000, 0x0000000100000000)
  region size 1024K, 9 young (9216K), 2 survivors (2048K)
 Metaspace       used 117128K, capacity 120505K, committed 120700K, reserved 1155072K
  class space    used 14783K, capacity 16020K, committed 16076K, reserved 1048576K
}
Event: 1182.473 GC heap after
{Heap after GC invocations=86 (full 0):
 garbage-first heap   total 189440K, used 146201K [0x0000000080000000, 0x0000000100000000)
  region size 1024K, 2 young (2048K), 2 survivors (2048K)
 Metaspace       used 117128K, capacity 120505K, committed 120700K, reserved 1155072K
  class space    used 14783K, capacity 16020K, committed 16076K, reserved 1048576K
}
Event: 1182.612 GC heap before
{Heap before GC invocations=86 (full 0):
 garbage-first heap   total 189440K, used 156441K [0x0000000080000000, 0x0000000100000000)
  region size 1024K, 12 young (12288K), 2 survivors (2048K)
 Metaspace       used 117152K, capacity 120508K, committed 120700K, reserved 1155072K
  class space    used 14783K, capacity 16020K, committed 16076K, reserved 1048576K
}
Event: 1182.627 GC heap after
{Heap after GC invocations=87 (full 0):
 garbage-first heap   total 227328K, used 149760K [0x0000000080000000, 0x0000000100000000)
  region size 1024K, 2 young (2048K), 2 survivors (2048K)
 Metaspace       used 117152K, capacity 120508K, committed 120700K, reserved 1155072K
  class space    used 14783K, capacity 16020K, committed 16076K, reserved 1048576K
}
Event: 1183.637 GC heap before
{Heap before GC invocations=87 (full 0):
 garbage-first heap   total 227328K, used 172288K [0x0000000080000000, 0x0000000100000000)
  region size 1024K, 24 young (24576K), 2 survivors (2048K)
 Metaspace       used 117481K, capacity 120851K, committed 120956K, reserved 1155072K
  class space    used 14787K, capacity 16025K, committed 16076K, reserved 1048576K
}
Event: 1183.657 GC heap after
{Heap after GC invocations=88 (full 0):
 garbage-first heap   total 227328K, used 153583K [0x0000000080000000, 0x0000000100000000)
  region size 1024K, 3 young (3072K), 3 survivors (3072K)
 Metaspace       used 117481K, capacity 120851K, committed 120956K, reserved 1155072K
  class space    used 14787K, capacity 16025K, committed 16076K, reserved 1048576K
}
Event: 1184.789 GC heap before
{Heap before GC invocations=88 (full 0):
 garbage-first heap   total 227328K, used 176111K [0x0000000080000000, 0x0000000100000000)
  region size 1024K, 26 young (26624K), 3 survivors (3072K)
 Metaspace       used 118202K, capacity 121504K, committed 121852K, reserved 1155072K
  class space    used 14865K, capacity 16085K, committed 16204K, reserved 1048576K
}
Event: 1184.808 GC heap after
{Heap after GC invocations=89 (full 0):
 garbage-first heap   total 227328K, used 155717K [0x0000000080000000, 0x0000000100000000)
  region size 1024K, 2 young (2048K), 2 survivors (2048K)
 Metaspace       used 118202K, capacity 121504K, committed 121852K, reserved 1155072K
  class space    used 14865K, capacity 16085K, committed 16204K, reserved 1048576K
}
Event: 1185.789 GC heap before
{Heap before GC invocations=89 (full 0):
 garbage-first heap   total 227328K, used 178245K [0x0000000080000000, 0x0000000100000000)
  region size 1024K, 25 young (25600K), 2 survivors (2048K)
 Metaspace       used 123500K, capacity 127127K, committed 127484K, reserved 1159168K
  class space    used 15733K, capacity 17096K, committed 17228K, reserved 1048576K
}
Event: 1185.798 GC heap after
{Heap after GC invocations=90 (full 0):
 garbage-first heap   total 227328K, used 157009K [0x0000000080000000, 0x0000000100000000)
  region size 1024K, 4 young (4096K), 4 survivors (4096K)
 Metaspace       used 123500K, capacity 127127K, committed 127484K, reserved 1159168K
  class space    used 15733K, capacity 17096K, committed 17228K, reserved 1048576K
}
Event: 1187.617 GC heap before
{Heap before GC invocations=90 (full 0):
 garbage-first heap   total 227328K, used 180561K [0x0000000080000000, 0x0000000100000000)
  region size 1024K, 28 young (28672K), 4 survivors (4096K)
 Metaspace       used 127209K, capacity 131144K, committed 131324K, reserved 1163264K
  class space    used 16390K, capacity 17888K, committed 17996K, reserved 1048576K
}

Deoptimization events (20 events):
Event: 1187.390 Thread 0x0000021cd9360000 DEOPT PACKING pc=0x0000021cc87dbadc sp=0x00000072a32fb020
Event: 1187.390 Thread 0x0000021cd9360000 DEOPT UNPACKING pc=0x0000021cc057662f sp=0x00000072a32fb008 mode 2
Event: 1187.397 Thread 0x0000021cd9360000 Uncommon trap: trap_request=0xffffffde fr.pc=0x0000021cc80fbd9c relative=0x000000000000151c
Event: 1187.397 Thread 0x0000021cd9360000 Uncommon trap: reason=class_check action=maybe_recompile pc=0x0000021cc80fbd9c method=sun.nio.fs.WindowsDirectoryStream$WindowsDirectoryIterator.acceptEntry(Ljava/lang/String;Ljava/nio/file/attribute/BasicFileAttributes;)Ljava/nio/file/Path; @ 44 c2
Event: 1187.397 Thread 0x0000021cd9360000 DEOPT PACKING pc=0x0000021cc80fbd9c sp=0x00000072a32fafa0
Event: 1187.397 Thread 0x0000021cd9360000 DEOPT UNPACKING pc=0x0000021cc057662f sp=0x00000072a32faef8 mode 2
Event: 1187.405 Thread 0x0000021cd9360000 Uncommon trap: trap_request=0xffffffde fr.pc=0x0000021cc80fbd9c relative=0x000000000000151c
Event: 1187.405 Thread 0x0000021cd9360000 Uncommon trap: reason=class_check action=maybe_recompile pc=0x0000021cc80fbd9c method=sun.nio.fs.WindowsDirectoryStream$WindowsDirectoryIterator.acceptEntry(Ljava/lang/String;Ljava/nio/file/attribute/BasicFileAttributes;)Ljava/nio/file/Path; @ 44 c2
Event: 1187.405 Thread 0x0000021cd9360000 DEOPT PACKING pc=0x0000021cc80fbd9c sp=0x00000072a32fafa0
Event: 1187.405 Thread 0x0000021cd9360000 DEOPT UNPACKING pc=0x0000021cc057662f sp=0x00000072a32faef8 mode 2
Event: 1187.406 Thread 0x0000021cd9360000 Uncommon trap: trap_request=0xffffff4d fr.pc=0x0000021cc845c150 relative=0x0000000000005650
Event: 1187.408 Thread 0x0000021cd9360000 Uncommon trap: reason=unstable_if action=reinterpret pc=0x0000021cc845c150 method=java.net.URL.toLowerCase(Ljava/lang/String;)Ljava/lang/String; @ 24 c2
Event: 1187.408 Thread 0x0000021cd9360000 DEOPT PACKING pc=0x0000021cc845c150 sp=0x00000072a32fc900
Event: 1187.408 Thread 0x0000021cd9360000 DEOPT UNPACKING pc=0x0000021cc057662f sp=0x00000072a32fc860 mode 2
Event: 1187.416 Thread 0x0000021cd9360000 DEOPT PACKING pc=0x0000021cc0ba6e64 sp=0x00000072a32fc840
Event: 1187.416 Thread 0x0000021cd9360000 DEOPT UNPACKING pc=0x0000021cc0576dde sp=0x00000072a32fbd10 mode 0
Event: 1187.420 Thread 0x0000021cd9360000 Uncommon trap: trap_request=0xffffff4d fr.pc=0x0000021cc825d48c relative=0x00000000000009cc
Event: 1187.420 Thread 0x0000021cd9360000 Uncommon trap: reason=unstable_if action=reinterpret pc=0x0000021cc825d48c method=sun.net.util.IPAddressUtil.scan(Ljava/lang/String;JJ[C)I @ 14 c2
Event: 1187.420 Thread 0x0000021cd9360000 DEOPT PACKING pc=0x0000021cc825d48c sp=0x00000072a32fc4c0
Event: 1187.420 Thread 0x0000021cd9360000 DEOPT UNPACKING pc=0x0000021cc057662f sp=0x00000072a32fc340 mode 2

Classes redefined (0 events):
No events

Internal exceptions (20 events):
Event: 1185.140 Thread 0x0000021cd73a9000 Exception <a 'java/lang/IncompatibleClassChangeError'{0x000000008d6b1058}: Found class java.lang.Object, but interface was expected> (0x000000008d6b1058) thrown at [./src/hotspot/share/interpreter/linkResolver.cpp, line 839]
Event: 1185.478 Thread 0x0000021cd9360000 Exception <a 'java/lang/NoSuchMethodError'{0x000000008cef3ee0}: 'java.lang.Object java.lang.invoke.DirectMethodHandle$Holder.invokeVirtual(java.lang.Object, java.lang.Object, int, java.lang.Object)'> (0x000000008cef3ee0) thrown at [./src/hotspot/share/interpreter/linkResolver.cpp, line 773]
Event: 1185.478 Thread 0x0000021cd73a9000 Exception <a 'java/lang/NoSuchMethodError'{0x000000008cef78b0}: 'java.lang.Object java.lang.invoke.DirectMethodHandle$Holder.invokeVirtual(java.lang.Object, java.lang.Object, int, java.lang.Object)'> (0x000000008cef78b0) thrown at [./src/hotspot/share/interpreter/linkResolver.cpp, line 773]
Event: 1185.485 Thread 0x0000021cd9360000 Exception <a 'java/lang/IncompatibleClassChangeError'{0x000000008cd24840}: Found class java.lang.Object, but interface was expected> (0x000000008cd24840) thrown at [./src/hotspot/share/interpreter/linkResolver.cpp, line 839]
Event: 1185.487 Thread 0x0000021cd9360000 Exception <a 'java/lang/IncompatibleClassChangeError'{0x000000008cd2e498}: Found class java.lang.Object, but interface was expected> (0x000000008cd2e498) thrown at [./src/hotspot/share/interpreter/linkResolver.cpp, line 839]
Event: 1185.538 Thread 0x0000021cd73a9000 Exception <a 'java/lang/NoSuchMethodError'{0x000000008cc033c0}: 'void java.lang.invoke.DirectMethodHandle$Holder.invokeVirtual(java.lang.Object, java.lang.Object, int, java.lang.Object)'> (0x000000008cc033c0) thrown at [./src/hotspot/share/interpreter/linkResolver.cpp, line 773]
Event: 1185.674 Thread 0x0000021cd73a9000 Exception <a 'java/lang/NoSuchMethodError'{0x000000008caf94b8}: 'java.lang.Object java.lang.invoke.DirectMethodHandle$Holder.newInvokeSpecial(java.lang.Object, int)'> (0x000000008caf94b8) thrown at [./src/hotspot/share/interpreter/linkResolver.cpp, line 773]
Event: 1185.674 Thread 0x0000021cd9360000 Exception <a 'java/lang/NoSuchMethodError'{0x000000008caf86a0}: 'java.lang.Object java.lang.invoke.DirectMethodHandle$Holder.newInvokeSpecial(java.lang.Object, int)'> (0x000000008caf86a0) thrown at [./src/hotspot/share/interpreter/linkResolver.cpp, line 773]
Event: 1185.820 Thread 0x0000021cd73a9000 Exception <a 'java/lang/NoSuchMethodError'{0x000000008ddb92d8}: 'java.lang.Object java.lang.invoke.Invokers$Holder.linkToTargetMethod(java.lang.Object, int, java.lang.Object, java.lang.Object, java.lang.Object, java.lang.Object)'> (0x000000008ddb92d8) thrown at [./src/hotspot/share/interpreter/linkResolver.cpp, line 773]
Event: 1185.822 Thread 0x0000021cd73a9000 Exception <a 'java/lang/NoSuchMethodError'{0x000000008ddc5978}: 'java.lang.Object java.lang.invoke.DirectMethodHandle$Holder.invokeStatic(java.lang.Object, java.lang.Object, java.lang.Object, java.lang.Object, int, java.lang.Object, java.lang.Object)'> (0x000000008ddc5978) thrown at [./src/hotspot/share/interpreter/linkResolver.cpp, line 773]
Event: 1185.823 Thread 0x0000021cd73a9000 Exception <a 'java/lang/NoSuchMethodError'{0x000000008ddccf20}: 'java.lang.Object java.lang.invoke.Invokers$Holder.linkToTargetMethod(java.lang.Object, java.lang.Object, java.lang.Object, int, java.lang.Object, java.lang.Object, java.lang.Object)'> (0x000000008ddccf20) thrown at [./src/hotspot/share/interpreter/linkResolver.cpp, line 773]
Event: 1185.827 Thread 0x0000021cd73a9000 Exception <a 'java/lang/NoSuchMethodError'{0x000000008ddf9398}: 'void java.lang.invoke.DirectMethodHandle$Holder.invokeStatic(java.lang.Object, java.lang.Object, java.lang.Object, java.lang.Object, java.lang.Object, java.lang.Object, java.lang.Object, java.lang.Object)'> (0x000000008ddf9398) thrown at [./src/hotspot/share/interpreter/linkResolver.cpp, line 773]
Event: 1185.909 Thread 0x0000021cd73a9000 Exception <a 'java/lang/IncompatibleClassChangeError'{0x000000008dbbd3c0}: Found class java.lang.Object, but interface was expected> (0x000000008dbbd3c0) thrown at [./src/hotspot/share/interpreter/linkResolver.cpp, line 839]
Event: 1185.982 Thread 0x0000021cd9360000 Exception <a 'java/lang/NoSuchMethodError'{0x000000008d999c68}: 'void java.lang.invoke.DirectMethodHandle$Holder.invokeVirtual(java.lang.Object, java.lang.Object, int)'> (0x000000008d999c68) thrown at [./src/hotspot/share/interpreter/linkResolver.cpp, line 773]
Event: 1185.983 Thread 0x0000021cd73a9000 Exception <a 'java/lang/NoSuchMethodError'{0x000000008d96c440}: 'void java.lang.invoke.DirectMethodHandle$Holder.invokeVirtual(java.lang.Object, java.lang.Object, int)'> (0x000000008d96c440) thrown at [./src/hotspot/share/interpreter/linkResolver.cpp, line 773]
Event: 1186.031 Thread 0x0000021cd73a9000 Exception <a 'sun/nio/fs/WindowsException'{0x000000008d85fa00}> (0x000000008d85fa00) thrown at [./src/hotspot/share/prims/jni.cpp, line 615]
Event: 1186.051 Thread 0x0000021cd9360000 Exception <a 'sun/nio/fs/WindowsException'{0x000000008d841398}> (0x000000008d841398) thrown at [./src/hotspot/share/prims/jni.cpp, line 615]
Event: 1186.331 Thread 0x0000021cd8736800 Exception <a 'sun/nio/fs/WindowsException'{0x000000008d43c118}> (0x000000008d43c118) thrown at [./src/hotspot/share/prims/jni.cpp, line 615]
Event: 1186.785 Thread 0x0000021cd8736800 Exception <a 'sun/nio/fs/WindowsException'{0x000000008cffd4b8}> (0x000000008cffd4b8) thrown at [./src/hotspot/share/prims/jni.cpp, line 615]
Event: 1187.392 Thread 0x0000021cd9360000 Exception <a 'sun/nio/fs/WindowsException'{0x000000008c93a340}> (0x000000008c93a340) thrown at [./src/hotspot/share/prims/jni.cpp, line 615]

Events (20 events):
Event: 1187.435 loading class com/sun/crypto/provider/SymmetricCipher
Event: 1187.435 loading class com/sun/crypto/provider/SymmetricCipher done
Event: 1187.435 loading class com/sun/crypto/provider/RC2Crypt done
Event: 1187.437 loading class com/sun/crypto/provider/CipherCore
Event: 1187.439 loading class com/sun/crypto/provider/CipherCore done
Event: 1187.440 loading class com/sun/crypto/provider/ElectronicCodeBook
Event: 1187.440 loading class com/sun/crypto/provider/FeedbackCipher
Event: 1187.441 loading class com/sun/crypto/provider/FeedbackCipher done
Event: 1187.441 loading class com/sun/crypto/provider/ElectronicCodeBook done
Event: 1187.441 loading class com/sun/crypto/provider/PKCS5Padding
Event: 1187.441 loading class com/sun/crypto/provider/Padding
Event: 1187.441 loading class com/sun/crypto/provider/Padding done
Event: 1187.441 loading class com/sun/crypto/provider/PKCS5Padding done
Event: 1187.441 loading class com/sun/crypto/provider/CipherBlockChaining
Event: 1187.442 loading class com/sun/crypto/provider/CipherBlockChaining done
Event: 1187.442 loading class javax/crypto/interfaces/PBEKey
Event: 1187.442 loading class javax/crypto/interfaces/PBEKey done
Event: 1187.529 loading class javax/crypto/spec/SecretKeySpec
Event: 1187.530 loading class javax/crypto/spec/SecretKeySpec done
Event: 1187.617 Executing VM operation: G1CollectForAllocation


Dynamic libraries:
0x00007ff6bda60000 - 0x00007ff6bda6a000 	C:\Program Files\Android\Android Studio\jre\bin\java.exe
0x00007ffa65d30000 - 0x00007ffa65f25000 	C:\WINDOWS\SYSTEM32\ntdll.dll
0x00007ffa659c0000 - 0x00007ffa65a7d000 	C:\WINDOWS\System32\KERNEL32.DLL
0x00007ffa636e0000 - 0x00007ffa639ad000 	C:\WINDOWS\System32\KERNELBASE.dll
0x00007ffa63a80000 - 0x00007ffa63b80000 	C:\WINDOWS\System32\ucrtbase.dll
0x00007ffa26920000 - 0x00007ffa26939000 	C:\Program Files\Android\Android Studio\jre\bin\jli.dll
0x00007ffa27960000 - 0x00007ffa27977000 	C:\Program Files\Android\Android Studio\jre\bin\VCRUNTIME140.dll
0x00007ffa641c0000 - 0x00007ffa64360000 	C:\WINDOWS\System32\USER32.dll
0x00007ffa63bf0000 - 0x00007ffa63c12000 	C:\WINDOWS\System32\win32u.dll
0x00007ffa64430000 - 0x00007ffa6445a000 	C:\WINDOWS\System32\GDI32.dll
0x00007ffa3ce70000 - 0x00007ffa3d10a000 	C:\WINDOWS\WinSxS\amd64_microsoft.windows.common-controls_6595b64144ccf1df_6.0.19041.1110_none_60b5254171f9507e\COMCTL32.dll
0x00007ffa634d0000 - 0x00007ffa635db000 	C:\WINDOWS\System32\gdi32full.dll
0x00007ffa65b00000 - 0x00007ffa65b9e000 	C:\WINDOWS\System32\msvcrt.dll
0x00007ffa639e0000 - 0x00007ffa63a7d000 	C:\WINDOWS\System32\msvcp_win.dll
0x00007ffa640f0000 - 0x00007ffa64120000 	C:\WINDOWS\System32\IMM32.DLL
0x00007ffa05c90000 - 0x00007ffa05d2d000 	C:\Program Files\Android\Android Studio\jre\bin\msvcp140.dll
0x00007ff9e4f30000 - 0x00007ff9e5a05000 	C:\Program Files\Android\Android Studio\jre\bin\server\jvm.dll
0x00007ffa64f10000 - 0x00007ffa64fbe000 	C:\WINDOWS\System32\ADVAPI32.dll
0x00007ffa64e70000 - 0x00007ffa64f0c000 	C:\WINDOWS\System32\sechost.dll
0x00007ffa65ba0000 - 0x00007ffa65cc5000 	C:\WINDOWS\System32\RPCRT4.dll
0x00007ffa641b0000 - 0x00007ffa641b8000 	C:\WINDOWS\System32\PSAPI.DLL
0x00007ffa309c0000 - 0x00007ffa309c9000 	C:\WINDOWS\SYSTEM32\WSOCK32.dll
0x00007ffa643c0000 - 0x00007ffa6442b000 	C:\WINDOWS\System32\WS2_32.dll
0x00007ffa52200000 - 0x00007ffa52227000 	C:\WINDOWS\SYSTEM32\WINMM.dll
0x00007ffa59dc0000 - 0x00007ffa59dca000 	C:\WINDOWS\SYSTEM32\VERSION.dll
0x00007ffa61340000 - 0x00007ffa61352000 	C:\WINDOWS\SYSTEM32\kernel.appcore.dll
0x00007ffa21680000 - 0x00007ffa21691000 	C:\Program Files\Android\Android Studio\jre\bin\verify.dll
0x00007ffa50cc0000 - 0x00007ffa50ea4000 	C:\WINDOWS\SYSTEM32\DBGHELP.DLL
0x00007ffa50280000 - 0x00007ffa502ac000 	C:\WINDOWS\SYSTEM32\dbgcore.DLL
0x00007ffa63440000 - 0x00007ffa634c2000 	C:\WINDOWS\System32\bcryptPrimitives.dll
0x00007ffa1ead0000 - 0x00007ffa1eaf9000 	C:\Program Files\Android\Android Studio\jre\bin\java.dll
0x00007ffa29d80000 - 0x00007ffa29d8b000 	C:\Program Files\Android\Android Studio\jre\bin\jimage.dll
0x00007ffa1aff0000 - 0x00007ffa1b008000 	C:\Program Files\Android\Android Studio\jre\bin\zip.dll
0x00007ffa64470000 - 0x00007ffa64bb4000 	C:\WINDOWS\System32\SHELL32.dll
0x00007ffa61540000 - 0x00007ffa61cd4000 	C:\WINDOWS\SYSTEM32\windows.storage.dll
0x00007ffa651e0000 - 0x00007ffa65534000 	C:\WINDOWS\System32\combase.dll
0x00007ffa62dd0000 - 0x00007ffa62dfc000 	C:\WINDOWS\SYSTEM32\Wldp.dll
0x00007ffa64bc0000 - 0x00007ffa64c6d000 	C:\WINDOWS\System32\SHCORE.dll
0x00007ffa64360000 - 0x00007ffa643b5000 	C:\WINDOWS\System32\shlwapi.dll
0x00007ffa63380000 - 0x00007ffa6339f000 	C:\WINDOWS\SYSTEM32\profapi.dll
0x00007ffa086d0000 - 0x00007ffa086ea000 	C:\Program Files\Android\Android Studio\jre\bin\net.dll
0x00007ffa58950000 - 0x00007ffa58a5a000 	C:\WINDOWS\SYSTEM32\WINHTTP.dll
0x00007ffa62b30000 - 0x00007ffa62b9a000 	C:\WINDOWS\system32\mswsock.dll
0x00007ffa086b0000 - 0x00007ffa086c4000 	C:\Program Files\Android\Android Studio\jre\bin\nio.dll
0x00007ffa57b80000 - 0x00007ffa57ba7000 	C:\Users\Sajda\.gradle\native\e1d6ef7f7dcc3fd88c89a11ec53ec762bb8ba0a96d01ffa2cd45eb1d1d8dd5c5\windows-amd64\native-platform.dll
0x00007ffa1b940000 - 0x00007ffa1ba84000 	C:\Users\Sajda\.gradle\native\5664cfc778a61ccfe75a443a1ab52a65af34e5dc3c78e0209fed803814484fcb\windows-amd64\native-platform-file-events.dll
0x00007ffa26910000 - 0x00007ffa2691a000 	C:\Program Files\Android\Android Studio\jre\bin\management.dll
0x00007ffa238f0000 - 0x00007ffa238fd000 	C:\Program Files\Android\Android Studio\jre\bin\management_ext.dll
0x00007ffa62d20000 - 0x00007ffa62d38000 	C:\WINDOWS\SYSTEM32\CRYPTSP.dll
0x00007ffa624b0000 - 0x00007ffa624e4000 	C:\WINDOWS\system32\rsaenh.dll
0x00007ffa639b0000 - 0x00007ffa639d7000 	C:\WINDOWS\System32\bcrypt.dll
0x00007ffa63300000 - 0x00007ffa6332e000 	C:\WINDOWS\SYSTEM32\USERENV.dll
0x00007ffa62d40000 - 0x00007ffa62d4c000 	C:\WINDOWS\SYSTEM32\CRYPTBASE.dll
0x00007ffa62820000 - 0x00007ffa6285b000 	C:\WINDOWS\SYSTEM32\IPHLPAPI.DLL
0x00007ffa651d0000 - 0x00007ffa651d8000 	C:\WINDOWS\System32\NSI.dll
0x00007ffa5ba90000 - 0x00007ffa5baa7000 	C:\WINDOWS\SYSTEM32\dhcpcsvc6.DLL
0x00007ffa5a2b0000 - 0x00007ffa5a2cd000 	C:\WINDOWS\SYSTEM32\dhcpcsvc.DLL
0x00007ffa62860000 - 0x00007ffa6292b000 	C:\WINDOWS\SYSTEM32\DNSAPI.dll
0x00007ffa62140000 - 0x00007ffa62173000 	C:\WINDOWS\SYSTEM32\ntmarta.dll
0x00007ffa24e10000 - 0x00007ffa24e37000 	C:\Program Files\Android\Android Studio\jre\bin\sunec.dll

dbghelp: loaded successfully - version: 4.0.5 - missing functions: none
symbol engine: initialized successfully - sym options: 0x614 - pdb path: .;C:\Program Files\Android\Android Studio\jre\bin;C:\WINDOWS\SYSTEM32;C:\WINDOWS\WinSxS\amd64_microsoft.windows.common-controls_6595b64144ccf1df_6.0.19041.1110_none_60b5254171f9507e;C:\Program Files\Android\Android Studio\jre\bin\server;C:\Users\Sajda\.gradle\native\e1d6ef7f7dcc3fd88c89a11ec53ec762bb8ba0a96d01ffa2cd45eb1d1d8dd5c5\windows-amd64;C:\Users\Sajda\.gradle\native\5664cfc778a61ccfe75a443a1ab52a65af34e5dc3c78e0209fed803814484fcb\windows-amd64

VM Arguments:
jvm_args: --add-opens=java.base/java.util=ALL-UNNAMED --add-opens=java.base/java.lang=ALL-UNNAMED --add-opens=java.base/java.lang.invoke=ALL-UNNAMED --add-opens=java.base/java.util=ALL-UNNAMED --add-opens=java.prefs/java.util.prefs=ALL-UNNAMED --add-opens=java.prefs/java.util.prefs=ALL-UNNAMED --add-opens=java.base/java.nio.charset=ALL-UNNAMED --add-opens=java.base/java.net=ALL-UNNAMED --add-opens=java.base/java.util.concurrent.atomic=ALL-UNNAMED -Xmx2048m -Dfile.encoding=UTF-8 -Duser.country=US -Duser.language=en -Duser.variant 
java_command: org.gradle.launcher.daemon.bootstrap.GradleDaemon 7.2
java_class_path (initial): C:\Users\Sajda\.gradle\wrapper\dists\gradle-7.2-bin\2dnblmf4td7x66yl1d74lt32g\gradle-7.2\lib\gradle-launcher-7.2.jar
Launcher Type: SUN_STANDARD

[Global flags]
     intx CICompilerCount                          = 3                                         {product} {ergonomic}
     uint ConcGCThreads                            = 1                                         {product} {ergonomic}
     uint G1ConcRefinementThreads                  = 4                                         {product} {ergonomic}
   size_t G1HeapRegionSize                         = 1048576                                   {product} {ergonomic}
    uintx GCDrainStackTargetSize                   = 64                                        {product} {ergonomic}
   size_t InitialHeapSize                          = 134217728                                 {product} {ergonomic}
   size_t MarkStackSize                            = 4194304                                   {product} {ergonomic}
   size_t MaxHeapSize                              = 2147483648                                {product} {command line}
   size_t MaxNewSize                               = 1287651328                                {product} {ergonomic}
   size_t MinHeapDeltaBytes                        = 1048576                                   {product} {ergonomic}
    uintx NonNMethodCodeHeapSize                   = 5830732                                {pd product} {ergonomic}
    uintx NonProfiledCodeHeapSize                  = 122913754                              {pd product} {ergonomic}
    uintx ProfiledCodeHeapSize                     = 122913754                              {pd product} {ergonomic}
    uintx ReservedCodeCacheSize                    = 251658240                              {pd product} {ergonomic}
     bool SegmentedCodeCache                       = true                                      {product} {ergonomic}
     bool UseCompressedClassPointers               = true                                 {lp64_product} {ergonomic}
     bool UseCompressedOops                        = true                                 {lp64_product} {ergonomic}
     bool UseG1GC                                  = true                                      {product} {ergonomic}
     bool UseLargePagesIndividualAllocation        = false                                  {pd product} {ergonomic}

Logging:
Log output configuration:
 #0: stdout all=warning uptime,level,tags
 #1: stderr all=off uptime,level,tags

Environment Variables:
PATH=C:\Program Files\python\Scripts\;C:\Program Files\python\;C:\ActiveTcl\bin;C:\Program Files (x86)\Common Files\Oracle\Java\javapath;C:\Program Files (x86)\Intel\iCLS Client\;C:\Program Files\Intel\iCLS Client\;C:\WINDOWS\system32;C:\WINDOWS;C:\WINDOWS\System32\Wbem;C:\WINDOWS\System32\WindowsPowerShell\v1.0\;C:\Program Files (x86)\Intel\Intel(R) Management Engine Components\DAL;C:\Program Files\Intel\Intel(R) Management Engine Components\DAL;C:\Program Files (x86)\Intel\Intel(R) Management Engine Components\IPT;C:\Program Files\Intel\Intel(R) Management Engine Components\IPT;C:\WINDOWS\System32\OpenSSH\;C:\Program Files\Intel\WiFi\bin\;C:\Program Files\Common Files\Intel\WirelessCommon\;C:\Program Files (x86)\Microsoft SQL Server\150\DTS\Binn\;C:\Program Files\dotnet\;C:\Program Files\Microsoft SQL Server\130\Tools\Binn\;C:\Program Files\Microsoft SQL Server\Client SDK\ODBC\110\Tools\Binn\;C:\Program Files (x86)\Microsoft SQL Server\120\Tools\Binn\;C:\Program Files\Microsoft SQL Server\120\Tools\Binn\;C:\Program Files\Microsoft SQL Server\120\DTS\Binn\;C:\Program Files (x86)\Microsoft SQL Server\120\Tools\Binn\ManagementStudio\;C:\Program Files (x86)\Microsoft SQL Server\120\DTS\Binn\;C:\Program Files\Microsoft SQL Server\Client SDK\ODBC\170\Tools\Binn\;C:\Program Files (x86)\Microsoft SQL Server\150\Tools\Binn\;C:\Program Files\Microsoft SQL Server\150\Tools\Binn\;C:\Program Files\Microsoft SQL Server\150\DTS\Binn\;C:\Apache24\bin;C:\xampp\php;C:\ProgramData\chocolatey\bin;C:\Program Files\nodejs\;C:\Program Files\Git\cmd;C:\composer;C:\Users\Sajda\AppData\Local\Programs\Python\Python38-32\Scripts\;C:\Users\Sajda\AppData\Local\Programs\Python\Python38-32\;C:\Users\Sajda\AppData\Local\Microsoft\WindowsApps;C:\Users\Sajda\AppData\Local\Programs\Microsoft VS Code\bin;C:\Users\Sajda\AppData\Local\atom\bin;C:\Users\Sajda\.dotnet\tools;C:\Windows\Microsoft.NET\Framework64\v4.0.30319;C:\Users\Sajda\AppData\Local\Microsoft\WindowsApps;C:\Users\Sajda\AppData\Roaming\Compo
USERNAME=Sajda
OS=Windows_NT
PROCESSOR_IDENTIFIER=Intel64 Family 6 Model 78 Stepping 3, GenuineIntel



---------------  S Y S T E M  ---------------

OS: Windows 10 , 64 bit Build 19041 (10.0.19041.1706)
OS uptime: 0 days 4:53 hours

CPU:total 4 (initial active 4) (2 cores per cpu, 2 threads per core) family 6 model 78 stepping 3 microcode 0xcc, cmov, cx8, fxsr, mmx, sse, sse2, sse3, ssse3, sse4.1, sse4.2, popcnt, avx, avx2, aes, clmul, erms, 3dnowpref, lzcnt, ht, tsc, tscinvbit, bmi1, bmi2, adx, fma

Memory: 4k page, system-wide physical 8069M (581M free)
TotalPageFile size 16058M (AvailPageFile size 39M)
current process WorkingSet (physical memory assigned to process): 462M, peak: 463M
current process commit charge ("private bytes"): 606M, peak: 648M

vm_info: OpenJDK 64-Bit Server VM (11.0.11+9-b60-7590822) for windows-amd64 JRE (11.0.11+9-b60-7590822), built on Jul 29 2021 21:43:44 by "builder" with MS VC++ 14.0 (VS2015)

END.
