#
# There is insufficient memory for the Java Runtime Environment to continue.
# Native memory allocation (malloc) failed to allocate 1862256 bytes for Chunk::new
# Possible reasons:
#   The system is out of physical RAM or swap space
#   The process is running with CompressedOops enabled, and the Java Heap may be blocking the growth of the native heap
# Possible solutions:
#   Reduce memory load on the system
#   Increase physical memory or swap space
#   Check if swap backing store is full
#   Decrease Java heap size (-Xmx/-Xms)
#   Decrease number of Java threads
#   Decrease Java thread stack sizes (-Xss)
#   Set larger code cache with -XX:ReservedCodeCacheSize=
#   JVM is running with Unscaled Compressed Oops mode in which the Java heap is
#     placed in the first 4GB address space. The Java Heap base address is the
#     maximum limit for the native heap growth. Please use -XX:HeapBaseMinAddress
#     to set the Java Heap base and to place the Java Heap above 4GB virtual address.
# This output file may be truncated or incomplete.
#
#  Out of Memory Error (./src/hotspot/share/memory/arena.cpp:197), pid=1340, tid=19324
#
# JRE version: OpenJDK Runtime Environment (11.0.11+9) (build 11.0.11+9-b60-7590822)
# Java VM: OpenJDK 64-Bit Server VM (11.0.11+9-b60-7590822, mixed mode, tiered, compressed oops, g1 gc, windows-amd64)
# No core dump will be written. Minidumps are not enabled by default on client versions of Windows
#

---------------  S U M M A R Y ------------

Command Line: --add-opens=java.base/java.util=ALL-UNNAMED --add-opens=java.base/java.lang=ALL-UNNAMED --add-opens=java.base/java.lang.invoke=ALL-UNNAMED --add-opens=java.base/java.util=ALL-UNNAMED --add-opens=java.prefs/java.util.prefs=ALL-UNNAMED --add-opens=java.prefs/java.util.prefs=ALL-UNNAMED --add-opens=java.base/java.nio.charset=ALL-UNNAMED --add-opens=java.base/java.net=ALL-UNNAMED --add-opens=java.base/java.util.concurrent.atomic=ALL-UNNAMED -Xmx2048m -Dfile.encoding=UTF-8 -Duser.country=US -Duser.language=en -Duser.variant org.gradle.launcher.daemon.bootstrap.GradleDaemon 7.2

Host: Intel(R) Core(TM) i5-6200U CPU @ 2.30GHz, 4 cores, 7G,  Windows 10 , 64 bit Build 19041 (10.0.19041.1706)
Time: Wed May 18 22:41:02 2022 Turkey Standard Time elapsed time: 5181.132005 seconds (0d 1h 26m 21s)

---------------  T H R E A D  ---------------

Current thread (0x0000021aeeb8b000):  JavaThread "C2 CompilerThread0" daemon [_thread_in_native, id=19324, stack(0x0000005cb1a00000,0x0000005cb1b00000)]


Current CompileTask:
C2:5181132 27989       4       groovy.lang.MetaClassImpl$1MOPIter::methodNameAction (325 bytes)

Stack: [0x0000005cb1a00000,0x0000005cb1b00000]
Native frames: (J=compiled Java code, j=interpreted, Vv=VM code, C=native code)
V  [jvm.dll+0x5f214a]
V  [jvm.dll+0x726fb5]
V  [jvm.dll+0x7285cd]
V  [jvm.dll+0x728c83]
V  [jvm.dll+0x243278]
V  [jvm.dll+0xbc53c]
V  [jvm.dll+0xbca3c]
V  [jvm.dll+0x353e7d]
V  [jvm.dll+0x321893]
V  [jvm.dll+0x320d8a]
V  [jvm.dll+0x1fc1e2]
V  [jvm.dll+0x1fb3d4]
V  [jvm.dll+0x183d6c]
V  [jvm.dll+0x209a57]
V  [jvm.dll+0x2082a1]
V  [jvm.dll+0x6ef58f]
V  [jvm.dll+0x6e80b5]
V  [jvm.dll+0x5f1036]
C  [ucrtbase.dll+0x21bb2]
C  [KERNEL32.DLL+0x17034]
C  [ntdll.dll+0x52651]


---------------  P R O C E S S  ---------------

Threads class SMR info:
_java_thread_list=0x0000021af15bfc40, length=40, elements={
0x0000021ad4f80800, 0x0000021aeeb64000, 0x0000021aeeb67800, 0x0000021aeeb7f800,
0x0000021aeeb80800, 0x0000021aeeb82800, 0x0000021aeeb8b000, 0x0000021aeeb8c000,
0x0000021aeeb95800, 0x0000021aef644000, 0x0000021af1f6f000, 0x0000021aef85e000,
0x0000021af1a25000, 0x0000021af16d4000, 0x0000021af16d5000, 0x0000021af16d0000,
0x0000021af16cf000, 0x0000021af16d1800, 0x0000021af4ce6000, 0x0000021af4ce3800,
0x0000021af4ce5000, 0x0000021af4ce2000, 0x0000021af4ce7800, 0x0000021af4552800,
0x0000021af4551000, 0x0000021af54d9000, 0x0000021af20a0800, 0x0000021af209b800,
0x0000021af209e800, 0x0000021af209f800, 0x0000021af209a800, 0x0000021af209d000,
0x0000021af20a2000, 0x0000021af209e000, 0x0000021af20a1000, 0x0000021af209c800,
0x0000021af20a7000, 0x0000021af20a3000, 0x0000021af20a9800, 0x0000021af20a4800
}

Java Threads: ( => current thread )
  0x0000021ad4f80800 JavaThread "main" [_thread_blocked, id=224, stack(0x0000005cb0e00000,0x0000005cb0f00000)]
  0x0000021aeeb64000 JavaThread "Reference Handler" daemon [_thread_blocked, id=5056, stack(0x0000005cb1500000,0x0000005cb1600000)]
  0x0000021aeeb67800 JavaThread "Finalizer" daemon [_thread_blocked, id=14724, stack(0x0000005cb1600000,0x0000005cb1700000)]
  0x0000021aeeb7f800 JavaThread "Signal Dispatcher" daemon [_thread_blocked, id=19036, stack(0x0000005cb1700000,0x0000005cb1800000)]
  0x0000021aeeb80800 JavaThread "Attach Listener" daemon [_thread_blocked, id=6808, stack(0x0000005cb1800000,0x0000005cb1900000)]
  0x0000021aeeb82800 JavaThread "Service Thread" daemon [_thread_blocked, id=14252, stack(0x0000005cb1900000,0x0000005cb1a00000)]
=>0x0000021aeeb8b000 JavaThread "C2 CompilerThread0" daemon [_thread_in_native, id=19324, stack(0x0000005cb1a00000,0x0000005cb1b00000)]
  0x0000021aeeb8c000 JavaThread "C1 CompilerThread0" daemon [_thread_blocked, id=16948, stack(0x0000005cb1b00000,0x0000005cb1c00000)]
  0x0000021aeeb95800 JavaThread "Sweeper thread" daemon [_thread_blocked, id=3804, stack(0x0000005cb1c00000,0x0000005cb1d00000)]
  0x0000021aef644000 JavaThread "Common-Cleaner" daemon [_thread_blocked, id=3208, stack(0x0000005cb1d00000,0x0000005cb1e00000)]
  0x0000021af1f6f000 JavaThread "Daemon health stats" [_thread_blocked, id=19352, stack(0x0000005cb2200000,0x0000005cb2300000)]
  0x0000021aef85e000 JavaThread "Incoming local TCP Connector on port 55148" [_thread_in_native, id=20152, stack(0x0000005cb1f00000,0x0000005cb2000000)]
  0x0000021af1a25000 JavaThread "Daemon periodic checks" [_thread_blocked, id=1300, stack(0x0000005cb2300000,0x0000005cb2400000)]
  0x0000021af16d4000 JavaThread "Cache worker for journal cache (C:\Users\Sajda\.gradle\caches\journal-1)" [_thread_blocked, id=18624, stack(0x0000005cb2c00000,0x0000005cb2d00000)]
  0x0000021af16d5000 JavaThread "File lock request listener" [_thread_in_native, id=19480, stack(0x0000005cb2d00000,0x0000005cb2e00000)]
  0x0000021af16d0000 JavaThread "Cache worker for file hash cache (C:\Users\Sajda\.gradle\caches\7.2\fileHashes)" [_thread_blocked, id=15472, stack(0x0000005cb2e00000,0x0000005cb2f00000)]
  0x0000021af16cf000 JavaThread "File watcher server" daemon [_thread_in_native, id=11196, stack(0x0000005cb3000000,0x0000005cb3100000)]
  0x0000021af16d1800 JavaThread "File watcher consumer" daemon [_thread_blocked, id=17412, stack(0x0000005cb3100000,0x0000005cb3200000)]
  0x0000021af4ce6000 JavaThread "Cache worker for execution history cache (C:\Users\Sajda\.gradle\caches\7.2\executionHistory)" [_thread_blocked, id=18064, stack(0x0000005cb3600000,0x0000005cb3700000)]
  0x0000021af4ce3800 JavaThread "jar transforms" [_thread_blocked, id=20032, stack(0x0000005cb3400000,0x0000005cb3500000)]
  0x0000021af4ce5000 JavaThread "Cache worker for file content cache (C:\Users\Sajda\.gradle\caches\7.2\fileContent)" [_thread_blocked, id=18576, stack(0x0000005cb3700000,0x0000005cb3800000)]
  0x0000021af4ce2000 JavaThread "jar transforms Thread 2" [_thread_blocked, id=19248, stack(0x0000005cb3800000,0x0000005cb3900000)]
  0x0000021af4ce7800 JavaThread "jar transforms Thread 3" [_thread_blocked, id=13636, stack(0x0000005cb3b00000,0x0000005cb3c00000)]
  0x0000021af4552800 JavaThread "jar transforms Thread 4" [_thread_blocked, id=20432, stack(0x0000005cb3c00000,0x0000005cb3d00000)]
  0x0000021af4551000 JavaThread "Memory manager" [_thread_blocked, id=2872, stack(0x0000005cb6500000,0x0000005cb6600000)]
  0x0000021af54d9000 JavaThread "Cache worker for Java compile cache (C:\Users\Sajda\.gradle\caches\7.2\javaCompile)" [_thread_blocked, id=20412, stack(0x0000005cb7300000,0x0000005cb7400000)]
  0x0000021af20a0800 JavaThread "ForkJoinPool.commonPool-worker-7" daemon [_thread_blocked, id=11800, stack(0x0000005cb7200000,0x0000005cb7300000)]
  0x0000021af209b800 JavaThread "Daemon Thread 12" [_thread_blocked, id=20492, stack(0x0000005cb0b00000,0x0000005cb0c00000)]
  0x0000021af209e800 JavaThread "Handler for socket connection from /127.0.0.1:55148 to /127.0.0.1:52857" [_thread_in_native, id=14672, stack(0x0000005cb0c00000,0x0000005cb0d00000)]
  0x0000021af209f800 JavaThread "Cancel handler" [_thread_blocked, id=5836, stack(0x0000005cb0d00000,0x0000005cb0e00000)]
  0x0000021af209a800 JavaThread "Daemon worker Thread 12" [_thread_in_vm, id=14700, stack(0x0000005cb2400000,0x0000005cb2500000)]
  0x0000021af209d000 JavaThread "Asynchronous log dispatcher for DefaultDaemonConnection: socket connection from /127.0.0.1:55148 to /127.0.0.1:52857" [_thread_blocked, id=19708, stack(0x0000005cb2500000,0x0000005cb2600000)]
  0x0000021af20a2000 JavaThread "Stdin handler" [_thread_blocked, id=18284, stack(0x0000005cb2600000,0x0000005cb2700000)]
  0x0000021af209e000 JavaThread "Daemon client event forwarder" [_thread_blocked, id=5672, stack(0x0000005cb2700000,0x0000005cb2800000)]
  0x0000021af20a1000 JavaThread "Cache worker for file hash cache (C:\Users\Sajda\AndroidStudioProjects\OnlineSiparisApplication\.gradle\7.2\fileHashes)" [_thread_blocked, id=15324, stack(0x0000005cb2800000,0x0000005cb2900000)]
  0x0000021af209c800 JavaThread "Cache worker for checksums cache (C:\Users\Sajda\AndroidStudioProjects\OnlineSiparisApplication\.gradle\checksums)" [_thread_blocked, id=20916, stack(0x0000005cb2900000,0x0000005cb2a00000)]
  0x0000021af20a7000 JavaThread "Cache worker for cache directory md-supplier (C:\Users\Sajda\.gradle\caches\7.2\md-supplier)" [_thread_blocked, id=2844, stack(0x0000005cb2a00000,0x0000005cb2b00000)]
  0x0000021af20a3000 JavaThread "Cache worker for cache directory md-rule (C:\Users\Sajda\.gradle\caches\7.2\md-rule)" [_thread_blocked, id=5888, stack(0x0000005cb2f00000,0x0000005cb3000000)]
  0x0000021af20a9800 JavaThread "Cache worker for dependencies-accessors (C:\Users\Sajda\AndroidStudioProjects\OnlineSiparisApplication\.gradle\7.2\dependencies-accessors)" [_thread_blocked, id=5820, stack(0x0000005cb3200000,0x0000005cb3300000)]
  0x0000021af20a4800 JavaThread "Cache worker for Build Output Cleanup Cache (C:\Users\Sajda\AndroidStudioProjects\OnlineSiparisApplication\.gradle\buildOutputCleanup)" [_thread_blocked, id=19680, stack(0x0000005cb3300000,0x0000005cb3400000)]

Other Threads:
  0x0000021aeeb60000 VMThread "VM Thread" [stack: 0x0000005cb1400000,0x0000005cb1500000] [id=2004]
  0x0000021aef66c800 WatcherThread [stack: 0x0000005cb1e00000,0x0000005cb1f00000] [id=18372]
  0x0000021ad4f9a000 GCTaskThread "GC Thread#0" [stack: 0x0000005cb0f00000,0x0000005cb1000000] [id=17688]
  0x0000021aefb76000 GCTaskThread "GC Thread#1" [stack: 0x0000005cb2000000,0x0000005cb2100000] [id=6516]
  0x0000021aefe85800 GCTaskThread "GC Thread#2" [stack: 0x0000005cb2100000,0x0000005cb2200000] [id=18484]
  0x0000021af16d8800 GCTaskThread "GC Thread#3" [stack: 0x0000005cb2b00000,0x0000005cb2c00000] [id=5196]
  0x0000021ad4fca000 ConcurrentGCThread "G1 Main Marker" [stack: 0x0000005cb1000000,0x0000005cb1100000] [id=2732]
  0x0000021ad4fcb800 ConcurrentGCThread "G1 Conc#0" [stack: 0x0000005cb1100000,0x0000005cb1200000] [id=1444]
  0x0000021ad5059000 ConcurrentGCThread "G1 Refine#0" [stack: 0x0000005cb1200000,0x0000005cb1300000] [id=4036]
  0x0000021ad505a800 ConcurrentGCThread "G1 Young RemSet Sampling" [stack: 0x0000005cb1300000,0x0000005cb1400000] [id=3696]

Threads with active compile tasks:
C2 CompilerThread05181206 27989       4       groovy.lang.MetaClassImpl$1MOPIter::methodNameAction (325 bytes)

VM state:not at safepoint (normal execution)

VM Mutex/Monitor currently owned by a thread: None

Heap address: 0x0000000080000000, size: 2048 MB, Compressed Oops mode: 32-bit
Narrow klass base: 0x0000000000000000, Narrow klass shift: 3
Compressed class space size: 1073741824 Address: 0x0000000100000000

Heap:
 garbage-first heap   total 193536K, used 113393K [0x0000000080000000, 0x0000000100000000)
  region size 1024K, 6 young (6144K), 1 survivors (1024K)
 Metaspace       used 131522K, capacity 136011K, committed 136192K, reserved 1167360K
  class space    used 16443K, capacity 18069K, committed 18176K, reserved 1048576K
Heap Regions: E=young(eden), S=young(survivor), O=old, HS=humongous(starts), HC=humongous(continues), CS=collection set, F=free, A=archive, TAMS=top-at-mark-start (previous, next)
|   0|0x0000000080000000, 0x0000000080100000, 0x0000000080100000|100%| O|  |TAMS 0x0000000080100000, 0x0000000080000000| Untracked 
|   1|0x0000000080100000, 0x0000000080200000, 0x0000000080200000|100%| O|  |TAMS 0x0000000080200000, 0x0000000080100000| Untracked 
|   2|0x0000000080200000, 0x0000000080300000, 0x0000000080300000|100%| O|  |TAMS 0x0000000080300000, 0x0000000080200000| Untracked 
|   3|0x0000000080300000, 0x0000000080400000, 0x0000000080400000|100%|HS|  |TAMS 0x0000000080400000, 0x0000000080300000| Complete 
|   4|0x0000000080400000, 0x0000000080500000, 0x0000000080500000|100%|HC|  |TAMS 0x0000000080500000, 0x0000000080400000| Complete 
|   5|0x0000000080500000, 0x0000000080600000, 0x0000000080600000|100%|HC|  |TAMS 0x0000000080600000, 0x0000000080500000| Complete 
|   6|0x0000000080600000, 0x0000000080700000, 0x0000000080700000|100%| O|  |TAMS 0x0000000080700000, 0x0000000080600000| Untracked 
|   7|0x0000000080700000, 0x0000000080800000, 0x0000000080800000|100%| O|  |TAMS 0x0000000080800000, 0x0000000080700000| Untracked 
|   8|0x0000000080800000, 0x0000000080900000, 0x0000000080900000|100%| O|  |TAMS 0x0000000080900000, 0x0000000080800000| Untracked 
|   9|0x0000000080900000, 0x0000000080a00000, 0x0000000080a00000|100%| O|  |TAMS 0x0000000080a00000, 0x0000000080900000| Complete 
|  10|0x0000000080a00000, 0x0000000080b00000, 0x0000000080b00000|100%| O|  |TAMS 0x0000000080b00000, 0x0000000080a00000| Complete 
|  11|0x0000000080b00000, 0x0000000080c00000, 0x0000000080c00000|100%| O|  |TAMS 0x0000000080c00000, 0x0000000080b00000| Untracked 
|  12|0x0000000080c00000, 0x0000000080d00000, 0x0000000080d00000|100%| O|  |TAMS 0x0000000080d00000, 0x0000000080c00000| Untracked 
|  13|0x0000000080d00000, 0x0000000080e00000, 0x0000000080e00000|100%| O|  |TAMS 0x0000000080e00000, 0x0000000080d00000| Untracked 
|  14|0x0000000080e00000, 0x0000000080f00000, 0x0000000080f00000|100%| O|  |TAMS 0x0000000080f00000, 0x0000000080e00000| Untracked 
|  15|0x0000000080f00000, 0x0000000081000000, 0x0000000081000000|100%| O|  |TAMS 0x0000000081000000, 0x0000000080f00000| Untracked 
|  16|0x0000000081000000, 0x0000000081100000, 0x0000000081100000|100%| O|  |TAMS 0x0000000081100000, 0x0000000081000000| Complete 
|  17|0x0000000081100000, 0x0000000081200000, 0x0000000081200000|100%|HS|  |TAMS 0x0000000081200000, 0x0000000081100000| Complete 
|  18|0x0000000081200000, 0x0000000081300000, 0x0000000081300000|100%| O|  |TAMS 0x0000000081300000, 0x0000000081200000| Complete 
|  19|0x0000000081300000, 0x0000000081400000, 0x0000000081400000|100%| O|  |TAMS 0x0000000081400000, 0x0000000081300000| Complete 
|  20|0x0000000081400000, 0x0000000081500000, 0x0000000081500000|100%| O|  |TAMS 0x0000000081500000, 0x0000000081400000| Complete 
|  21|0x0000000081500000, 0x0000000081600000, 0x0000000081600000|100%| O|  |TAMS 0x0000000081600000, 0x0000000081500000| Complete 
|  22|0x0000000081600000, 0x0000000081700000, 0x0000000081700000|100%| O|  |TAMS 0x0000000081700000, 0x0000000081600000| Complete 
|  23|0x0000000081700000, 0x0000000081800000, 0x0000000081800000|100%| O|  |TAMS 0x0000000081800000, 0x0000000081700000| Complete 
|  24|0x0000000081800000, 0x0000000081900000, 0x0000000081900000|100%|HS|  |TAMS 0x0000000081900000, 0x0000000081800000| Complete 
|  25|0x0000000081900000, 0x0000000081a00000, 0x0000000081a00000|100%|HS|  |TAMS 0x0000000081a00000, 0x0000000081900000| Complete 
|  26|0x0000000081a00000, 0x0000000081b00000, 0x0000000081b00000|100%|HS|  |TAMS 0x0000000081b00000, 0x0000000081a00000| Complete 
|  27|0x0000000081b00000, 0x0000000081c00000, 0x0000000081c00000|100%|HC|  |TAMS 0x0000000081c00000, 0x0000000081b00000| Complete 
|  28|0x0000000081c00000, 0x0000000081d00000, 0x0000000081d00000|100%| O|  |TAMS 0x0000000081d00000, 0x0000000081c00000| Untracked 
|  29|0x0000000081d00000, 0x0000000081e00000, 0x0000000081e00000|100%| O|  |TAMS 0x0000000081e00000, 0x0000000081d00000| Untracked 
|  30|0x0000000081e00000, 0x0000000081f00000, 0x0000000081f00000|100%| O|  |TAMS 0x0000000081f00000, 0x0000000081e00000| Untracked 
|  31|0x0000000081f00000, 0x0000000082000000, 0x0000000082000000|100%| O|  |TAMS 0x0000000082000000, 0x0000000081f00000| Untracked 
|  32|0x0000000082000000, 0x0000000082100000, 0x0000000082100000|100%| O|  |TAMS 0x0000000082100000, 0x0000000082000000| Untracked 
|  33|0x0000000082100000, 0x0000000082200000, 0x0000000082200000|100%| O|  |TAMS 0x0000000082200000, 0x0000000082100000| Untracked 
|  34|0x0000000082200000, 0x0000000082300000, 0x0000000082300000|100%| O|  |TAMS 0x0000000082300000, 0x0000000082200000| Untracked 
|  35|0x0000000082300000, 0x0000000082400000, 0x0000000082400000|100%| O|  |TAMS 0x0000000082400000, 0x0000000082300000| Complete 
|  36|0x0000000082400000, 0x0000000082500000, 0x0000000082500000|100%| O|  |TAMS 0x0000000082500000, 0x0000000082400000| Untracked 
|  37|0x0000000082500000, 0x0000000082600000, 0x0000000082600000|100%| O|  |TAMS 0x0000000082600000, 0x0000000082500000| Untracked 
|  38|0x0000000082600000, 0x0000000082700000, 0x0000000082700000|100%| O|  |TAMS 0x0000000082700000, 0x0000000082600000| Untracked 
|  39|0x0000000082700000, 0x0000000082800000, 0x0000000082800000|100%| O|  |TAMS 0x0000000082800000, 0x0000000082700000| Complete 
|  40|0x0000000082800000, 0x0000000082900000, 0x0000000082900000|100%| O|  |TAMS 0x0000000082900000, 0x0000000082800000| Complete 
|  41|0x0000000082900000, 0x0000000082a00000, 0x0000000082a00000|100%| O|  |TAMS 0x0000000082a00000, 0x0000000082900000| Complete 
|  42|0x0000000082a00000, 0x0000000082b00000, 0x0000000082b00000|100%| O|  |TAMS 0x0000000082b00000, 0x0000000082a00000| Untracked 
|  43|0x0000000082b00000, 0x0000000082c00000, 0x0000000082c00000|100%| O|  |TAMS 0x0000000082c00000, 0x0000000082b00000| Complete 
|  44|0x0000000082c00000, 0x0000000082d00000, 0x0000000082d00000|100%| O|  |TAMS 0x0000000082d00000, 0x0000000082c00000| Untracked 
|  45|0x0000000082d00000, 0x0000000082e00000, 0x0000000082e00000|100%| O|  |TAMS 0x0000000082e00000, 0x0000000082d00000| Complete 
|  46|0x0000000082e00000, 0x0000000082f00000, 0x0000000082f00000|100%| O|  |TAMS 0x0000000082f00000, 0x0000000082e00000| Untracked 
|  47|0x0000000082f00000, 0x0000000083000000, 0x0000000083000000|100%| O|  |TAMS 0x0000000083000000, 0x0000000082f00000| Complete 
|  48|0x0000000083000000, 0x0000000083100000, 0x0000000083100000|100%| O|  |TAMS 0x0000000083100000, 0x0000000083000000| Untracked 
|  49|0x0000000083100000, 0x0000000083200000, 0x0000000083200000|100%| O|  |TAMS 0x0000000083200000, 0x0000000083100000| Untracked 
|  50|0x0000000083200000, 0x0000000083300000, 0x0000000083300000|100%| O|  |TAMS 0x0000000083300000, 0x0000000083200000| Untracked 
|  51|0x0000000083300000, 0x0000000083400000, 0x0000000083400000|100%| O|  |TAMS 0x0000000083400000, 0x0000000083300000| Untracked 
|  52|0x0000000083400000, 0x0000000083500000, 0x0000000083500000|100%| O|  |TAMS 0x0000000083500000, 0x0000000083400000| Untracked 
|  53|0x0000000083500000, 0x0000000083600000, 0x0000000083600000|100%| O|  |TAMS 0x0000000083600000, 0x0000000083500000| Complete 
|  54|0x0000000083600000, 0x0000000083700000, 0x0000000083700000|100%| O|  |TAMS 0x0000000083700000, 0x0000000083600000| Complete 
|  55|0x0000000083700000, 0x0000000083800000, 0x0000000083800000|100%| O|  |TAMS 0x0000000083800000, 0x0000000083700000| Untracked 
|  56|0x0000000083800000, 0x0000000083900000, 0x0000000083900000|100%| O|  |TAMS 0x0000000083900000, 0x0000000083800000| Complete 
|  57|0x0000000083900000, 0x0000000083a00000, 0x0000000083a00000|100%| O|  |TAMS 0x0000000083a00000, 0x0000000083900000| Complete 
|  58|0x0000000083a00000, 0x0000000083b00000, 0x0000000083b00000|100%| O|  |TAMS 0x0000000083b00000, 0x0000000083a00000| Untracked 
|  59|0x0000000083b00000, 0x0000000083b00000, 0x0000000083c00000|  0%| F|  |TAMS 0x0000000083b00000, 0x0000000083b00000| Untracked 
|  60|0x0000000083c00000, 0x0000000083d00000, 0x0000000083d00000|100%| O|  |TAMS 0x0000000083d00000, 0x0000000083c00000| Complete 
|  61|0x0000000083d00000, 0x0000000083dd1400, 0x0000000083e00000| 81%| O|  |TAMS 0x0000000083dd1400, 0x0000000083d00000| Untracked 
|  62|0x0000000083e00000, 0x0000000083f00000, 0x0000000083f00000|100%| O|  |TAMS 0x0000000083f00000, 0x0000000083e00000| Complete 
|  63|0x0000000083f00000, 0x0000000084000000, 0x0000000084000000|100%| O|  |TAMS 0x0000000084000000, 0x0000000083f00000| Untracked 
|  64|0x0000000084000000, 0x0000000084100000, 0x0000000084100000|100%| O|  |TAMS 0x0000000084100000, 0x0000000084000000| Untracked 
|  65|0x0000000084100000, 0x0000000084200000, 0x0000000084200000|100%| O|  |TAMS 0x0000000084200000, 0x0000000084100000| Untracked 
|  66|0x0000000084200000, 0x0000000084300000, 0x0000000084300000|100%| O|  |TAMS 0x0000000084300000, 0x0000000084200000| Complete 
|  67|0x0000000084300000, 0x0000000084400000, 0x0000000084400000|100%| O|  |TAMS 0x0000000084400000, 0x0000000084300000| Complete 
|  68|0x0000000084400000, 0x0000000084500000, 0x0000000084500000|100%| O|  |TAMS 0x0000000084500000, 0x0000000084400000| Complete 
|  69|0x0000000084500000, 0x0000000084600000, 0x0000000084600000|100%| O|  |TAMS 0x0000000084600000, 0x0000000084500000| Complete 
|  70|0x0000000084600000, 0x0000000084700000, 0x0000000084700000|100%| O|  |TAMS 0x0000000084700000, 0x0000000084600000| Complete 
|  71|0x0000000084700000, 0x0000000084800000, 0x0000000084800000|100%| O|  |TAMS 0x0000000084800000, 0x0000000084700000| Complete 
|  72|0x0000000084800000, 0x0000000084800000, 0x0000000084900000|  0%| F|  |TAMS 0x0000000084800000, 0x0000000084800000| Untracked 
|  73|0x0000000084900000, 0x0000000084a00000, 0x0000000084a00000|100%| O|  |TAMS 0x0000000084a00000, 0x0000000084900000| Complete 
|  74|0x0000000084a00000, 0x0000000084b00000, 0x0000000084b00000|100%| O|  |TAMS 0x0000000084b00000, 0x0000000084a00000| Untracked 
|  75|0x0000000084b00000, 0x0000000084c00000, 0x0000000084c00000|100%| O|  |TAMS 0x0000000084c00000, 0x0000000084b00000| Complete 
|  76|0x0000000084c00000, 0x0000000084d00000, 0x0000000084d00000|100%| O|  |TAMS 0x0000000084d00000, 0x0000000084c00000| Untracked 
|  77|0x0000000084d00000, 0x0000000084e00000, 0x0000000084e00000|100%| O|  |TAMS 0x0000000084e00000, 0x0000000084d00000| Complete 
|  78|0x0000000084e00000, 0x0000000084f00000, 0x0000000084f00000|100%| O|  |TAMS 0x0000000084f00000, 0x0000000084e00000| Untracked 
|  79|0x0000000084f00000, 0x0000000085000000, 0x0000000085000000|100%| O|  |TAMS 0x0000000085000000, 0x0000000084f00000| Complete 
|  80|0x0000000085000000, 0x0000000085100000, 0x0000000085100000|100%| O|  |TAMS 0x0000000085100000, 0x0000000085000000| Complete 
|  81|0x0000000085100000, 0x0000000085200000, 0x0000000085200000|100%| O|  |TAMS 0x0000000085200000, 0x0000000085100000| Complete 
|  82|0x0000000085200000, 0x0000000085300000, 0x0000000085300000|100%| O|  |TAMS 0x0000000085300000, 0x0000000085200000| Untracked 
|  83|0x0000000085300000, 0x0000000085300000, 0x0000000085400000|  0%| F|  |TAMS 0x0000000085300000, 0x0000000085300000| Untracked 
|  84|0x0000000085400000, 0x0000000085500000, 0x0000000085500000|100%| O|  |TAMS 0x0000000085500000, 0x0000000085400000| Untracked 
|  85|0x0000000085500000, 0x0000000085600000, 0x0000000085600000|100%| O|  |TAMS 0x0000000085600000, 0x0000000085500000| Untracked 
|  86|0x0000000085600000, 0x0000000085600000, 0x0000000085700000|  0%| F|  |TAMS 0x0000000085600000, 0x0000000085600000| Untracked 
|  87|0x0000000085700000, 0x0000000085800000, 0x0000000085800000|100%| O|  |TAMS 0x0000000085800000, 0x0000000085700000| Untracked 
|  88|0x0000000085800000, 0x0000000085900000, 0x0000000085900000|100%| O|  |TAMS 0x0000000085900000, 0x0000000085800000| Complete 
|  89|0x0000000085900000, 0x0000000085900000, 0x0000000085a00000|  0%| F|  |TAMS 0x0000000085900000, 0x0000000085900000| Untracked 
|  90|0x0000000085a00000, 0x0000000085b00000, 0x0000000085b00000|100%| O|  |TAMS 0x0000000085b00000, 0x0000000085a00000| Untracked 
|  91|0x0000000085b00000, 0x0000000085c00000, 0x0000000085c00000|100%|HS|  |TAMS 0x0000000085b00000, 0x0000000085b00000| Complete 
|  92|0x0000000085c00000, 0x0000000085d00000, 0x0000000085d00000|100%|HC|  |TAMS 0x0000000085c00000, 0x0000000085c00000| Complete 
|  93|0x0000000085d00000, 0x0000000085e00000, 0x0000000085e00000|100%|HC|  |TAMS 0x0000000085d00000, 0x0000000085d00000| Complete 
|  94|0x0000000085e00000, 0x0000000085f00000, 0x0000000085f00000|100%|HC|  |TAMS 0x0000000085e00000, 0x0000000085e00000| Complete 
|  95|0x0000000085f00000, 0x0000000085f00000, 0x0000000086000000|  0%| F|  |TAMS 0x0000000085f00000, 0x0000000085f00000| Untracked 
|  96|0x0000000086000000, 0x0000000086000000, 0x0000000086100000|  0%| F|  |TAMS 0x0000000086000000, 0x0000000086000000| Untracked 
|  97|0x0000000086100000, 0x0000000086100000, 0x0000000086200000|  0%| F|  |TAMS 0x0000000086100000, 0x0000000086100000| Untracked 
|  98|0x0000000086200000, 0x0000000086200000, 0x0000000086300000|  0%| F|  |TAMS 0x0000000086200000, 0x0000000086200000| Untracked 
|  99|0x0000000086300000, 0x0000000086300000, 0x0000000086400000|  0%| F|  |TAMS 0x0000000086300000, 0x0000000086300000| Untracked 
| 100|0x0000000086400000, 0x0000000086400000, 0x0000000086500000|  0%| F|  |TAMS 0x0000000086400000, 0x0000000086400000| Untracked 
| 101|0x0000000086500000, 0x0000000086500000, 0x0000000086600000|  0%| F|  |TAMS 0x0000000086500000, 0x0000000086500000| Untracked 
| 102|0x0000000086600000, 0x0000000086600000, 0x0000000086700000|  0%| F|  |TAMS 0x0000000086600000, 0x0000000086600000| Untracked 
| 103|0x0000000086700000, 0x0000000086700000, 0x0000000086800000|  0%| F|  |TAMS 0x0000000086700000, 0x0000000086700000| Untracked 
| 104|0x0000000086800000, 0x0000000086800000, 0x0000000086900000|  0%| F|  |TAMS 0x0000000086800000, 0x0000000086800000| Untracked 
| 105|0x0000000086900000, 0x0000000086a00000, 0x0000000086a00000|100%| O|  |TAMS 0x0000000086a00000, 0x0000000086900000| Complete 
| 106|0x0000000086a00000, 0x0000000086a00000, 0x0000000086b00000|  0%| F|  |TAMS 0x0000000086a00000, 0x0000000086a00000| Untracked 
| 107|0x0000000086b00000, 0x0000000086b00000, 0x0000000086c00000|  0%| F|  |TAMS 0x0000000086b00000, 0x0000000086b00000| Untracked 
| 108|0x0000000086c00000, 0x0000000086c00000, 0x0000000086d00000|  0%| F|  |TAMS 0x0000000086c00000, 0x0000000086c00000| Untracked 
| 109|0x0000000086d00000, 0x0000000086e00000, 0x0000000086e00000|100%| O|  |TAMS 0x0000000086e00000, 0x0000000086d00000| Complete 
| 110|0x0000000086e00000, 0x0000000086f00000, 0x0000000086f00000|100%| O|  |TAMS 0x0000000086f00000, 0x0000000086e00000| Complete 
| 111|0x0000000086f00000, 0x0000000086f00000, 0x0000000087000000|  0%| F|  |TAMS 0x0000000086f00000, 0x0000000086f00000| Untracked 
| 112|0x0000000087000000, 0x0000000087000000, 0x0000000087100000|  0%| F|  |TAMS 0x0000000087000000, 0x0000000087000000| Untracked 
| 113|0x0000000087100000, 0x0000000087200000, 0x0000000087200000|100%| O|  |TAMS 0x0000000087200000, 0x0000000087100000| Complete 
| 114|0x0000000087200000, 0x0000000087200000, 0x0000000087300000|  0%| F|  |TAMS 0x0000000087200000, 0x0000000087200000| Untracked 
| 115|0x0000000087300000, 0x0000000087400000, 0x0000000087400000|100%|HS|  |TAMS 0x0000000087400000, 0x0000000087300000| Complete 
| 116|0x0000000087400000, 0x0000000087500000, 0x0000000087500000|100%|HC|  |TAMS 0x0000000087500000, 0x0000000087400000| Complete 
| 117|0x0000000087500000, 0x0000000087600000, 0x0000000087600000|100%|HS|  |TAMS 0x0000000087600000, 0x0000000087500000| Complete 
| 118|0x0000000087600000, 0x0000000087700000, 0x0000000087700000|100%|HC|  |TAMS 0x0000000087700000, 0x0000000087600000| Complete 
| 119|0x0000000087700000, 0x0000000087800000, 0x0000000087800000|100%|HC|  |TAMS 0x0000000087800000, 0x0000000087700000| Complete 
| 120|0x0000000087800000, 0x0000000087900000, 0x0000000087900000|100%|HS|  |TAMS 0x0000000087900000, 0x0000000087800000| Complete 
| 121|0x0000000087900000, 0x0000000087a00000, 0x0000000087a00000|100%|HC|  |TAMS 0x0000000087a00000, 0x0000000087900000| Complete 
| 122|0x0000000087a00000, 0x0000000087b00000, 0x0000000087b00000|100%|HC|  |TAMS 0x0000000087b00000, 0x0000000087a00000| Complete 
| 123|0x0000000087b00000, 0x0000000087c00000, 0x0000000087c00000|100%|HC|  |TAMS 0x0000000087c00000, 0x0000000087b00000| Complete 
| 124|0x0000000087c00000, 0x0000000087d00000, 0x0000000087d00000|100%|HS|  |TAMS 0x0000000087d00000, 0x0000000087c00000| Complete 
| 125|0x0000000087d00000, 0x0000000087e00000, 0x0000000087e00000|100%|HC|  |TAMS 0x0000000087e00000, 0x0000000087d00000| Complete 
| 126|0x0000000087e00000, 0x0000000087f00000, 0x0000000087f00000|100%|HC|  |TAMS 0x0000000087f00000, 0x0000000087e00000| Complete 
| 127|0x0000000087f00000, 0x0000000087f00000, 0x0000000088000000|  0%| F|  |TAMS 0x0000000087f00000, 0x0000000087f00000| Untracked 
| 128|0x0000000088000000, 0x0000000088000000, 0x0000000088100000|  0%| F|  |TAMS 0x0000000088000000, 0x0000000088000000| Untracked 
| 129|0x0000000088100000, 0x0000000088100000, 0x0000000088200000|  0%| F|  |TAMS 0x0000000088100000, 0x0000000088100000| Untracked 
| 130|0x0000000088200000, 0x0000000088200000, 0x0000000088300000|  0%| F|  |TAMS 0x0000000088200000, 0x0000000088200000| Untracked 
| 131|0x0000000088300000, 0x0000000088300000, 0x0000000088400000|  0%| F|  |TAMS 0x0000000088300000, 0x0000000088300000| Untracked 
| 132|0x0000000088400000, 0x0000000088400000, 0x0000000088500000|  0%| F|  |TAMS 0x0000000088400000, 0x0000000088400000| Untracked 
| 133|0x0000000088500000, 0x0000000088500000, 0x0000000088600000|  0%| F|  |TAMS 0x0000000088500000, 0x0000000088500000| Untracked 
| 134|0x0000000088600000, 0x0000000088600000, 0x0000000088700000|  0%| F|  |TAMS 0x0000000088600000, 0x0000000088600000| Untracked 
| 135|0x0000000088700000, 0x0000000088700000, 0x0000000088800000|  0%| F|  |TAMS 0x0000000088700000, 0x0000000088700000| Untracked 
| 136|0x0000000088800000, 0x0000000088800000, 0x0000000088900000|  0%| F|  |TAMS 0x0000000088800000, 0x0000000088800000| Untracked 
| 137|0x0000000088900000, 0x0000000088900000, 0x0000000088a00000|  0%| F|  |TAMS 0x0000000088900000, 0x0000000088900000| Untracked 
| 138|0x0000000088a00000, 0x0000000088a00000, 0x0000000088b00000|  0%| F|  |TAMS 0x0000000088a00000, 0x0000000088a00000| Untracked 
| 139|0x0000000088b00000, 0x0000000088b00000, 0x0000000088c00000|  0%| F|  |TAMS 0x0000000088b00000, 0x0000000088b00000| Untracked 
| 140|0x0000000088c00000, 0x0000000088c00000, 0x0000000088d00000|  0%| F|  |TAMS 0x0000000088c00000, 0x0000000088c00000| Untracked 
| 141|0x0000000088d00000, 0x0000000088d00000, 0x0000000088e00000|  0%| F|  |TAMS 0x0000000088d00000, 0x0000000088d00000| Untracked 
| 142|0x0000000088e00000, 0x0000000088e00000, 0x0000000088f00000|  0%| F|  |TAMS 0x0000000088e00000, 0x0000000088e00000| Untracked 
| 143|0x0000000088f00000, 0x0000000088f00000, 0x0000000089000000|  0%| F|  |TAMS 0x0000000088f00000, 0x0000000088f00000| Untracked 
| 144|0x0000000089000000, 0x0000000089000000, 0x0000000089100000|  0%| F|  |TAMS 0x0000000089000000, 0x0000000089000000| Untracked 
| 145|0x0000000089100000, 0x0000000089100000, 0x0000000089200000|  0%| F|  |TAMS 0x0000000089100000, 0x0000000089100000| Untracked 
| 146|0x0000000089200000, 0x0000000089200000, 0x0000000089300000|  0%| F|  |TAMS 0x0000000089200000, 0x0000000089200000| Untracked 
| 147|0x0000000089300000, 0x0000000089300000, 0x0000000089400000|  0%| F|  |TAMS 0x0000000089300000, 0x0000000089300000| Untracked 
| 148|0x0000000089400000, 0x0000000089400000, 0x0000000089500000|  0%| F|  |TAMS 0x0000000089400000, 0x0000000089400000| Untracked 
| 149|0x0000000089500000, 0x0000000089500000, 0x0000000089600000|  0%| F|  |TAMS 0x0000000089500000, 0x0000000089500000| Untracked 
| 150|0x0000000089600000, 0x0000000089600000, 0x0000000089700000|  0%| F|  |TAMS 0x0000000089600000, 0x0000000089600000| Untracked 
| 151|0x0000000089700000, 0x0000000089700000, 0x0000000089800000|  0%| F|  |TAMS 0x0000000089700000, 0x0000000089700000| Untracked 
| 152|0x0000000089800000, 0x0000000089800000, 0x0000000089900000|  0%| F|  |TAMS 0x0000000089800000, 0x0000000089800000| Untracked 
| 153|0x0000000089900000, 0x0000000089900000, 0x0000000089a00000|  0%| F|  |TAMS 0x0000000089900000, 0x0000000089900000| Untracked 
| 154|0x0000000089a00000, 0x0000000089a00000, 0x0000000089b00000|  0%| F|  |TAMS 0x0000000089a00000, 0x0000000089a00000| Untracked 
| 155|0x0000000089b00000, 0x0000000089b00000, 0x0000000089c00000|  0%| F|  |TAMS 0x0000000089b00000, 0x0000000089b00000| Untracked 
| 156|0x0000000089c00000, 0x0000000089c00000, 0x0000000089d00000|  0%| F|  |TAMS 0x0000000089c00000, 0x0000000089c00000| Untracked 
| 157|0x0000000089d00000, 0x0000000089d00000, 0x0000000089e00000|  0%| F|  |TAMS 0x0000000089d00000, 0x0000000089d00000| Untracked 
| 158|0x0000000089e00000, 0x0000000089e00000, 0x0000000089f00000|  0%| F|  |TAMS 0x0000000089e00000, 0x0000000089e00000| Untracked 
| 159|0x0000000089f00000, 0x0000000089f00000, 0x000000008a000000|  0%| F|  |TAMS 0x0000000089f00000, 0x0000000089f00000| Untracked 
| 160|0x000000008a000000, 0x000000008a000000, 0x000000008a100000|  0%| F|  |TAMS 0x000000008a000000, 0x000000008a000000| Untracked 
| 161|0x000000008a100000, 0x000000008a100000, 0x000000008a200000|  0%| F|  |TAMS 0x000000008a100000, 0x000000008a100000| Untracked 
| 162|0x000000008a200000, 0x000000008a200000, 0x000000008a300000|  0%| F|  |TAMS 0x000000008a200000, 0x000000008a200000| Untracked 
| 163|0x000000008a300000, 0x000000008a300000, 0x000000008a400000|  0%| F|  |TAMS 0x000000008a300000, 0x000000008a300000| Untracked 
| 164|0x000000008a400000, 0x000000008a400000, 0x000000008a500000|  0%| F|  |TAMS 0x000000008a400000, 0x000000008a400000| Untracked 
| 165|0x000000008a500000, 0x000000008a500000, 0x000000008a600000|  0%| F|  |TAMS 0x000000008a500000, 0x000000008a500000| Untracked 
| 166|0x000000008a600000, 0x000000008a600000, 0x000000008a700000|  0%| F|  |TAMS 0x000000008a600000, 0x000000008a600000| Untracked 
| 167|0x000000008a700000, 0x000000008a700000, 0x000000008a800000|  0%| F|  |TAMS 0x000000008a700000, 0x000000008a700000| Untracked 
| 168|0x000000008a800000, 0x000000008a800000, 0x000000008a900000|  0%| F|  |TAMS 0x000000008a800000, 0x000000008a800000| Untracked 
| 169|0x000000008a900000, 0x000000008a900000, 0x000000008aa00000|  0%| F|  |TAMS 0x000000008a900000, 0x000000008a900000| Untracked 
| 170|0x000000008aa00000, 0x000000008aa00000, 0x000000008ab00000|  0%| F|  |TAMS 0x000000008aa00000, 0x000000008aa00000| Untracked 
| 171|0x000000008ab00000, 0x000000008ab00000, 0x000000008ac00000|  0%| F|  |TAMS 0x000000008ab00000, 0x000000008ab00000| Untracked 
| 172|0x000000008ac00000, 0x000000008ac00000, 0x000000008ad00000|  0%| F|  |TAMS 0x000000008ac00000, 0x000000008ac00000| Untracked 
| 173|0x000000008ad00000, 0x000000008ad00000, 0x000000008ae00000|  0%| F|  |TAMS 0x000000008ad00000, 0x000000008ad00000| Untracked 
| 174|0x000000008ae00000, 0x000000008ae00000, 0x000000008af00000|  0%| F|  |TAMS 0x000000008ae00000, 0x000000008ae00000| Untracked 
| 175|0x000000008af00000, 0x000000008af00000, 0x000000008b000000|  0%| F|  |TAMS 0x000000008af00000, 0x000000008af00000| Untracked 
| 176|0x000000008b000000, 0x000000008b000000, 0x000000008b100000|  0%| F|  |TAMS 0x000000008b000000, 0x000000008b000000| Untracked 
| 177|0x000000008b100000, 0x000000008b100000, 0x000000008b200000|  0%| F|  |TAMS 0x000000008b100000, 0x000000008b100000| Untracked 
| 178|0x000000008b200000, 0x000000008b200000, 0x000000008b300000|  0%| F|  |TAMS 0x000000008b200000, 0x000000008b200000| Untracked 
| 179|0x000000008b300000, 0x000000008b300000, 0x000000008b400000|  0%| F|  |TAMS 0x000000008b300000, 0x000000008b300000| Untracked 
| 180|0x000000008b400000, 0x000000008b400000, 0x000000008b500000|  0%| F|  |TAMS 0x000000008b400000, 0x000000008b400000| Untracked 
| 181|0x000000008b500000, 0x000000008b500000, 0x000000008b600000|  0%| F|  |TAMS 0x000000008b500000, 0x000000008b500000| Untracked 
| 182|0x000000008b600000, 0x000000008b600000, 0x000000008b700000|  0%| F|  |TAMS 0x000000008b600000, 0x000000008b600000| Untracked 
| 183|0x000000008b700000, 0x000000008b800000, 0x000000008b800000|100%| E|  |TAMS 0x000000008b700000, 0x000000008b700000| Complete 
| 184|0x000000008b800000, 0x000000008b900000, 0x000000008b900000|100%| E|CS|TAMS 0x000000008b800000, 0x000000008b800000| Complete 
| 185|0x000000008b900000, 0x000000008b9eb290, 0x000000008ba00000| 91%| S|CS|TAMS 0x000000008b900000, 0x000000008b900000| Complete 
| 186|0x000000008ba00000, 0x000000008bb00000, 0x000000008bb00000|100%| E|CS|TAMS 0x000000008ba00000, 0x000000008ba00000| Complete 
| 187|0x000000008bb00000, 0x000000008bc00000, 0x000000008bc00000|100%| E|CS|TAMS 0x000000008bb00000, 0x000000008bb00000| Complete 
| 188|0x000000008bc00000, 0x000000008bd00000, 0x000000008bd00000|100%| E|CS|TAMS 0x000000008bc00000, 0x000000008bc00000| Complete 

Card table byte_map: [0x0000021ae7e80000,0x0000021ae8280000] _byte_map_base: 0x0000021ae7a80000

Marking Bits (Prev, Next): (CMBitMap*) 0x0000021ad4fc11b8, (CMBitMap*) 0x0000021ad4fc11f0
 Prev Bits: [0x0000021ae8680000, 0x0000021aea680000)
 Next Bits: [0x0000021aea680000, 0x0000021aec680000)

Polling page: 0x0000021ad2e40000

Metaspace:

Usage:
  Non-class:    115.18 MB capacity,   112.38 MB ( 98%) used,     2.28 MB (  2%) free+waste,   523.88 KB ( <1%) overhead. 
      Class:     17.65 MB capacity,    16.06 MB ( 91%) used,     1.36 MB (  8%) free+waste,   230.13 KB (  1%) overhead. 
       Both:    132.82 MB capacity,   128.44 MB ( 97%) used,     3.65 MB (  3%) free+waste,   754.00 KB ( <1%) overhead. 

Virtual space:
  Non-class space:      116.00 MB reserved,     115.25 MB (>99%) committed 
      Class space:        1.00 GB reserved,      17.75 MB (  2%) committed 
             Both:        1.11 GB reserved,     133.00 MB ( 12%) committed 

Chunk freelists:
   Non-Class:  74.00 KB
       Class:  17.00 KB
        Both:  91.00 KB

MaxMetaspaceSize: 17179869184.00 GB
CompressedClassSpaceSize: 1.00 GB

CodeHeap 'non-profiled nmethods': size=120064Kb used=18973Kb max_used=18973Kb free=101090Kb
 bounds [0x0000021ae0540000, 0x0000021ae17d0000, 0x0000021ae7a80000]
CodeHeap 'profiled nmethods': size=120000Kb used=52613Kb max_used=53954Kb free=67386Kb
 bounds [0x0000021ad9010000, 0x0000021adc520000, 0x0000021ae0540000]
CodeHeap 'non-nmethods': size=5696Kb used=2367Kb max_used=2425Kb free=3328Kb
 bounds [0x0000021ad8a80000, 0x0000021ad8cf0000, 0x0000021ad9010000]
 total_blobs=24962 nmethods=23972 adapters=900
 compilation: enabled
              stopped_count=0, restarted_count=0
 full_count=0

Compilation events (20 events):
Event: 5180.088 Thread 0x0000021aeeb8c000 28006       1       sun.reflect.generics.tree.FormalTypeParameter::getName (5 bytes)
Event: 5180.088 Thread 0x0000021aeeb8c000 nmethod 28006 0x0000021ae17b8510 code [0x0000021ae17b86c0, 0x0000021ae17b8778]
Event: 5180.088 Thread 0x0000021aeeb8c000 28007       1       sun.reflect.generics.tree.FormalTypeParameter::getBounds (5 bytes)
Event: 5180.089 Thread 0x0000021aeeb8c000 nmethod 28007 0x0000021ae17b8810 code [0x0000021ae17b89c0, 0x0000021ae17b8a78]
Event: 5180.108 Thread 0x0000021aeeb8c000 28008       3       java.lang.reflect.AccessibleObject::checkCanSetAccessible (386 bytes)
Event: 5180.117 Thread 0x0000021aeeb8c000 nmethod 28008 0x0000021ada60a410 code [0x0000021ada60ac00, 0x0000021ada60eee8]
Event: 5180.157 Thread 0x0000021aeeb8c000 28009       3       jdk.internal.reflect.MethodAccessorGenerator::generateConstructor (21 bytes)
Event: 5180.157 Thread 0x0000021aeeb8c000 nmethod 28009 0x0000021ad9f2bb10 code [0x0000021ad9f2bce0, 0x0000021ad9f2bf48]
Event: 5180.159 Thread 0x0000021aeeb8c000 28010       3       org.gradle.initialization.DefaultProjectDescriptor::hashCode (22 bytes)
Event: 5180.160 Thread 0x0000021aeeb8c000 nmethod 28010 0x0000021ad9f5c810 code [0x0000021ad9f5ca00, 0x0000021ad9f5cf48]
Event: 5180.175 Thread 0x0000021aeeb8c000 28011       3       org.gradle.internal.service.DefaultServiceRegistry::setupParentServices (57 bytes)
Event: 5180.176 Thread 0x0000021aeeb8c000 nmethod 28011 0x0000021ad9f6ec90 code [0x0000021ad9f6eea0, 0x0000021ad9f6f538]
Event: 5180.791 Thread 0x0000021aeeb8b000 nmethod 27980 0x0000021ae17b8b10 code [0x0000021ae17b9580, 0x0000021ae17c4d78]
Event: 5180.792 Thread 0x0000021aeeb8b000 27989       4       groovy.lang.MetaClassImpl$1MOPIter::methodNameAction (325 bytes)
Event: 5181.006 Thread 0x0000021aeeb8c000 28012       2       java.io.WinNTFileSystem::isLetter (30 bytes)
Event: 5181.007 Thread 0x0000021aeeb8c000 nmethod 28012 0x0000021ad9d1ba10 code [0x0000021ad9d1bbc0, 0x0000021ad9d1bcf8]
Event: 5181.008 Thread 0x0000021aeeb8c000 28013       3       org.gradle.api.internal.project.DefaultProject_Decorated::getConfigurationTargetIdentifier (31 bytes)
Event: 5181.009 Thread 0x0000021aeeb8c000 nmethod 28013 0x0000021ad9f50290 code [0x0000021ad9f50460, 0x0000021ad9f50848]
Event: 5181.009 Thread 0x0000021aeeb8c000 28014       3       org.gradle.configuration.ConfigurationTargetIdentifier$1::getTargetType (4 bytes)
Event: 5181.009 Thread 0x0000021aeeb8c000 nmethod 28014 0x0000021ad9d1e010 code [0x0000021ad9d1e1c0, 0x0000021ad9d1e2d8]

GC Heap History (20 events):
Event: 5173.295 GC heap before
{Heap before GC invocations=200 (full 0):
 garbage-first heap   total 193536K, used 124572K [0x0000000080000000, 0x0000000100000000)
  region size 1024K, 9 young (9216K), 1 survivors (1024K)
 Metaspace       used 128008K, capacity 132111K, committed 132352K, reserved 1163264K
  class space    used 16047K, capacity 17603K, committed 17664K, reserved 1048576K
}
Event: 5173.333 GC heap after
{Heap after GC invocations=201 (full 0):
 garbage-first heap   total 193536K, used 115509K [0x0000000080000000, 0x0000000100000000)
  region size 1024K, 1 young (1024K), 1 survivors (1024K)
 Metaspace       used 128008K, capacity 132111K, committed 132352K, reserved 1163264K
  class space    used 16047K, capacity 17603K, committed 17664K, reserved 1048576K
}
Event: 5173.578 GC heap before
{Heap before GC invocations=201 (full 0):
 garbage-first heap   total 193536K, used 123701K [0x0000000080000000, 0x0000000100000000)
  region size 1024K, 9 young (9216K), 1 survivors (1024K)
 Metaspace       used 128029K, capacity 132175K, committed 132352K, reserved 1163264K
  class space    used 16047K, capacity 17603K, committed 17664K, reserved 1048576K
}
Event: 5173.589 GC heap after
{Heap after GC invocations=202 (full 0):
 garbage-first heap   total 193536K, used 115588K [0x0000000080000000, 0x0000000100000000)
  region size 1024K, 1 young (1024K), 1 survivors (1024K)
 Metaspace       used 128029K, capacity 132175K, committed 132352K, reserved 1163264K
  class space    used 16047K, capacity 17603K, committed 17664K, reserved 1048576K
}
Event: 5175.554 GC heap before
{Heap before GC invocations=203 (full 0):
 garbage-first heap   total 193536K, used 149380K [0x0000000080000000, 0x0000000100000000)
  region size 1024K, 35 young (35840K), 1 survivors (1024K)
 Metaspace       used 128088K, capacity 132236K, committed 132352K, reserved 1163264K
  class space    used 16047K, capacity 17602K, committed 17664K, reserved 1048576K
}
Event: 5175.565 GC heap after
{Heap after GC invocations=204 (full 0):
 garbage-first heap   total 193536K, used 115949K [0x0000000080000000, 0x0000000100000000)
  region size 1024K, 2 young (2048K), 2 survivors (2048K)
 Metaspace       used 128088K, capacity 132236K, committed 132352K, reserved 1163264K
  class space    used 16047K, capacity 17602K, committed 17664K, reserved 1048576K
}
Event: 5175.642 GC heap before
{Heap before GC invocations=204 (full 0):
 garbage-first heap   total 193536K, used 123117K [0x0000000080000000, 0x0000000100000000)
  region size 1024K, 9 young (9216K), 2 survivors (2048K)
 Metaspace       used 128097K, capacity 132236K, committed 132352K, reserved 1163264K
  class space    used 16047K, capacity 17602K, committed 17664K, reserved 1048576K
}
Event: 5175.813 GC heap after
{Heap after GC invocations=205 (full 0):
 garbage-first heap   total 193536K, used 107117K [0x0000000080000000, 0x0000000100000000)
  region size 1024K, 1 young (1024K), 1 survivors (1024K)
 Metaspace       used 128097K, capacity 132236K, committed 132352K, reserved 1163264K
  class space    used 16047K, capacity 17602K, committed 17664K, reserved 1048576K
}
Event: 5176.402 GC heap before
{Heap before GC invocations=205 (full 0):
 garbage-first heap   total 193536K, used 115309K [0x0000000080000000, 0x0000000100000000)
  region size 1024K, 9 young (9216K), 1 survivors (1024K)
 Metaspace       used 128106K, capacity 132236K, committed 132352K, reserved 1163264K
  class space    used 16047K, capacity 17602K, committed 17664K, reserved 1048576K
}
Event: 5176.427 GC heap after
{Heap after GC invocations=206 (full 0):
 garbage-first heap   total 193536K, used 103538K [0x0000000080000000, 0x0000000100000000)
  region size 1024K, 1 young (1024K), 1 survivors (1024K)
 Metaspace       used 128106K, capacity 132236K, committed 132352K, reserved 1163264K
  class space    used 16047K, capacity 17602K, committed 17664K, reserved 1048576K
}
Event: 5176.715 GC heap before
{Heap before GC invocations=206 (full 0):
 garbage-first heap   total 193536K, used 111730K [0x0000000080000000, 0x0000000100000000)
  region size 1024K, 9 young (9216K), 1 survivors (1024K)
 Metaspace       used 128111K, capacity 132236K, committed 132352K, reserved 1163264K
  class space    used 16047K, capacity 17602K, committed 17664K, reserved 1048576K
}
Event: 5176.735 GC heap after
{Heap after GC invocations=207 (full 0):
 garbage-first heap   total 193536K, used 102750K [0x0000000080000000, 0x0000000100000000)
  region size 1024K, 1 young (1024K), 1 survivors (1024K)
 Metaspace       used 128111K, capacity 132236K, committed 132352K, reserved 1163264K
  class space    used 16047K, capacity 17602K, committed 17664K, reserved 1048576K
}
Event: 5177.534 GC heap before
{Heap before GC invocations=207 (full 0):
 garbage-first heap   total 193536K, used 120158K [0x0000000080000000, 0x0000000100000000)
  region size 1024K, 18 young (18432K), 1 survivors (1024K)
 Metaspace       used 128994K, capacity 133253K, committed 133504K, reserved 1165312K
  class space    used 16149K, capacity 17727K, committed 17792K, reserved 1048576K
}
Event: 5177.541 GC heap after
{Heap after GC invocations=208 (full 0):
 garbage-first heap   total 193536K, used 103613K [0x0000000080000000, 0x0000000100000000)
  region size 1024K, 2 young (2048K), 2 survivors (2048K)
 Metaspace       used 128994K, capacity 133253K, committed 133504K, reserved 1165312K
  class space    used 16149K, capacity 17727K, committed 17792K, reserved 1048576K
}
Event: 5179.684 GC heap before
{Heap before GC invocations=209 (full 0):
 garbage-first heap   total 193536K, used 124093K [0x0000000080000000, 0x0000000100000000)
  region size 1024K, 22 young (22528K), 2 survivors (2048K)
 Metaspace       used 131037K, capacity 135478K, committed 135552K, reserved 1167360K
  class space    used 16374K, capacity 18013K, committed 18048K, reserved 1048576K
}
Event: 5179.695 GC heap after
{Heap after GC invocations=210 (full 0):
 garbage-first heap   total 193536K, used 105472K [0x0000000080000000, 0x0000000100000000)
  region size 1024K, 3 young (3072K), 3 survivors (3072K)
 Metaspace       used 131037K, capacity 135478K, committed 135552K, reserved 1167360K
  class space    used 16374K, capacity 18013K, committed 18048K, reserved 1048576K
}
Event: 5180.029 GC heap before
{Heap before GC invocations=210 (full 0):
 garbage-first heap   total 193536K, used 111616K [0x0000000080000000, 0x0000000100000000)
  region size 1024K, 9 young (9216K), 3 survivors (3072K)
 Metaspace       used 131334K, capacity 135766K, committed 135808K, reserved 1167360K
  class space    used 16410K, capacity 18045K, committed 18048K, reserved 1048576K
}
Event: 5180.082 GC heap after
{Heap after GC invocations=211 (full 0):
 garbage-first heap   total 193536K, used 105147K [0x0000000080000000, 0x0000000100000000)
  region size 1024K, 1 young (1024K), 1 survivors (1024K)
 Metaspace       used 131334K, capacity 135766K, committed 135808K, reserved 1167360K
  class space    used 16410K, capacity 18045K, committed 18048K, reserved 1048576K
}
Event: 5180.194 GC heap before
{Heap before GC invocations=211 (full 0):
 garbage-first heap   total 193536K, used 107195K [0x0000000080000000, 0x0000000100000000)
  region size 1024K, 4 young (4096K), 1 survivors (1024K)
 Metaspace       used 131455K, capacity 135924K, committed 136192K, reserved 1167360K
  class space    used 16433K, capacity 18086K, committed 18176K, reserved 1048576K
}
Event: 5180.204 GC heap after
{Heap after GC invocations=212 (full 0):
 garbage-first heap   total 193536K, used 105201K [0x0000000080000000, 0x0000000100000000)
  region size 1024K, 1 young (1024K), 1 survivors (1024K)
 Metaspace       used 131455K, capacity 135924K, committed 136192K, reserved 1167360K
  class space    used 16433K, capacity 18086K, committed 18176K, reserved 1048576K
}

Deoptimization events (20 events):
Event: 5179.268 Thread 0x0000021af209a800 Uncommon trap: trap_request=0xffffff4d fr.pc=0x0000021ae08279e8 relative=0x0000000000000c28
Event: 5179.268 Thread 0x0000021af209a800 Uncommon trap: reason=unstable_if action=reinterpret pc=0x0000021ae08279e8 method=java.lang.ClassLoader.loadClass(Ljava/lang/String;Z)Ljava/lang/Class; @ 29 c2
Event: 5179.268 Thread 0x0000021af209a800 DEOPT PACKING pc=0x0000021ae08279e8 sp=0x0000005cb24f6e40
Event: 5179.268 Thread 0x0000021af209a800 DEOPT UNPACKING pc=0x0000021ad8aa662f sp=0x0000005cb24f6e08 mode 2
Event: 5179.771 Thread 0x0000021af209a800 Uncommon trap: trap_request=0xffffff4d fr.pc=0x0000021ae16e0d64 relative=0x0000000000002464
Event: 5179.771 Thread 0x0000021af209a800 Uncommon trap: reason=unstable_if action=reinterpret pc=0x0000021ae16e0d64 method=org.codehaus.groovy.runtime.metaclass.MetaMethodIndex.copyNonPrivateNonNewMetaMethods(Lorg/codehaus/groovy/runtime/metaclass/MetaMethodIndex$Entry;Lorg/codehaus/groovy/runti
Event: 5179.771 Thread 0x0000021af209a800 DEOPT PACKING pc=0x0000021ae16e0d64 sp=0x0000005cb24f7420
Event: 5179.771 Thread 0x0000021af209a800 DEOPT UNPACKING pc=0x0000021ad8aa662f sp=0x0000005cb24f7438 mode 2
Event: 5179.814 Thread 0x0000021af209a800 Uncommon trap: trap_request=0xffffff4d fr.pc=0x0000021ae16d5c48 relative=0x00000000000009a8
Event: 5179.814 Thread 0x0000021af209a800 Uncommon trap: reason=unstable_if action=reinterpret pc=0x0000021ae16d5c48 method=groovy.lang.MetaClassImpl.checkIfStdMethod(Lgroovy/lang/MetaMethod;)V @ 55 c2
Event: 5179.814 Thread 0x0000021af209a800 DEOPT PACKING pc=0x0000021ae16d5c48 sp=0x0000005cb24f73a0
Event: 5179.814 Thread 0x0000021af209a800 DEOPT UNPACKING pc=0x0000021ad8aa662f sp=0x0000005cb24f7358 mode 2
Event: 5181.110 Thread 0x0000021af209a800 Uncommon trap: trap_request=0xffffff4d fr.pc=0x0000021ae0d37e20 relative=0x00000000000005e0
Event: 5181.110 Thread 0x0000021af209a800 Uncommon trap: reason=unstable_if action=reinterpret pc=0x0000021ae0d37e20 method=java.lang.ThreadLocal$ThreadLocalMap.remove(Ljava/lang/ThreadLocal;)V @ 26 c2
Event: 5181.110 Thread 0x0000021af209a800 DEOPT PACKING pc=0x0000021ae0d37e20 sp=0x0000005cb24fa630
Event: 5181.110 Thread 0x0000021af209a800 DEOPT UNPACKING pc=0x0000021ad8aa662f sp=0x0000005cb24fa578 mode 2
Event: 5181.111 Thread 0x0000021af209a800 Uncommon trap: trap_request=0xffffff4d fr.pc=0x0000021ae0e53d60 relative=0x0000000000001120
Event: 5181.111 Thread 0x0000021af209a800 Uncommon trap: reason=unstable_if action=reinterpret pc=0x0000021ae0e53d60 method=org.gradle.tooling.internal.provider.runner.SubtreeFilteringBuildOperationListener.started(Lorg/gradle/internal/operations/BuildOperationDescriptor;Lorg/gradle/internal/oper
Event: 5181.111 Thread 0x0000021af209a800 DEOPT PACKING pc=0x0000021ae0e53d60 sp=0x0000005cb24fb6d0
Event: 5181.112 Thread 0x0000021af209a800 DEOPT UNPACKING pc=0x0000021ad8aa662f sp=0x0000005cb24fb6a8 mode 2

Classes redefined (0 events):
No events

Internal exceptions (20 events):
Event: 5179.709 Thread 0x0000021af209a800 Exception <a 'java/lang/ClassNotFoundException'{0x000000008bc71468}: org/jetbrains/plugins/gradle/tooling/builder/EarModelBuilderImplBeanInfo> (0x000000008bc71468) thrown at [./src/hotspot/share/classfile/systemDictionary.cpp, line 231]
Event: 5179.749 Thread 0x0000021af209a800 Exception <a 'java/lang/ClassNotFoundException'{0x000000008bc7f3c8}: org/jetbrains/plugins/gradle/tooling/builder/EarModelBuilderImplCustomizer> (0x000000008bc7f3c8) thrown at [./src/hotspot/share/classfile/systemDictionary.cpp, line 231]
Event: 5179.774 Thread 0x0000021af209a800 Exception <a 'java/lang/ClassNotFoundException'{0x000000008bb4a100}: org/jetbrains/plugins/gradle/tooling/builder/ScalaModelBuilderImplBeanInfo> (0x000000008bb4a100) thrown at [./src/hotspot/share/classfile/systemDictionary.cpp, line 231]
Event: 5179.774 Thread 0x0000021af209a800 Exception <a 'java/lang/ClassNotFoundException'{0x000000008bb57f08}: org/jetbrains/plugins/gradle/tooling/builder/ScalaModelBuilderImplCustomizer> (0x000000008bb57f08) thrown at [./src/hotspot/share/classfile/systemDictionary.cpp, line 231]
Event: 5179.816 Thread 0x0000021af209a800 Exception <a 'java/lang/ClassNotFoundException'{0x000000008bbc6dd0}: org/jetbrains/plugins/gradle/tooling/builder/ExternalProjectBuilderImpl$1BeanInfo> (0x000000008bbc6dd0) thrown at [./src/hotspot/share/classfile/systemDictionary.cpp, line 231]
Event: 5179.817 Thread 0x0000021af209a800 Exception <a 'java/lang/ClassNotFoundException'{0x000000008bbd4f00}: org/jetbrains/plugins/gradle/tooling/builder/ExternalProjectBuilderImpl$1Customizer> (0x000000008bbd4f00) thrown at [./src/hotspot/share/classfile/systemDictionary.cpp, line 231]
Event: 5179.828 Thread 0x0000021af209a800 Exception <a 'java/lang/ClassNotFoundException'{0x000000008ba482c8}: org/jetbrains/plugins/gradle/tooling/builder/ExternalProjectBuilderImplBeanInfo> (0x000000008ba482c8) thrown at [./src/hotspot/share/classfile/systemDictionary.cpp, line 231]
Event: 5179.829 Thread 0x0000021af209a800 Exception <a 'java/lang/ClassNotFoundException'{0x000000008ba56210}: org/jetbrains/plugins/gradle/tooling/builder/ExternalProjectBuilderImplCustomizer> (0x000000008ba56210) thrown at [./src/hotspot/share/classfile/systemDictionary.cpp, line 231]
Event: 5179.839 Thread 0x0000021af209a800 Exception <a 'java/lang/ClassNotFoundException'{0x000000008bab10c8}: org/jetbrains/plugins/gradle/tooling/builder/DependencyGraphModelBuilderImplBeanInfo> (0x000000008bab10c8) thrown at [./src/hotspot/share/classfile/systemDictionary.cpp, line 231]
Event: 5179.839 Thread 0x0000021af209a800 Exception <a 'java/lang/ClassNotFoundException'{0x000000008babf4e8}: org/jetbrains/plugins/gradle/tooling/builder/DependencyGraphModelBuilderImplCustomizer> (0x000000008babf4e8) thrown at [./src/hotspot/share/classfile/systemDictionary.cpp, line 231]
Event: 5179.885 Thread 0x0000021af209a800 Exception <a 'java/lang/ClassNotFoundException'{0x000000008b912dc0}: org/jetbrains/plugins/gradle/tooling/builder/ExternalTestsModelBuilderImplBeanInfo> (0x000000008b912dc0) thrown at [./src/hotspot/share/classfile/systemDictionary.cpp, line 231]
Event: 5179.886 Thread 0x0000021af209a800 Exception <a 'java/lang/ClassNotFoundException'{0x000000008b921178}: org/jetbrains/plugins/gradle/tooling/builder/ExternalTestsModelBuilderImplCustomizer> (0x000000008b921178) thrown at [./src/hotspot/share/classfile/systemDictionary.cpp, line 231]
Event: 5179.967 Thread 0x0000021af209a800 Exception <a 'java/lang/ClassNotFoundException'{0x000000008b8e2950}: org/jetbrains/plugins/gradle/tooling/builder/ProjectExtensionsDataBuilderImplBeanInfo> (0x000000008b8e2950) thrown at [./src/hotspot/share/classfile/systemDictionary.cpp, line 231]
Event: 5179.969 Thread 0x0000021af209a800 Exception <a 'java/lang/ClassNotFoundException'{0x000000008b8f0b48}: org/jetbrains/plugins/gradle/tooling/builder/ProjectExtensionsDataBuilderImplCustomizer> (0x000000008b8f0b48) thrown at [./src/hotspot/share/classfile/systemDictionary.cpp, line 231]
Event: 5179.974 Thread 0x0000021af209a800 Exception <a 'java/lang/ClassNotFoundException'{0x000000008b72b668}: org/jetbrains/plugins/gradle/tooling/builder/IntelliJSettingsBuilderBeanInfo> (0x000000008b72b668) thrown at [./src/hotspot/share/classfile/systemDictionary.cpp, line 231]
Event: 5179.975 Thread 0x0000021af209a800 Exception <a 'java/lang/ClassNotFoundException'{0x000000008b739508}: org/jetbrains/plugins/gradle/tooling/builder/IntelliJSettingsBuilderCustomizer> (0x000000008b739508) thrown at [./src/hotspot/share/classfile/systemDictionary.cpp, line 231]
Event: 5179.983 Thread 0x0000021af209a800 Exception <a 'java/lang/ClassNotFoundException'{0x000000008b773cb8}: org/jetbrains/plugins/gradle/tooling/builder/IntelliJProjectSettingsBuilderBeanInfo> (0x000000008b773cb8) thrown at [./src/hotspot/share/classfile/systemDictionary.cpp, line 231]
Event: 5179.984 Thread 0x0000021af209a800 Exception <a 'java/lang/ClassNotFoundException'{0x000000008b7820b0}: org/jetbrains/plugins/gradle/tooling/builder/IntelliJProjectSettingsBuilderCustomizer> (0x000000008b7820b0) thrown at [./src/hotspot/share/classfile/systemDictionary.cpp, line 231]
Event: 5180.085 Thread 0x0000021af209a800 Exception <a 'java/lang/ClassNotFoundException'{0x000000008bcc0338}: java/util/concurrent/CopyOnWriteArrayListBeanInfo> (0x000000008bcc0338) thrown at [./src/hotspot/share/classfile/systemDictionary.cpp, line 231]
Event: 5180.085 Thread 0x0000021af209a800 Exception <a 'java/lang/ClassNotFoundException'{0x000000008bcc8b10}: java/util/concurrent/CopyOnWriteArrayListCustomizer> (0x000000008bcc8b10) thrown at [./src/hotspot/share/classfile/systemDictionary.cpp, line 231]

Events (20 events):
Event: 5181.098 loading class com/android/ide/gradle/model/artifacts/samples/SamplesVariantRule
Event: 5181.098 loading class com/android/ide/gradle/model/artifacts/samples/SamplesVariantRule done
Event: 5181.098 loading class org/gradle/api/artifacts/ComponentMetadataRule
Event: 5181.098 loading class org/gradle/api/artifacts/ComponentMetadataRule done
Event: 5181.098 loading class org/gradle/api/artifacts/ComponentMetadataRule
Event: 5181.098 loading class org/gradle/api/artifacts/ComponentMetadataRule done
Event: 5181.099 Executing VM operation: RevokeBias
Event: 5181.099 Executing VM operation: RevokeBias done
Event: 5181.100 loading class org/gradle/api/artifacts/dsl/ComponentMetadataHandler
Event: 5181.100 loading class org/gradle/api/artifacts/dsl/ComponentMetadataHandler done
Event: 5181.100 loading class org/gradle/api/artifacts/CacheableRule
Event: 5181.100 loading class org/gradle/api/artifacts/CacheableRule done
Event: 5181.102 loading class org/gradle/api/internal/artifacts/dsl/ClassBasedMetadataRuleWrapper
Event: 5181.102 loading class org/gradle/api/internal/artifacts/dsl/ClassBasedMetadataRuleWrapper done
Event: 5181.105 loading class com/android/ide/gradle/model/artifacts/builder/AdditionalClassifierArtifactsModelBuilder
Event: 5181.105 loading class com/android/ide/gradle/model/artifacts/builder/AdditionalClassifierArtifactsModelBuilder done
Event: 5181.112 loading class org/gradle/api/internal/project/ProjectInternal
Event: 5181.112 loading class org/gradle/api/internal/project/ProjectInternal done
Event: 5181.113 loading class groovy/runtime/metaclass/org/gradle/internal/service/scopes/ProjectScopeServicesMetaClass
Event: 5181.113 loading class groovy/runtime/metaclass/org/gradle/internal/service/scopes/ProjectScopeServicesMetaClass done


Dynamic libraries:
0x00007ff6bda60000 - 0x00007ff6bda6a000 	C:\Program Files\Android\Android Studio\jre\bin\java.exe
0x00007ffa65d30000 - 0x00007ffa65f25000 	C:\WINDOWS\SYSTEM32\ntdll.dll
0x00007ffa659c0000 - 0x00007ffa65a7d000 	C:\WINDOWS\System32\KERNEL32.DLL
0x00007ffa636e0000 - 0x00007ffa639ad000 	C:\WINDOWS\System32\KERNELBASE.dll
0x00007ffa63a80000 - 0x00007ffa63b80000 	C:\WINDOWS\System32\ucrtbase.dll
0x00007ffa27960000 - 0x00007ffa27977000 	C:\Program Files\Android\Android Studio\jre\bin\VCRUNTIME140.dll
0x00007ffa26920000 - 0x00007ffa26939000 	C:\Program Files\Android\Android Studio\jre\bin\jli.dll
0x00007ffa641c0000 - 0x00007ffa64360000 	C:\WINDOWS\System32\USER32.dll
0x00007ffa63bf0000 - 0x00007ffa63c12000 	C:\WINDOWS\System32\win32u.dll
0x00007ffa3ce70000 - 0x00007ffa3d10a000 	C:\WINDOWS\WinSxS\amd64_microsoft.windows.common-controls_6595b64144ccf1df_6.0.19041.1110_none_60b5254171f9507e\COMCTL32.dll
0x00007ffa64430000 - 0x00007ffa6445a000 	C:\WINDOWS\System32\GDI32.dll
0x00007ffa65b00000 - 0x00007ffa65b9e000 	C:\WINDOWS\System32\msvcrt.dll
0x00007ffa634d0000 - 0x00007ffa635db000 	C:\WINDOWS\System32\gdi32full.dll
0x00007ffa639e0000 - 0x00007ffa63a7d000 	C:\WINDOWS\System32\msvcp_win.dll
0x00007ffa640f0000 - 0x00007ffa64120000 	C:\WINDOWS\System32\IMM32.DLL
0x00007ffa05c90000 - 0x00007ffa05d2d000 	C:\Program Files\Android\Android Studio\jre\bin\msvcp140.dll
0x00007ff9e4f30000 - 0x00007ff9e5a05000 	C:\Program Files\Android\Android Studio\jre\bin\server\jvm.dll
0x00007ffa64f10000 - 0x00007ffa64fbe000 	C:\WINDOWS\System32\ADVAPI32.dll
0x00007ffa64e70000 - 0x00007ffa64f0c000 	C:\WINDOWS\System32\sechost.dll
0x00007ffa65ba0000 - 0x00007ffa65cc5000 	C:\WINDOWS\System32\RPCRT4.dll
0x00007ffa641b0000 - 0x00007ffa641b8000 	C:\WINDOWS\System32\PSAPI.DLL
0x00007ffa309c0000 - 0x00007ffa309c9000 	C:\WINDOWS\SYSTEM32\WSOCK32.dll
0x00007ffa643c0000 - 0x00007ffa6442b000 	C:\WINDOWS\System32\WS2_32.dll
0x00007ffa52200000 - 0x00007ffa52227000 	C:\WINDOWS\SYSTEM32\WINMM.dll
0x00007ffa59dc0000 - 0x00007ffa59dca000 	C:\WINDOWS\SYSTEM32\VERSION.dll
0x00007ffa61340000 - 0x00007ffa61352000 	C:\WINDOWS\SYSTEM32\kernel.appcore.dll
0x00007ffa21680000 - 0x00007ffa21691000 	C:\Program Files\Android\Android Studio\jre\bin\verify.dll
0x00007ffa50cc0000 - 0x00007ffa50ea4000 	C:\WINDOWS\SYSTEM32\DBGHELP.DLL
0x00007ffa50280000 - 0x00007ffa502ac000 	C:\WINDOWS\SYSTEM32\dbgcore.DLL
0x00007ffa63440000 - 0x00007ffa634c2000 	C:\WINDOWS\System32\bcryptPrimitives.dll
0x00007ffa1ead0000 - 0x00007ffa1eaf9000 	C:\Program Files\Android\Android Studio\jre\bin\java.dll
0x00007ffa29d80000 - 0x00007ffa29d8b000 	C:\Program Files\Android\Android Studio\jre\bin\jimage.dll
0x00007ffa1aff0000 - 0x00007ffa1b008000 	C:\Program Files\Android\Android Studio\jre\bin\zip.dll
0x00007ffa64470000 - 0x00007ffa64bb4000 	C:\WINDOWS\System32\SHELL32.dll
0x00007ffa61540000 - 0x00007ffa61cd4000 	C:\WINDOWS\SYSTEM32\windows.storage.dll
0x00007ffa651e0000 - 0x00007ffa65534000 	C:\WINDOWS\System32\combase.dll
0x00007ffa62dd0000 - 0x00007ffa62dfc000 	C:\WINDOWS\SYSTEM32\Wldp.dll
0x00007ffa64bc0000 - 0x00007ffa64c6d000 	C:\WINDOWS\System32\SHCORE.dll
0x00007ffa64360000 - 0x00007ffa643b5000 	C:\WINDOWS\System32\shlwapi.dll
0x00007ffa63380000 - 0x00007ffa6339f000 	C:\WINDOWS\SYSTEM32\profapi.dll
0x00007ffa086d0000 - 0x00007ffa086ea000 	C:\Program Files\Android\Android Studio\jre\bin\net.dll
0x00007ffa58950000 - 0x00007ffa58a5a000 	C:\WINDOWS\SYSTEM32\WINHTTP.dll
0x00007ffa62b30000 - 0x00007ffa62b9a000 	C:\WINDOWS\system32\mswsock.dll
0x00007ffa086b0000 - 0x00007ffa086c4000 	C:\Program Files\Android\Android Studio\jre\bin\nio.dll
0x00007ffa57b80000 - 0x00007ffa57ba7000 	C:\Users\Sajda\.gradle\native\e1d6ef7f7dcc3fd88c89a11ec53ec762bb8ba0a96d01ffa2cd45eb1d1d8dd5c5\windows-amd64\native-platform.dll
0x00007ff9ea8f0000 - 0x00007ff9eaa34000 	C:\Users\Sajda\.gradle\native\5664cfc778a61ccfe75a443a1ab52a65af34e5dc3c78e0209fed803814484fcb\windows-amd64\native-platform-file-events.dll
0x00007ffa26910000 - 0x00007ffa2691a000 	C:\Program Files\Android\Android Studio\jre\bin\management.dll
0x00007ffa238f0000 - 0x00007ffa238fd000 	C:\Program Files\Android\Android Studio\jre\bin\management_ext.dll
0x00007ffa62d20000 - 0x00007ffa62d38000 	C:\WINDOWS\SYSTEM32\CRYPTSP.dll
0x00007ffa624b0000 - 0x00007ffa624e4000 	C:\WINDOWS\system32\rsaenh.dll
0x00007ffa639b0000 - 0x00007ffa639d7000 	C:\WINDOWS\System32\bcrypt.dll
0x00007ffa63300000 - 0x00007ffa6332e000 	C:\WINDOWS\SYSTEM32\USERENV.dll
0x00007ffa62d40000 - 0x00007ffa62d4c000 	C:\WINDOWS\SYSTEM32\CRYPTBASE.dll
0x00007ffa62820000 - 0x00007ffa6285b000 	C:\WINDOWS\SYSTEM32\IPHLPAPI.DLL
0x00007ffa651d0000 - 0x00007ffa651d8000 	C:\WINDOWS\System32\NSI.dll
0x00007ffa5ba90000 - 0x00007ffa5baa7000 	C:\WINDOWS\SYSTEM32\dhcpcsvc6.DLL
0x00007ffa5a2b0000 - 0x00007ffa5a2cd000 	C:\WINDOWS\SYSTEM32\dhcpcsvc.DLL
0x00007ffa62860000 - 0x00007ffa6292b000 	C:\WINDOWS\SYSTEM32\DNSAPI.dll
0x00007ffa62140000 - 0x00007ffa62173000 	C:\WINDOWS\SYSTEM32\ntmarta.dll
0x00007ffa24e10000 - 0x00007ffa24e37000 	C:\Program Files\Android\Android Studio\jre\bin\sunec.dll

dbghelp: loaded successfully - version: 4.0.5 - missing functions: none
symbol engine: initialized successfully - sym options: 0x614 - pdb path: .;C:\Program Files\Android\Android Studio\jre\bin;C:\WINDOWS\SYSTEM32;C:\WINDOWS\WinSxS\amd64_microsoft.windows.common-controls_6595b64144ccf1df_6.0.19041.1110_none_60b5254171f9507e;C:\Program Files\Android\Android Studio\jre\bin\server;C:\Users\Sajda\.gradle\native\e1d6ef7f7dcc3fd88c89a11ec53ec762bb8ba0a96d01ffa2cd45eb1d1d8dd5c5\windows-amd64;C:\Users\Sajda\.gradle\native\5664cfc778a61ccfe75a443a1ab52a65af34e5dc3c78e0209fed803814484fcb\windows-amd64

VM Arguments:
jvm_args: --add-opens=java.base/java.util=ALL-UNNAMED --add-opens=java.base/java.lang=ALL-UNNAMED --add-opens=java.base/java.lang.invoke=ALL-UNNAMED --add-opens=java.base/java.util=ALL-UNNAMED --add-opens=java.prefs/java.util.prefs=ALL-UNNAMED --add-opens=java.prefs/java.util.prefs=ALL-UNNAMED --add-opens=java.base/java.nio.charset=ALL-UNNAMED --add-opens=java.base/java.net=ALL-UNNAMED --add-opens=java.base/java.util.concurrent.atomic=ALL-UNNAMED -Xmx2048m -Dfile.encoding=UTF-8 -Duser.country=US -Duser.language=en -Duser.variant 
java_command: org.gradle.launcher.daemon.bootstrap.GradleDaemon 7.2
java_class_path (initial): C:\Users\Sajda\.gradle\wrapper\dists\gradle-7.2-bin\2dnblmf4td7x66yl1d74lt32g\gradle-7.2\lib\gradle-launcher-7.2.jar
Launcher Type: SUN_STANDARD

[Global flags]
     intx CICompilerCount                          = 3                                         {product} {ergonomic}
     uint ConcGCThreads                            = 1                                         {product} {ergonomic}
     uint G1ConcRefinementThreads                  = 4                                         {product} {ergonomic}
   size_t G1HeapRegionSize                         = 1048576                                   {product} {ergonomic}
    uintx GCDrainStackTargetSize                   = 64                                        {product} {ergonomic}
   size_t InitialHeapSize                          = 134217728                                 {product} {ergonomic}
   size_t MarkStackSize                            = 4194304                                   {product} {ergonomic}
   size_t MaxHeapSize                              = 2147483648                                {product} {command line}
   size_t MaxNewSize                               = 1287651328                                {product} {ergonomic}
   size_t MinHeapDeltaBytes                        = 1048576                                   {product} {ergonomic}
    uintx NonNMethodCodeHeapSize                   = 5830732                                {pd product} {ergonomic}
    uintx NonProfiledCodeHeapSize                  = 122913754                              {pd product} {ergonomic}
    uintx ProfiledCodeHeapSize                     = 122913754                              {pd product} {ergonomic}
    uintx ReservedCodeCacheSize                    = 251658240                              {pd product} {ergonomic}
     bool SegmentedCodeCache                       = true                                      {product} {ergonomic}
     bool UseCompressedClassPointers               = true                                 {lp64_product} {ergonomic}
     bool UseCompressedOops                        = true                                 {lp64_product} {ergonomic}
     bool UseG1GC                                  = true                                      {product} {ergonomic}
     bool UseLargePagesIndividualAllocation        = false                                  {pd product} {ergonomic}

Logging:
Log output configuration:
 #0: stdout all=warning uptime,level,tags
 #1: stderr all=off uptime,level,tags

Environment Variables:
PATH=C:\Program Files\python\Scripts\;C:\Program Files\python\;C:\ActiveTcl\bin;C:\Program Files (x86)\Common Files\Oracle\Java\javapath;C:\Program Files (x86)\Intel\iCLS Client\;C:\Program Files\Intel\iCLS Client\;C:\WINDOWS\system32;C:\WINDOWS;C:\WINDOWS\System32\Wbem;C:\WINDOWS\System32\WindowsPowerShell\v1.0\;C:\Program Files (x86)\Intel\Intel(R) Management Engine Components\DAL;C:\Program Files\Intel\Intel(R) Management Engine Components\DAL;C:\Program Files (x86)\Intel\Intel(R) Management Engine Components\IPT;C:\Program Files\Intel\Intel(R) Management Engine Components\IPT;C:\WINDOWS\System32\OpenSSH\;C:\Program Files\Intel\WiFi\bin\;C:\Program Files\Common Files\Intel\WirelessCommon\;C:\Program Files (x86)\Microsoft SQL Server\150\DTS\Binn\;C:\Program Files\dotnet\;C:\Program Files\Microsoft SQL Server\130\Tools\Binn\;C:\Program Files\Microsoft SQL Server\Client SDK\ODBC\110\Tools\Binn\;C:\Program Files (x86)\Microsoft SQL Server\120\Tools\Binn\;C:\Program Files\Microsoft SQL Server\120\Tools\Binn\;C:\Program Files\Microsoft SQL Server\120\DTS\Binn\;C:\Program Files (x86)\Microsoft SQL Server\120\Tools\Binn\ManagementStudio\;C:\Program Files (x86)\Microsoft SQL Server\120\DTS\Binn\;C:\Program Files\Microsoft SQL Server\Client SDK\ODBC\170\Tools\Binn\;C:\Program Files (x86)\Microsoft SQL Server\150\Tools\Binn\;C:\Program Files\Microsoft SQL Server\150\Tools\Binn\;C:\Program Files\Microsoft SQL Server\150\DTS\Binn\;C:\Apache24\bin;C:\xampp\php;C:\ProgramData\chocolatey\bin;C:\Program Files\nodejs\;C:\Program Files\Git\cmd;C:\composer;C:\Users\Sajda\AppData\Local\Programs\Python\Python38-32\Scripts\;C:\Users\Sajda\AppData\Local\Programs\Python\Python38-32\;C:\Users\Sajda\AppData\Local\Microsoft\WindowsApps;C:\Users\Sajda\AppData\Local\Programs\Microsoft VS Code\bin;C:\Users\Sajda\AppData\Local\atom\bin;C:\Users\Sajda\.dotnet\tools;C:\Windows\Microsoft.NET\Framework64\v4.0.30319;C:\Users\Sajda\AppData\Local\Microsoft\WindowsApps;C:\Users\Sajda\AppData\Roaming\Compo
USERNAME=Sajda
OS=Windows_NT
PROCESSOR_IDENTIFIER=Intel64 Family 6 Model 78 Stepping 3, GenuineIntel



---------------  S Y S T E M  ---------------

OS: Windows 10 , 64 bit Build 19041 (10.0.19041.1706)
OS uptime: 0 days 4:31 hours

CPU:total 4 (initial active 4) (2 cores per cpu, 2 threads per core) family 6 model 78 stepping 3 microcode 0xcc, cmov, cx8, fxsr, mmx, sse, sse2, sse3, ssse3, sse4.1, sse4.2, popcnt, avx, avx2, aes, clmul, erms, 3dnowpref, lzcnt, ht, tsc, tscinvbit, bmi1, bmi2, adx, fma

Memory: 4k page, system-wide physical 8069M (344M free)
TotalPageFile size 16058M (AvailPageFile size 3M)
current process WorkingSet (physical memory assigned to process): 430M, peak: 482M
current process commit charge ("private bytes"): 577M, peak: 580M

vm_info: OpenJDK 64-Bit Server VM (11.0.11+9-b60-7590822) for windows-amd64 JRE (11.0.11+9-b60-7590822), built on Jul 29 2021 21:43:44 by "builder" with MS VC++ 14.0 (VS2015)

END.
