#
# There is insufficient memory for the Java Runtime Environment to continue.
# Native memory allocation (malloc) failed to allocate 32744 bytes for ChunkPool::allocate
# Possible reasons:
#   The system is out of physical RAM or swap space
#   The process is running with CompressedOops enabled, and the Java Heap may be blocking the growth of the native heap
# Possible solutions:
#   Reduce memory load on the system
#   Increase physical memory or swap space
#   Check if swap backing store is full
#   Decrease Java heap size (-Xmx/-Xms)
#   Decrease number of Java threads
#   Decrease Java thread stack sizes (-Xss)
#   Set larger code cache with -XX:ReservedCodeCacheSize=
#   JVM is running with Unscaled Compressed Oops mode in which the Java heap is
#     placed in the first 4GB address space. The Java Heap base address is the
#     maximum limit for the native heap growth. Please use -XX:HeapBaseMinAddress
#     to set the Java Heap base and to place the Java Heap above 4GB virtual address.
# This output file may be truncated or incomplete.
#
#  Out of Memory Error (./src/hotspot/share/memory/arena.cpp:81), pid=17044, tid=5112
#
# JRE version: OpenJDK Runtime Environment (11.0.11+9) (build 11.0.11+9-b60-7590822)
# Java VM: OpenJDK 64-Bit Server VM (11.0.11+9-b60-7590822, mixed mode, tiered, compressed oops, g1 gc, windows-amd64)
# No core dump will be written. Minidumps are not enabled by default on client versions of Windows
#

---------------  S U M M A R Y ------------

Command Line: --add-opens=java.base/java.util=ALL-UNNAMED --add-opens=java.base/java.lang=ALL-UNNAMED --add-opens=java.base/java.lang.invoke=ALL-UNNAMED --add-opens=java.base/java.util=ALL-UNNAMED --add-opens=java.prefs/java.util.prefs=ALL-UNNAMED --add-opens=java.prefs/java.util.prefs=ALL-UNNAMED --add-opens=java.base/java.nio.charset=ALL-UNNAMED --add-opens=java.base/java.net=ALL-UNNAMED --add-opens=java.base/java.util.concurrent.atomic=ALL-UNNAMED -Xmx2048m -Dfile.encoding=UTF-8 -Duser.country=US -Duser.language=en -Duser.variant org.gradle.launcher.daemon.bootstrap.GradleDaemon 7.2

Host: Intel(R) Core(TM) i5-6200U CPU @ 2.30GHz, 4 cores, 7G,  Windows 10 , 64 bit Build 19041 (10.0.19041.1645)
Time: Fri May 13 23:26:13 2022 Turkey Standard Time elapsed time: 6355.564497 seconds (0d 1h 45m 55s)

---------------  T H R E A D  ---------------

Current thread (0x0000024d41b84800):  JavaThread "C2 CompilerThread0" daemon [_thread_in_native, id=5112, stack(0x000000a1ac500000,0x000000a1ac600000)]


Current CompileTask:
C2:6355564 26191       4       com.android.tools.r8.graph.k0::a (46 bytes)

Stack: [0x000000a1ac500000,0x000000a1ac600000]
Native frames: (J=compiled Java code, j=interpreted, Vv=VM code, C=native code)
V  [jvm.dll+0x5f214a]
V  [jvm.dll+0x726fb5]
V  [jvm.dll+0x7285cd]
V  [jvm.dll+0x728c83]
V  [jvm.dll+0x243278]
V  [jvm.dll+0xbc78b]
V  [jvm.dll+0xbca3c]
V  [jvm.dll+0xbc638]
V  [jvm.dll+0x5d14e0]
V  [jvm.dll+0x62214e]
V  [jvm.dll+0x198a28]
V  [jvm.dll+0x1fc2ee]
V  [jvm.dll+0x1fb3d4]
V  [jvm.dll+0x183d6c]
V  [jvm.dll+0x209a57]
V  [jvm.dll+0x2082a1]
V  [jvm.dll+0x6ef58f]
V  [jvm.dll+0x6e80b5]
V  [jvm.dll+0x5f1036]
C  [ucrtbase.dll+0x21bb2]
C  [KERNEL32.DLL+0x17034]
C  [ntdll.dll+0x52651]


---------------  P R O C E S S  ---------------

Threads class SMR info:
_java_thread_list=0x0000024d49ac3330, length=98, elements={
0x0000024d27f7f800, 0x0000024d41b5f800, 0x0000024d41b69800, 0x0000024d41b7c800,
0x0000024d41b7d000, 0x0000024d41b7f800, 0x0000024d41b84800, 0x0000024d41b85800,
0x0000024d41bac000, 0x0000024d4262b800, 0x0000024d43974800, 0x0000024d426df800,
0x0000024d4379c800, 0x0000024d4490d800, 0x0000024d4490e800, 0x0000024d4490f800,
0x0000024d44910000, 0x0000024d4490b800, 0x0000024d4522b000, 0x0000024d45229800,
0x0000024d4522f000, 0x0000024d4522c000, 0x0000024d45232800, 0x0000024d488a0000,
0x0000024d4889e800, 0x0000024d45a96800, 0x0000024d48897000, 0x0000024d45231000,
0x0000024d45231800, 0x0000024d4522c800, 0x0000024d4522e800, 0x0000024d45233000,
0x0000024d45235800, 0x0000024d45234000, 0x0000024d45236800, 0x0000024d45237800,
0x0000024d49bc0000, 0x0000024d49bc1800, 0x0000024d49bc2800, 0x0000024d49bc6800,
0x0000024d49bc5800, 0x0000024d49bc1000, 0x0000024d49bc7800, 0x0000024d49bc8000,
0x0000024d49bc4000, 0x0000024d49bc9000, 0x0000024d49bc3000, 0x0000024d49bcb800,
0x0000024d49bcd000, 0x0000024d49bce800, 0x0000024d49bce000, 0x0000024d49bca000,
0x0000024d49bca800, 0x0000024d49bcc000, 0x0000024d46623000, 0x0000024d46624000,
0x0000024d46622800, 0x0000024d46620000, 0x0000024d46625000, 0x0000024d46625800,
0x0000024d46626800, 0x0000024d46627800, 0x0000024d46621800, 0x0000024d46629000,
0x0000024d4662a800, 0x0000024d4662a000, 0x0000024d4662b800, 0x0000024d4662c000,
0x0000024d46628000, 0x0000024d4662e800, 0x0000024d4662d000, 0x0000024d4662e000,
0x0000024d45a97800, 0x0000024d45a95000, 0x0000024d45a96000, 0x0000024d45a92000,
0x0000024d45a98800, 0x0000024d45a92800, 0x0000024d45a99000, 0x0000024d45a93800,
0x0000024d45a9f800, 0x0000024d45a9e000, 0x0000024d45aa0800, 0x0000024d45a9b000,
0x0000024d45a9b800, 0x0000024d45a9c800, 0x0000024d48898000, 0x0000024d4889a800,
0x0000024d48896800, 0x0000024d4889b800, 0x0000024d48899000, 0x0000024d48899800,
0x0000024d488a1000, 0x0000024d488a2000, 0x0000024d4889c000, 0x0000024d48895800,
0x0000024d488a2800, 0x0000024d4889d000
}

Java Threads: ( => current thread )
  0x0000024d27f7f800 JavaThread "main" [_thread_blocked, id=2920, stack(0x000000a1ab800000,0x000000a1ab900000)]
  0x0000024d41b5f800 JavaThread "Reference Handler" daemon [_thread_blocked, id=2444, stack(0x000000a1abf00000,0x000000a1ac000000)]
  0x0000024d41b69800 JavaThread "Finalizer" daemon [_thread_blocked, id=120, stack(0x000000a1ac000000,0x000000a1ac100000)]
  0x0000024d41b7c800 JavaThread "Signal Dispatcher" daemon [_thread_blocked, id=17812, stack(0x000000a1ac200000,0x000000a1ac300000)]
  0x0000024d41b7d000 JavaThread "Attach Listener" daemon [_thread_blocked, id=20952, stack(0x000000a1ac300000,0x000000a1ac400000)]
  0x0000024d41b7f800 JavaThread "Service Thread" daemon [_thread_blocked, id=11740, stack(0x000000a1ac400000,0x000000a1ac500000)]
=>0x0000024d41b84800 JavaThread "C2 CompilerThread0" daemon [_thread_in_native, id=5112, stack(0x000000a1ac500000,0x000000a1ac600000)]
  0x0000024d41b85800 JavaThread "C1 CompilerThread0" daemon [_thread_blocked, id=20364, stack(0x000000a1ac600000,0x000000a1ac700000)]
  0x0000024d41bac000 JavaThread "Sweeper thread" daemon [_thread_blocked, id=14144, stack(0x000000a1ac700000,0x000000a1ac800000)]
  0x0000024d4262b800 JavaThread "Common-Cleaner" daemon [_thread_blocked, id=20572, stack(0x000000a1ac800000,0x000000a1ac900000)]
  0x0000024d43974800 JavaThread "Daemon health stats" [_thread_blocked, id=11152, stack(0x000000a1acd00000,0x000000a1ace00000)]
  0x0000024d426df800 JavaThread "Incoming local TCP Connector on port 64114" [_thread_in_native, id=20488, stack(0x000000a1aca00000,0x000000a1acb00000)]
  0x0000024d4379c800 JavaThread "Daemon periodic checks" [_thread_blocked, id=19076, stack(0x000000a1ace00000,0x000000a1acf00000)]
  0x0000024d4490d800 JavaThread "Cache worker for journal cache (C:\Users\Sajda\.gradle\caches\journal-1)" [_thread_blocked, id=15708, stack(0x000000a1ad700000,0x000000a1ad800000)]
  0x0000024d4490e800 JavaThread "File lock request listener" [_thread_in_native, id=584, stack(0x000000a1ad800000,0x000000a1ad900000)]
  0x0000024d4490f800 JavaThread "Cache worker for file hash cache (C:\Users\Sajda\.gradle\caches\7.2\fileHashes)" [_thread_blocked, id=6824, stack(0x000000a1ad900000,0x000000a1ada00000)]
  0x0000024d44910000 JavaThread "File watcher server" daemon [_thread_in_native, id=10964, stack(0x000000a1adc00000,0x000000a1add00000)]
  0x0000024d4490b800 JavaThread "File watcher consumer" daemon [_thread_blocked, id=15536, stack(0x000000a1add00000,0x000000a1ade00000)]
  0x0000024d4522b000 JavaThread "Cache worker for execution history cache (C:\Users\Sajda\.gradle\caches\7.2\executionHistory)" [_thread_blocked, id=17388, stack(0x000000a1ae100000,0x000000a1ae200000)]
  0x0000024d45229800 JavaThread "jar transforms" [_thread_blocked, id=21924, stack(0x000000a1ae200000,0x000000a1ae300000)]
  0x0000024d4522f000 JavaThread "Cache worker for file content cache (C:\Users\Sajda\.gradle\caches\7.2\fileContent)" [_thread_blocked, id=9224, stack(0x000000a1ae300000,0x000000a1ae400000)]
  0x0000024d4522c000 JavaThread "jar transforms Thread 2" [_thread_blocked, id=17716, stack(0x000000a1ae400000,0x000000a1ae500000)]
  0x0000024d45232800 JavaThread "jar transforms Thread 3" [_thread_blocked, id=12260, stack(0x000000a1ae600000,0x000000a1ae700000)]
  0x0000024d488a0000 JavaThread "jar transforms Thread 4" [_thread_blocked, id=19628, stack(0x000000a1b1000000,0x000000a1b1100000)]
  0x0000024d4889e800 JavaThread "Memory manager" [_thread_blocked, id=6196, stack(0x000000a1b1100000,0x000000a1b1200000)]
  0x0000024d45a96800 JavaThread "Cache worker for Java compile cache (C:\Users\Sajda\.gradle\caches\7.2\javaCompile)" [_thread_blocked, id=4504, stack(0x000000a1b1400000,0x000000a1b1500000)]
  0x0000024d48897000 JavaThread "ForkJoinPool.commonPool-worker-7" daemon [_thread_blocked, id=15744, stack(0x000000a1b1e00000,0x000000a1b1f00000)]
  0x0000024d45231000 JavaThread "Daemon Thread 9" [_thread_blocked, id=2948, stack(0x000000a1ab600000,0x000000a1ab700000)]
  0x0000024d45231800 JavaThread "Handler for socket connection from /127.0.0.1:64114 to /127.0.0.1:49625" [_thread_in_native, id=13188, stack(0x000000a1ab700000,0x000000a1ab800000)]
  0x0000024d4522c800 JavaThread "Cancel handler" [_thread_blocked, id=18044, stack(0x000000a1ac100000,0x000000a1ac200000)]
  0x0000024d4522e800 JavaThread "Daemon worker Thread 9" [_thread_blocked, id=7272, stack(0x000000a1ad000000,0x000000a1ad100000)]
  0x0000024d45233000 JavaThread "Asynchronous log dispatcher for DefaultDaemonConnection: socket connection from /127.0.0.1:64114 to /127.0.0.1:49625" [_thread_blocked, id=68, stack(0x000000a1ad100000,0x000000a1ad200000)]
  0x0000024d45235800 JavaThread "Stdin handler" [_thread_blocked, id=776, stack(0x000000a1ad200000,0x000000a1ad300000)]
  0x0000024d45234000 JavaThread "Daemon client event forwarder" [_thread_blocked, id=2388, stack(0x000000a1ad300000,0x000000a1ad400000)]
  0x0000024d45236800 JavaThread "Cache worker for file hash cache (C:\Users\Sajda\AndroidStudioProjects\OnlineSiparisApplication\.gradle\7.2\fileHashes)" [_thread_blocked, id=3612, stack(0x000000a1ad400000,0x000000a1ad500000)]
  0x0000024d45237800 JavaThread "Cache worker for checksums cache (C:\Users\Sajda\AndroidStudioProjects\OnlineSiparisApplication\.gradle\checksums)" [_thread_blocked, id=18528, stack(0x000000a1ad500000,0x000000a1ad600000)]
  0x0000024d49bc0000 JavaThread "Cache worker for cache directory md-supplier (C:\Users\Sajda\.gradle\caches\7.2\md-supplier)" [_thread_blocked, id=23132, stack(0x000000a1ad600000,0x000000a1ad700000)]
  0x0000024d49bc1800 JavaThread "Cache worker for cache directory md-rule (C:\Users\Sajda\.gradle\caches\7.2\md-rule)" [_thread_blocked, id=21820, stack(0x000000a1ada00000,0x000000a1adb00000)]
  0x0000024d49bc2800 JavaThread "Cache worker for dependencies-accessors (C:\Users\Sajda\AndroidStudioProjects\OnlineSiparisApplication\.gradle\7.2\dependencies-accessors)" [_thread_blocked, id=11676, stack(0x000000a1adb00000,0x000000a1adc00000)]
  0x0000024d49bc6800 JavaThread "Cache worker for Build Output Cleanup Cache (C:\Users\Sajda\AndroidStudioProjects\OnlineSiparisApplication\.gradle\buildOutputCleanup)" [_thread_blocked, id=12820, stack(0x000000a1ade00000,0x000000a1adf00000)]
  0x0000024d49bc5800 JavaThread "Unconstrained build operations" [_thread_blocked, id=16512, stack(0x000000a1adf00000,0x000000a1ae000000)]
  0x0000024d49bc1000 JavaThread "Unconstrained build operations Thread 2" [_thread_blocked, id=18052, stack(0x000000a1ae000000,0x000000a1ae100000)]
  0x0000024d49bc7800 JavaThread "Unconstrained build operations Thread 3" [_thread_blocked, id=23508, stack(0x000000a1ae500000,0x000000a1ae600000)]
  0x0000024d49bc8000 JavaThread "Unconstrained build operations Thread 4" [_thread_blocked, id=11080, stack(0x000000a1ae700000,0x000000a1ae800000)]
  0x0000024d49bc4000 JavaThread "Unconstrained build operations Thread 5" [_thread_blocked, id=7344, stack(0x000000a1ae800000,0x000000a1ae900000)]
  0x0000024d49bc9000 JavaThread "Unconstrained build operations Thread 6" [_thread_blocked, id=14644, stack(0x000000a1ae900000,0x000000a1aea00000)]
  0x0000024d49bc3000 JavaThread "Unconstrained build operations Thread 7" [_thread_blocked, id=1940, stack(0x000000a1aea00000,0x000000a1aeb00000)]
  0x0000024d49bcb800 JavaThread "Unconstrained build operations Thread 8" [_thread_blocked, id=17300, stack(0x000000a1aeb00000,0x000000a1aec00000)]
  0x0000024d49bcd000 JavaThread "Unconstrained build operations Thread 9" [_thread_blocked, id=19052, stack(0x000000a1aec00000,0x000000a1aed00000)]
  0x0000024d49bce800 JavaThread "Unconstrained build operations Thread 10" [_thread_blocked, id=20256, stack(0x000000a1aed00000,0x000000a1aee00000)]
  0x0000024d49bce000 JavaThread "Unconstrained build operations Thread 11" [_thread_blocked, id=12420, stack(0x000000a1aee00000,0x000000a1aef00000)]
  0x0000024d49bca000 JavaThread "Unconstrained build operations Thread 12" [_thread_blocked, id=17424, stack(0x000000a1aef00000,0x000000a1af000000)]
  0x0000024d49bca800 JavaThread "Unconstrained build operations Thread 13" [_thread_blocked, id=17856, stack(0x000000a1af000000,0x000000a1af100000)]
  0x0000024d49bcc000 JavaThread "Unconstrained build operations Thread 14" [_thread_blocked, id=12320, stack(0x000000a1af100000,0x000000a1af200000)]
  0x0000024d46623000 JavaThread "Unconstrained build operations Thread 15" [_thread_blocked, id=2684, stack(0x000000a1af200000,0x000000a1af300000)]
  0x0000024d46624000 JavaThread "Unconstrained build operations Thread 16" [_thread_blocked, id=9900, stack(0x000000a1af300000,0x000000a1af400000)]
  0x0000024d46622800 JavaThread "Unconstrained build operations Thread 17" [_thread_blocked, id=22468, stack(0x000000a1af400000,0x000000a1af500000)]
  0x0000024d46620000 JavaThread "Unconstrained build operations Thread 18" [_thread_blocked, id=4492, stack(0x000000a1af500000,0x000000a1af600000)]
  0x0000024d46625000 JavaThread "Unconstrained build operations Thread 19" [_thread_blocked, id=21788, stack(0x000000a1af600000,0x000000a1af700000)]
  0x0000024d46625800 JavaThread "Unconstrained build operations Thread 20" [_thread_blocked, id=22344, stack(0x000000a1af700000,0x000000a1af800000)]
  0x0000024d46626800 JavaThread "Unconstrained build operations Thread 21" [_thread_blocked, id=22052, stack(0x000000a1af800000,0x000000a1af900000)]
  0x0000024d46627800 JavaThread "Unconstrained build operations Thread 22" [_thread_blocked, id=21164, stack(0x000000a1af900000,0x000000a1afa00000)]
  0x0000024d46621800 JavaThread "Unconstrained build operations Thread 23" [_thread_blocked, id=15116, stack(0x000000a1afa00000,0x000000a1afb00000)]
  0x0000024d46629000 JavaThread "Unconstrained build operations Thread 24" [_thread_blocked, id=19724, stack(0x000000a1afb00000,0x000000a1afc00000)]
  0x0000024d4662a800 JavaThread "Unconstrained build operations Thread 25" [_thread_blocked, id=9892, stack(0x000000a1afc00000,0x000000a1afd00000)]
  0x0000024d4662a000 JavaThread "Unconstrained build operations Thread 26" [_thread_blocked, id=20756, stack(0x000000a1afd00000,0x000000a1afe00000)]
  0x0000024d4662b800 JavaThread "Unconstrained build operations Thread 27" [_thread_blocked, id=17632, stack(0x000000a1afe00000,0x000000a1aff00000)]
  0x0000024d4662c000 JavaThread "Unconstrained build operations Thread 28" [_thread_blocked, id=1148, stack(0x000000a1aff00000,0x000000a1b0000000)]
  0x0000024d46628000 JavaThread "Unconstrained build operations Thread 29" [_thread_blocked, id=21024, stack(0x000000a1b0000000,0x000000a1b0100000)]
  0x0000024d4662e800 JavaThread "Unconstrained build operations Thread 30" [_thread_blocked, id=10272, stack(0x000000a1b0100000,0x000000a1b0200000)]
  0x0000024d4662d000 JavaThread "Unconstrained build operations Thread 31" [_thread_blocked, id=15920, stack(0x000000a1b0200000,0x000000a1b0300000)]
  0x0000024d4662e000 JavaThread "Unconstrained build operations Thread 32" [_thread_blocked, id=3652, stack(0x000000a1b0300000,0x000000a1b0400000)]
  0x0000024d45a97800 JavaThread "Unconstrained build operations Thread 33" [_thread_blocked, id=21508, stack(0x000000a1b0400000,0x000000a1b0500000)]
  0x0000024d45a95000 JavaThread "Unconstrained build operations Thread 34" [_thread_blocked, id=19532, stack(0x000000a1b0500000,0x000000a1b0600000)]
  0x0000024d45a96000 JavaThread "Unconstrained build operations Thread 35" [_thread_blocked, id=22396, stack(0x000000a1b0600000,0x000000a1b0700000)]
  0x0000024d45a92000 JavaThread "Unconstrained build operations Thread 36" [_thread_blocked, id=22224, stack(0x000000a1b0700000,0x000000a1b0800000)]
  0x0000024d45a98800 JavaThread "Unconstrained build operations Thread 37" [_thread_blocked, id=13284, stack(0x000000a1b0800000,0x000000a1b0900000)]
  0x0000024d45a92800 JavaThread "Unconstrained build operations Thread 38" [_thread_blocked, id=20388, stack(0x000000a1b0900000,0x000000a1b0a00000)]
  0x0000024d45a99000 JavaThread "Unconstrained build operations Thread 39" [_thread_blocked, id=1808, stack(0x000000a1b0a00000,0x000000a1b0b00000)]
  0x0000024d45a93800 JavaThread "Unconstrained build operations Thread 40" [_thread_blocked, id=20120, stack(0x000000a1b0b00000,0x000000a1b0c00000)]
  0x0000024d45a9f800 JavaThread "build event listener" [_thread_blocked, id=22328, stack(0x000000a1b0d00000,0x000000a1b0e00000)]
  0x0000024d45a9e000 JavaThread "Execution worker for ':'" [_thread_blocked, id=7712, stack(0x000000a1b0e00000,0x000000a1b0f00000)]
  0x0000024d45aa0800 JavaThread "Execution worker for ':' Thread 2" [_thread_blocked, id=16912, stack(0x000000a1b0f00000,0x000000a1b1000000)]
  0x0000024d45a9b000 JavaThread "Execution worker for ':' Thread 3" [_thread_blocked, id=19592, stack(0x000000a1b1200000,0x000000a1b1300000)]
  0x0000024d45a9b800 JavaThread "Cache worker for execution history cache (C:\Users\Sajda\AndroidStudioProjects\OnlineSiparisApplication\.gradle\7.2\executionHistory)" [_thread_blocked, id=17080, stack(0x000000a1b1300000,0x000000a1b1400000)]
  0x0000024d45a9c800 JavaThread "WorkerExecutor Queue" [_thread_blocked, id=4088, stack(0x000000a1b1500000,0x000000a1b1600000)]
  0x0000024d48898000 JavaThread "WorkerExecutor Queue Thread 2" [_thread_in_Java, id=2472, stack(0x000000a1b1600000,0x000000a1b1700000)]
  0x0000024d4889a800 JavaThread "WorkerExecutor Queue Thread 3" [_thread_blocked, id=16128, stack(0x000000a1b1700000,0x000000a1b1800000)]
  0x0000024d48896800 JavaThread "pool-28-thread-1" [_thread_blocked, id=10148, stack(0x000000a1b1800000,0x000000a1b1900000)]
  0x0000024d4889b800 JavaThread "stderr" [_thread_in_native, id=2932, stack(0x000000a1b1900000,0x000000a1b1a00000)]
  0x0000024d48899000 JavaThread "stdout" [_thread_in_native, id=9620, stack(0x000000a1b1a00000,0x000000a1b1b00000)]
  0x0000024d48899800 JavaThread "Build operations" [_thread_blocked, id=19404, stack(0x000000a1b1b00000,0x000000a1b1c00000)]
  0x0000024d488a1000 JavaThread "Build operations Thread 2" [_thread_blocked, id=17732, stack(0x000000a1b1c00000,0x000000a1b1d00000)]
  0x0000024d488a2000 JavaThread "Build operations Thread 3" [_thread_blocked, id=2368, stack(0x000000a1b1d00000,0x000000a1b1e00000)]
  0x0000024d4889c000 JavaThread "Build operations Thread 4" [_thread_blocked, id=12532, stack(0x000000a1b1f00000,0x000000a1b2000000)]
  0x0000024d48895800 JavaThread "C2 CompilerThread1" daemon [_thread_in_native, id=19432, stack(0x000000a1b0c00000,0x000000a1b0d00000)]
  0x0000024d488a2800 JavaThread "WorkerExecutor Queue Thread 4" [_thread_blocked, id=6340, stack(0x000000a1b2000000,0x000000a1b2100000)]
  0x0000024d4889d000 JavaThread "WorkerExecutor Queue Thread 5" [_thread_blocked, id=6392, stack(0x000000a1b2100000,0x000000a1b2200000)]

Other Threads:
  0x0000024d41b5d000 VMThread "VM Thread" [stack: 0x000000a1abe00000,0x000000a1abf00000] [id=7920]
  0x0000024d4264f000 WatcherThread [stack: 0x000000a1ac900000,0x000000a1aca00000] [id=12300]
  0x0000024d27f97800 GCTaskThread "GC Thread#0" [stack: 0x000000a1ab900000,0x000000a1aba00000] [id=21340]
  0x0000024d428f8800 GCTaskThread "GC Thread#1" [stack: 0x000000a1acb00000,0x000000a1acc00000] [id=14620]
  0x0000024d428f9800 GCTaskThread "GC Thread#2" [stack: 0x000000a1acc00000,0x000000a1acd00000] [id=9680]
  0x0000024d444a5000 GCTaskThread "GC Thread#3" [stack: 0x000000a1acf00000,0x000000a1ad000000] [id=2900]
  0x0000024d27fc8000 ConcurrentGCThread "G1 Main Marker" [stack: 0x000000a1aba00000,0x000000a1abb00000] [id=19660]
  0x0000024d27fc9800 ConcurrentGCThread "G1 Conc#0" [stack: 0x000000a1abb00000,0x000000a1abc00000] [id=23488]
  0x0000024d28057000 ConcurrentGCThread "G1 Refine#0" [stack: 0x000000a1abc00000,0x000000a1abd00000] [id=18060]
  0x0000024d28058000 ConcurrentGCThread "G1 Young RemSet Sampling" [stack: 0x000000a1abd00000,0x000000a1abe00000] [id=19916]

Threads with active compile tasks:
C2 CompilerThread06355645 26191       4       com.android.tools.r8.graph.k0::a (46 bytes)
C2 CompilerThread16355645 25902 %     4       com.android.tools.r8.internal.mH0::a @ 2492 (4225 bytes)

VM state:not at safepoint (normal execution)

VM Mutex/Monitor currently owned by a thread: None

Heap address: 0x0000000080000000, size: 2048 MB, Compressed Oops mode: 32-bit
Narrow klass base: 0x0000000000000000, Narrow klass shift: 3
Compressed class space size: 1073741824 Address: 0x0000000100000000

Heap:
 garbage-first heap   total 227328K, used 174641K [0x0000000080000000, 0x0000000100000000)
  region size 1024K, 28 young (28672K), 2 survivors (2048K)
 Metaspace       used 138084K, capacity 142242K, committed 142704K, reserved 1173504K
  class space    used 17228K, capacity 18765K, committed 19148K, reserved 1048576K
Heap Regions: E=young(eden), S=young(survivor), O=old, HS=humongous(starts), HC=humongous(continues), CS=collection set, F=free, A=archive, TAMS=top-at-mark-start (previous, next)
|   0|0x0000000080000000, 0x0000000080100000, 0x0000000080100000|100%| O|  |TAMS 0x0000000080100000, 0x0000000080000000| Untracked 
|   1|0x0000000080100000, 0x0000000080200000, 0x0000000080200000|100%| O|  |TAMS 0x0000000080200000, 0x0000000080100000| Untracked 
|   2|0x0000000080200000, 0x0000000080300000, 0x0000000080300000|100%| O|  |TAMS 0x0000000080300000, 0x0000000080200000| Untracked 
|   3|0x0000000080300000, 0x0000000080400000, 0x0000000080400000|100%|HS|  |TAMS 0x0000000080400000, 0x0000000080300000| Complete 
|   4|0x0000000080400000, 0x0000000080500000, 0x0000000080500000|100%|HC|  |TAMS 0x0000000080500000, 0x0000000080400000| Complete 
|   5|0x0000000080500000, 0x0000000080600000, 0x0000000080600000|100%|HC|  |TAMS 0x0000000080600000, 0x0000000080500000| Complete 
|   6|0x0000000080600000, 0x0000000080700000, 0x0000000080700000|100%| O|  |TAMS 0x0000000080700000, 0x0000000080600000| Complete 
|   7|0x0000000080700000, 0x0000000080800000, 0x0000000080800000|100%| O|  |TAMS 0x0000000080800000, 0x0000000080700000| Untracked 
|   8|0x0000000080800000, 0x0000000080900000, 0x0000000080900000|100%| O|  |TAMS 0x0000000080900000, 0x0000000080800000| Untracked 
|   9|0x0000000080900000, 0x0000000080a00000, 0x0000000080a00000|100%| O|  |TAMS 0x0000000080a00000, 0x0000000080900000| Untracked 
|  10|0x0000000080a00000, 0x0000000080b00000, 0x0000000080b00000|100%| O|  |TAMS 0x0000000080b00000, 0x0000000080a00000| Complete 
|  11|0x0000000080b00000, 0x0000000080c00000, 0x0000000080c00000|100%| O|  |TAMS 0x0000000080c00000, 0x0000000080b00000| Untracked 
|  12|0x0000000080c00000, 0x0000000080d00000, 0x0000000080d00000|100%| O|  |TAMS 0x0000000080d00000, 0x0000000080c00000| Untracked 
|  13|0x0000000080d00000, 0x0000000080e00000, 0x0000000080e00000|100%| O|  |TAMS 0x0000000080e00000, 0x0000000080d00000| Untracked 
|  14|0x0000000080e00000, 0x0000000080f00000, 0x0000000080f00000|100%| O|  |TAMS 0x0000000080f00000, 0x0000000080e00000| Complete 
|  15|0x0000000080f00000, 0x0000000081000000, 0x0000000081000000|100%| O|  |TAMS 0x0000000081000000, 0x0000000080f00000| Complete 
|  16|0x0000000081000000, 0x0000000081100000, 0x0000000081100000|100%| O|  |TAMS 0x0000000081100000, 0x0000000081000000| Complete 
|  17|0x0000000081100000, 0x0000000081200000, 0x0000000081200000|100%| O|  |TAMS 0x0000000081200000, 0x0000000081100000| Untracked 
|  18|0x0000000081200000, 0x0000000081300000, 0x0000000081300000|100%| O|  |TAMS 0x0000000081300000, 0x0000000081200000| Complete 
|  19|0x0000000081300000, 0x0000000081400000, 0x0000000081400000|100%|HS|  |TAMS 0x0000000081400000, 0x0000000081300000| Complete 
|  20|0x0000000081400000, 0x0000000081500000, 0x0000000081500000|100%| O|  |TAMS 0x0000000081500000, 0x0000000081400000| Complete 
|  21|0x0000000081500000, 0x0000000081600000, 0x0000000081600000|100%| O|  |TAMS 0x0000000081600000, 0x0000000081500000| Complete 
|  22|0x0000000081600000, 0x0000000081700000, 0x0000000081700000|100%| O|  |TAMS 0x0000000081700000, 0x0000000081600000| Complete 
|  23|0x0000000081700000, 0x0000000081800000, 0x0000000081800000|100%|HS|  |TAMS 0x0000000081800000, 0x0000000081700000| Complete 
|  24|0x0000000081800000, 0x0000000081900000, 0x0000000081900000|100%|HS|  |TAMS 0x0000000081900000, 0x0000000081800000| Complete 
|  25|0x0000000081900000, 0x0000000081a00000, 0x0000000081a00000|100%|HS|  |TAMS 0x0000000081a00000, 0x0000000081900000| Complete 
|  26|0x0000000081a00000, 0x0000000081b00000, 0x0000000081b00000|100%|HC|  |TAMS 0x0000000081b00000, 0x0000000081a00000| Complete 
|  27|0x0000000081b00000, 0x0000000081c00000, 0x0000000081c00000|100%| O|  |TAMS 0x0000000081c00000, 0x0000000081b00000| Complete 
|  28|0x0000000081c00000, 0x0000000081d00000, 0x0000000081d00000|100%| O|  |TAMS 0x0000000081d00000, 0x0000000081c00000| Complete 
|  29|0x0000000081d00000, 0x0000000081e00000, 0x0000000081e00000|100%| O|  |TAMS 0x0000000081e00000, 0x0000000081d00000| Complete 
|  30|0x0000000081e00000, 0x0000000081f00000, 0x0000000081f00000|100%| O|  |TAMS 0x0000000081f00000, 0x0000000081e00000| Untracked 
|  31|0x0000000081f00000, 0x0000000082000000, 0x0000000082000000|100%| O|  |TAMS 0x0000000082000000, 0x0000000081f00000| Untracked 
|  32|0x0000000082000000, 0x0000000082100000, 0x0000000082100000|100%| O|  |TAMS 0x0000000082100000, 0x0000000082000000| Untracked 
|  33|0x0000000082100000, 0x0000000082200000, 0x0000000082200000|100%| O|  |TAMS 0x0000000082200000, 0x0000000082100000| Complete 
|  34|0x0000000082200000, 0x0000000082300000, 0x0000000082300000|100%| O|  |TAMS 0x0000000082300000, 0x0000000082200000| Untracked 
|  35|0x0000000082300000, 0x0000000082400000, 0x0000000082400000|100%| O|  |TAMS 0x0000000082400000, 0x0000000082300000| Untracked 
|  36|0x0000000082400000, 0x0000000082500000, 0x0000000082500000|100%| O|  |TAMS 0x0000000082500000, 0x0000000082400000| Untracked 
|  37|0x0000000082500000, 0x0000000082600000, 0x0000000082600000|100%| O|  |TAMS 0x0000000082600000, 0x0000000082500000| Untracked 
|  38|0x0000000082600000, 0x0000000082700000, 0x0000000082700000|100%| O|  |TAMS 0x0000000082700000, 0x0000000082600000| Untracked 
|  39|0x0000000082700000, 0x0000000082800000, 0x0000000082800000|100%| O|  |TAMS 0x0000000082800000, 0x0000000082700000| Complete 
|  40|0x0000000082800000, 0x0000000082900000, 0x0000000082900000|100%| O|  |TAMS 0x0000000082900000, 0x0000000082800000| Complete 
|  41|0x0000000082900000, 0x0000000082a00000, 0x0000000082a00000|100%| O|  |TAMS 0x0000000082a00000, 0x0000000082900000| Complete 
|  42|0x0000000082a00000, 0x0000000082b00000, 0x0000000082b00000|100%| O|  |TAMS 0x0000000082b00000, 0x0000000082a00000| Complete 
|  43|0x0000000082b00000, 0x0000000082c00000, 0x0000000082c00000|100%| O|  |TAMS 0x0000000082c00000, 0x0000000082b00000| Untracked 
|  44|0x0000000082c00000, 0x0000000082d00000, 0x0000000082d00000|100%| O|  |TAMS 0x0000000082d00000, 0x0000000082c00000| Complete 
|  45|0x0000000082d00000, 0x0000000082e00000, 0x0000000082e00000|100%| O|  |TAMS 0x0000000082e00000, 0x0000000082d00000| Untracked 
|  46|0x0000000082e00000, 0x0000000082f00000, 0x0000000082f00000|100%| O|  |TAMS 0x0000000082f00000, 0x0000000082e00000| Complete 
|  47|0x0000000082f00000, 0x0000000083000000, 0x0000000083000000|100%|HS|  |TAMS 0x0000000082f00000, 0x0000000082f00000| Complete 
|  48|0x0000000083000000, 0x0000000083100000, 0x0000000083100000|100%| O|  |TAMS 0x0000000083100000, 0x0000000083000000| Complete 
|  49|0x0000000083100000, 0x0000000083200000, 0x0000000083200000|100%| O|  |TAMS 0x0000000083200000, 0x0000000083100000| Untracked 
|  50|0x0000000083200000, 0x0000000083300000, 0x0000000083300000|100%| O|  |TAMS 0x0000000083300000, 0x0000000083200000| Untracked 
|  51|0x0000000083300000, 0x0000000083400000, 0x0000000083400000|100%| O|  |TAMS 0x0000000083400000, 0x0000000083300000| Untracked 
|  52|0x0000000083400000, 0x0000000083500000, 0x0000000083500000|100%| O|  |TAMS 0x0000000083500000, 0x0000000083400000| Untracked 
|  53|0x0000000083500000, 0x0000000083600000, 0x0000000083600000|100%| O|  |TAMS 0x0000000083600000, 0x0000000083500000| Untracked 
|  54|0x0000000083600000, 0x0000000083700000, 0x0000000083700000|100%| O|  |TAMS 0x0000000083700000, 0x0000000083600000| Complete 
|  55|0x0000000083700000, 0x0000000083800000, 0x0000000083800000|100%| O|  |TAMS 0x0000000083800000, 0x0000000083700000| Complete 
|  56|0x0000000083800000, 0x0000000083900000, 0x0000000083900000|100%|HS|  |TAMS 0x0000000083900000, 0x0000000083800000| Complete 
|  57|0x0000000083900000, 0x0000000083a00000, 0x0000000083a00000|100%|HC|  |TAMS 0x0000000083a00000, 0x0000000083900000| Complete 
|  58|0x0000000083a00000, 0x0000000083b00000, 0x0000000083b00000|100%|HS|  |TAMS 0x0000000083b00000, 0x0000000083a00000| Complete 
|  59|0x0000000083b00000, 0x0000000083c00000, 0x0000000083c00000|100%|HC|  |TAMS 0x0000000083c00000, 0x0000000083b00000| Complete 
|  60|0x0000000083c00000, 0x0000000083d00000, 0x0000000083d00000|100%|HC|  |TAMS 0x0000000083d00000, 0x0000000083c00000| Complete 
|  61|0x0000000083d00000, 0x0000000083e00000, 0x0000000083e00000|100%| O|  |TAMS 0x0000000083e00000, 0x0000000083d00000| Complete 
|  62|0x0000000083e00000, 0x0000000083f00000, 0x0000000083f00000|100%| O|  |TAMS 0x0000000083f00000, 0x0000000083e00000| Untracked 
|  63|0x0000000083f00000, 0x0000000083f00000, 0x0000000084000000|  0%| F|  |TAMS 0x0000000083f00000, 0x0000000083f00000| Untracked 
|  64|0x0000000084000000, 0x0000000084100000, 0x0000000084100000|100%| O|  |TAMS 0x0000000084100000, 0x0000000084000000| Complete 
|  65|0x0000000084100000, 0x0000000084200000, 0x0000000084200000|100%| O|  |TAMS 0x0000000084200000, 0x0000000084100000| Untracked 
|  66|0x0000000084200000, 0x0000000084200000, 0x0000000084300000|  0%| F|  |TAMS 0x0000000084200000, 0x0000000084200000| Untracked 
|  67|0x0000000084300000, 0x0000000084400000, 0x0000000084400000|100%| O|  |TAMS 0x0000000084400000, 0x0000000084300000| Complete 
|  68|0x0000000084400000, 0x0000000084500000, 0x0000000084500000|100%| O|  |TAMS 0x0000000084500000, 0x0000000084400000| Untracked 
|  69|0x0000000084500000, 0x0000000084600000, 0x0000000084600000|100%| O|  |TAMS 0x0000000084600000, 0x0000000084500000| Complete 
|  70|0x0000000084600000, 0x0000000084600000, 0x0000000084700000|  0%| F|  |TAMS 0x0000000084600000, 0x0000000084600000| Untracked 
|  71|0x0000000084700000, 0x0000000084800000, 0x0000000084800000|100%| O|  |TAMS 0x0000000084800000, 0x0000000084700000| Untracked 
|  72|0x0000000084800000, 0x0000000084900000, 0x0000000084900000|100%| O|  |TAMS 0x0000000084900000, 0x0000000084800000| Complete 
|  73|0x0000000084900000, 0x0000000084a00000, 0x0000000084a00000|100%| O|  |TAMS 0x0000000084a00000, 0x0000000084900000| Untracked 
|  74|0x0000000084a00000, 0x0000000084b00000, 0x0000000084b00000|100%| O|  |TAMS 0x0000000084b00000, 0x0000000084a00000| Complete 
|  75|0x0000000084b00000, 0x0000000084c00000, 0x0000000084c00000|100%| O|  |TAMS 0x0000000084c00000, 0x0000000084b00000| Complete 
|  76|0x0000000084c00000, 0x0000000084d00000, 0x0000000084d00000|100%| O|  |TAMS 0x0000000084d00000, 0x0000000084c00000| Complete 
|  77|0x0000000084d00000, 0x0000000084e00000, 0x0000000084e00000|100%| O|  |TAMS 0x0000000084e00000, 0x0000000084d00000| Complete 
|  78|0x0000000084e00000, 0x0000000084f00000, 0x0000000084f00000|100%| O|  |TAMS 0x0000000084f00000, 0x0000000084e00000| Complete 
|  79|0x0000000084f00000, 0x0000000085000000, 0x0000000085000000|100%| O|  |TAMS 0x0000000085000000, 0x0000000084f00000| Complete 
|  80|0x0000000085000000, 0x0000000085000000, 0x0000000085100000|  0%| F|  |TAMS 0x0000000085000000, 0x0000000085000000| Untracked 
|  81|0x0000000085100000, 0x0000000085200000, 0x0000000085200000|100%| O|  |TAMS 0x0000000085200000, 0x0000000085100000| Complete 
|  82|0x0000000085200000, 0x0000000085300000, 0x0000000085300000|100%| O|  |TAMS 0x0000000085300000, 0x0000000085200000| Complete 
|  83|0x0000000085300000, 0x0000000085400000, 0x0000000085400000|100%| O|  |TAMS 0x0000000085400000, 0x0000000085300000| Complete 
|  84|0x0000000085400000, 0x0000000085500000, 0x0000000085500000|100%| O|  |TAMS 0x0000000085500000, 0x0000000085400000| Complete 
|  85|0x0000000085500000, 0x0000000085600000, 0x0000000085600000|100%| O|  |TAMS 0x0000000085600000, 0x0000000085500000| Complete 
|  86|0x0000000085600000, 0x0000000085700000, 0x0000000085700000|100%| O|  |TAMS 0x0000000085700000, 0x0000000085600000| Complete 
|  87|0x0000000085700000, 0x0000000085800000, 0x0000000085800000|100%| O|  |TAMS 0x0000000085800000, 0x0000000085700000| Complete 
|  88|0x0000000085800000, 0x0000000085900000, 0x0000000085900000|100%|HS|  |TAMS 0x0000000085900000, 0x0000000085800000| Complete 
|  89|0x0000000085900000, 0x0000000085a00000, 0x0000000085a00000|100%|HC|  |TAMS 0x0000000085a00000, 0x0000000085900000| Complete 
|  90|0x0000000085a00000, 0x0000000085b00000, 0x0000000085b00000|100%|HC|  |TAMS 0x0000000085b00000, 0x0000000085a00000| Complete 
|  91|0x0000000085b00000, 0x0000000085c00000, 0x0000000085c00000|100%|HC|  |TAMS 0x0000000085c00000, 0x0000000085b00000| Complete 
|  92|0x0000000085c00000, 0x0000000085d00000, 0x0000000085d00000|100%| O|  |TAMS 0x0000000085d00000, 0x0000000085c00000| Complete 
|  93|0x0000000085d00000, 0x0000000085e00000, 0x0000000085e00000|100%| O|  |TAMS 0x0000000085e00000, 0x0000000085d00000| Untracked 
|  94|0x0000000085e00000, 0x0000000085f00000, 0x0000000085f00000|100%| O|  |TAMS 0x0000000085f00000, 0x0000000085e00000| Untracked 
|  95|0x0000000085f00000, 0x0000000086000000, 0x0000000086000000|100%| O|  |TAMS 0x0000000086000000, 0x0000000085f00000| Untracked 
|  96|0x0000000086000000, 0x0000000086100000, 0x0000000086100000|100%| O|  |TAMS 0x0000000086100000, 0x0000000086000000| Untracked 
|  97|0x0000000086100000, 0x0000000086200000, 0x0000000086200000|100%| O|  |TAMS 0x0000000086200000, 0x0000000086100000| Untracked 
|  98|0x0000000086200000, 0x0000000086300000, 0x0000000086300000|100%| O|  |TAMS 0x0000000086300000, 0x0000000086200000| Complete 
|  99|0x0000000086300000, 0x0000000086400000, 0x0000000086400000|100%| O|  |TAMS 0x0000000086400000, 0x0000000086300000| Untracked 
| 100|0x0000000086400000, 0x0000000086500000, 0x0000000086500000|100%| O|  |TAMS 0x0000000086500000, 0x0000000086400000| Untracked 
| 101|0x0000000086500000, 0x0000000086600000, 0x0000000086600000|100%| O|  |TAMS 0x0000000086600000, 0x0000000086500000| Untracked 
| 102|0x0000000086600000, 0x0000000086700000, 0x0000000086700000|100%| O|  |TAMS 0x0000000086700000, 0x0000000086600000| Untracked 
| 103|0x0000000086700000, 0x0000000086800000, 0x0000000086800000|100%| O|  |TAMS 0x0000000086800000, 0x0000000086700000| Complete 
| 104|0x0000000086800000, 0x0000000086900000, 0x0000000086900000|100%| O|  |TAMS 0x0000000086900000, 0x0000000086800000| Complete 
| 105|0x0000000086900000, 0x0000000086a00000, 0x0000000086a00000|100%| O|  |TAMS 0x0000000086a00000, 0x0000000086900000| Complete 
| 106|0x0000000086a00000, 0x0000000086b00000, 0x0000000086b00000|100%|HS|  |TAMS 0x0000000086b00000, 0x0000000086a00000| Complete 
| 107|0x0000000086b00000, 0x0000000086c00000, 0x0000000086c00000|100%|HC|  |TAMS 0x0000000086c00000, 0x0000000086b00000| Complete 
| 108|0x0000000086c00000, 0x0000000086d00000, 0x0000000086d00000|100%| O|  |TAMS 0x0000000086d00000, 0x0000000086c00000| Complete 
| 109|0x0000000086d00000, 0x0000000086e00000, 0x0000000086e00000|100%|HS|  |TAMS 0x0000000086e00000, 0x0000000086d00000| Complete 
| 110|0x0000000086e00000, 0x0000000086f00000, 0x0000000086f00000|100%|HC|  |TAMS 0x0000000086f00000, 0x0000000086e00000| Complete 
| 111|0x0000000086f00000, 0x0000000087000000, 0x0000000087000000|100%|HC|  |TAMS 0x0000000087000000, 0x0000000086f00000| Complete 
| 112|0x0000000087000000, 0x0000000087100000, 0x0000000087100000|100%| O|  |TAMS 0x0000000087100000, 0x0000000087000000| Untracked 
| 113|0x0000000087100000, 0x0000000087200000, 0x0000000087200000|100%| O|  |TAMS 0x0000000087200000, 0x0000000087100000| Complete 
| 114|0x0000000087200000, 0x0000000087300000, 0x0000000087300000|100%|HS|  |TAMS 0x0000000087300000, 0x0000000087200000| Complete 
| 115|0x0000000087300000, 0x0000000087400000, 0x0000000087400000|100%|HC|  |TAMS 0x0000000087400000, 0x0000000087300000| Complete 
| 116|0x0000000087400000, 0x0000000087500000, 0x0000000087500000|100%|HC|  |TAMS 0x0000000087500000, 0x0000000087400000| Complete 
| 117|0x0000000087500000, 0x0000000087600000, 0x0000000087600000|100%|HS|  |TAMS 0x0000000087600000, 0x0000000087500000| Complete 
| 118|0x0000000087600000, 0x0000000087700000, 0x0000000087700000|100%|HC|  |TAMS 0x0000000087700000, 0x0000000087600000| Complete 
| 119|0x0000000087700000, 0x0000000087800000, 0x0000000087800000|100%|HC|  |TAMS 0x0000000087800000, 0x0000000087700000| Complete 
| 120|0x0000000087800000, 0x0000000087900000, 0x0000000087900000|100%|HC|  |TAMS 0x0000000087900000, 0x0000000087800000| Complete 
| 121|0x0000000087900000, 0x0000000087a00000, 0x0000000087a00000|100%|HS|  |TAMS 0x0000000087a00000, 0x0000000087900000| Complete 
| 122|0x0000000087a00000, 0x0000000087b00000, 0x0000000087b00000|100%|HC|  |TAMS 0x0000000087b00000, 0x0000000087a00000| Complete 
| 123|0x0000000087b00000, 0x0000000087c00000, 0x0000000087c00000|100%| O|  |TAMS 0x0000000087c00000, 0x0000000087b00000| Complete 
| 124|0x0000000087c00000, 0x0000000087d00000, 0x0000000087d00000|100%| O|  |TAMS 0x0000000087d00000, 0x0000000087c00000| Untracked 
| 125|0x0000000087d00000, 0x0000000087e00000, 0x0000000087e00000|100%| O|  |TAMS 0x0000000087e00000, 0x0000000087d00000| Complete 
| 126|0x0000000087e00000, 0x0000000087f00000, 0x0000000087f00000|100%| O|  |TAMS 0x0000000087f00000, 0x0000000087e00000| Complete 
| 127|0x0000000087f00000, 0x0000000088000000, 0x0000000088000000|100%| O|  |TAMS 0x0000000088000000, 0x0000000087f00000| Complete 
| 128|0x0000000088000000, 0x0000000088100000, 0x0000000088100000|100%| O|  |TAMS 0x0000000088100000, 0x0000000088000000| Complete 
| 129|0x0000000088100000, 0x0000000088200000, 0x0000000088200000|100%| O|  |TAMS 0x0000000088200000, 0x0000000088100000| Untracked 
| 130|0x0000000088200000, 0x0000000088300000, 0x0000000088300000|100%| O|  |TAMS 0x0000000088300000, 0x0000000088200000| Complete 
| 131|0x0000000088300000, 0x0000000088400000, 0x0000000088400000|100%| O|  |TAMS 0x0000000088400000, 0x0000000088300000| Untracked 
| 132|0x0000000088400000, 0x0000000088500000, 0x0000000088500000|100%| O|  |TAMS 0x0000000088500000, 0x0000000088400000| Complete 
| 133|0x0000000088500000, 0x0000000088600000, 0x0000000088600000|100%| O|  |TAMS 0x0000000088600000, 0x0000000088500000| Untracked 
| 134|0x0000000088600000, 0x0000000088700000, 0x0000000088700000|100%| O|  |TAMS 0x0000000088700000, 0x0000000088600000| Complete 
| 135|0x0000000088700000, 0x0000000088800000, 0x0000000088800000|100%| O|  |TAMS 0x0000000088800000, 0x0000000088700000| Untracked 
| 136|0x0000000088800000, 0x0000000088800000, 0x0000000088900000|  0%| F|  |TAMS 0x0000000088800000, 0x0000000088800000| Untracked 
| 137|0x0000000088900000, 0x0000000088900000, 0x0000000088a00000|  0%| F|  |TAMS 0x0000000088900000, 0x0000000088900000| Untracked 
| 138|0x0000000088a00000, 0x0000000088b00000, 0x0000000088b00000|100%| O|  |TAMS 0x0000000088b00000, 0x0000000088a00000| Complete 
| 139|0x0000000088b00000, 0x0000000088b00000, 0x0000000088c00000|  0%| F|  |TAMS 0x0000000088b00000, 0x0000000088b00000| Untracked 
| 140|0x0000000088c00000, 0x0000000088d00000, 0x0000000088d00000|100%| O|  |TAMS 0x0000000088d00000, 0x0000000088c00000| Complete 
| 141|0x0000000088d00000, 0x0000000088e00000, 0x0000000088e00000|100%| O|  |TAMS 0x0000000088e00000, 0x0000000088d00000| Complete 
| 142|0x0000000088e00000, 0x0000000088f00000, 0x0000000088f00000|100%| O|  |TAMS 0x0000000088f00000, 0x0000000088e00000| Untracked 
| 143|0x0000000088f00000, 0x0000000089000000, 0x0000000089000000|100%| O|  |TAMS 0x0000000089000000, 0x0000000088f00000| Untracked 
| 144|0x0000000089000000, 0x0000000089100000, 0x0000000089100000|100%| O|  |TAMS 0x0000000089100000, 0x0000000089000000| Complete 
| 145|0x0000000089100000, 0x0000000089200000, 0x0000000089200000|100%| O|  |TAMS 0x0000000089200000, 0x0000000089100000| Untracked 
| 146|0x0000000089200000, 0x0000000089300000, 0x0000000089300000|100%| O|  |TAMS 0x0000000089300000, 0x0000000089200000| Complete 
| 147|0x0000000089300000, 0x00000000893efc00, 0x0000000089400000| 93%| O|  |TAMS 0x00000000893efc00, 0x0000000089300000| Untracked 
| 148|0x0000000089400000, 0x0000000089400000, 0x0000000089500000|  0%| F|  |TAMS 0x0000000089400000, 0x0000000089400000| Untracked 
| 149|0x0000000089500000, 0x0000000089500000, 0x0000000089600000|  0%| F|  |TAMS 0x0000000089500000, 0x0000000089500000| Untracked 
| 150|0x0000000089600000, 0x0000000089600000, 0x0000000089700000|  0%| F|  |TAMS 0x0000000089600000, 0x0000000089600000| Untracked 
| 151|0x0000000089700000, 0x0000000089800000, 0x0000000089800000|100%| O|  |TAMS 0x0000000089800000, 0x0000000089700000| Complete 
| 152|0x0000000089800000, 0x0000000089900000, 0x0000000089900000|100%| O|  |TAMS 0x0000000089900000, 0x0000000089800000| Untracked 
| 153|0x0000000089900000, 0x0000000089900000, 0x0000000089a00000|  0%| F|  |TAMS 0x0000000089900000, 0x0000000089900000| Untracked 
| 154|0x0000000089a00000, 0x0000000089b00000, 0x0000000089b00000|100%| O|  |TAMS 0x0000000089b00000, 0x0000000089a00000| Untracked 
| 155|0x0000000089b00000, 0x0000000089c00000, 0x0000000089c00000|100%| O|  |TAMS 0x0000000089c00000, 0x0000000089b00000| Untracked 
| 156|0x0000000089c00000, 0x0000000089c00000, 0x0000000089d00000|  0%| F|  |TAMS 0x0000000089c00000, 0x0000000089c00000| Untracked 
| 157|0x0000000089d00000, 0x0000000089d00000, 0x0000000089e00000|  0%| F|  |TAMS 0x0000000089d00000, 0x0000000089d00000| Untracked 
| 158|0x0000000089e00000, 0x0000000089e00000, 0x0000000089f00000|  0%| F|  |TAMS 0x0000000089e00000, 0x0000000089e00000| Untracked 
| 159|0x0000000089f00000, 0x0000000089f00000, 0x000000008a000000|  0%| F|  |TAMS 0x0000000089f00000, 0x0000000089f00000| Untracked 
| 160|0x000000008a000000, 0x000000008a000000, 0x000000008a100000|  0%| F|  |TAMS 0x000000008a000000, 0x000000008a000000| Untracked 
| 161|0x000000008a100000, 0x000000008a100000, 0x000000008a200000|  0%| F|  |TAMS 0x000000008a100000, 0x000000008a100000| Untracked 
| 162|0x000000008a200000, 0x000000008a200000, 0x000000008a300000|  0%| F|  |TAMS 0x000000008a200000, 0x000000008a200000| Untracked 
| 163|0x000000008a300000, 0x000000008a300000, 0x000000008a400000|  0%| F|  |TAMS 0x000000008a300000, 0x000000008a300000| Untracked 
| 164|0x000000008a400000, 0x000000008a400000, 0x000000008a500000|  0%| F|  |TAMS 0x000000008a400000, 0x000000008a400000| Untracked 
| 165|0x000000008a500000, 0x000000008a500000, 0x000000008a600000|  0%| F|  |TAMS 0x000000008a500000, 0x000000008a500000| Untracked 
| 166|0x000000008a600000, 0x000000008a600000, 0x000000008a700000|  0%| F|  |TAMS 0x000000008a600000, 0x000000008a600000| Untracked 
| 167|0x000000008a700000, 0x000000008a700000, 0x000000008a800000|  0%| F|  |TAMS 0x000000008a700000, 0x000000008a700000| Untracked 
| 168|0x000000008a800000, 0x000000008a800000, 0x000000008a900000|  0%| F|  |TAMS 0x000000008a800000, 0x000000008a800000| Untracked 
| 169|0x000000008a900000, 0x000000008a900000, 0x000000008aa00000|  0%| F|  |TAMS 0x000000008a900000, 0x000000008a900000| Untracked 
| 170|0x000000008aa00000, 0x000000008aa00000, 0x000000008ab00000|  0%| F|  |TAMS 0x000000008aa00000, 0x000000008aa00000| Untracked 
| 171|0x000000008ab00000, 0x000000008ab00000, 0x000000008ac00000|  0%| F|  |TAMS 0x000000008ab00000, 0x000000008ab00000| Untracked 
| 172|0x000000008ac00000, 0x000000008ac00000, 0x000000008ad00000|  0%| F|  |TAMS 0x000000008ac00000, 0x000000008ac00000| Untracked 
| 173|0x000000008ad00000, 0x000000008ad00000, 0x000000008ae00000|  0%| F|  |TAMS 0x000000008ad00000, 0x000000008ad00000| Untracked 
| 174|0x000000008ae00000, 0x000000008ae00000, 0x000000008af00000|  0%| F|  |TAMS 0x000000008ae00000, 0x000000008ae00000| Untracked 
| 175|0x000000008af00000, 0x000000008af00000, 0x000000008b000000|  0%| F|  |TAMS 0x000000008af00000, 0x000000008af00000| Untracked 
| 176|0x000000008b000000, 0x000000008b000000, 0x000000008b100000|  0%| F|  |TAMS 0x000000008b000000, 0x000000008b000000| Untracked 
| 177|0x000000008b100000, 0x000000008b100000, 0x000000008b200000|  0%| F|  |TAMS 0x000000008b100000, 0x000000008b100000| Untracked 
| 178|0x000000008b200000, 0x000000008b200000, 0x000000008b300000|  0%| F|  |TAMS 0x000000008b200000, 0x000000008b200000| Untracked 
| 179|0x000000008b300000, 0x000000008b300000, 0x000000008b400000|  0%| F|  |TAMS 0x000000008b300000, 0x000000008b300000| Untracked 
| 180|0x000000008b400000, 0x000000008b400000, 0x000000008b500000|  0%| F|  |TAMS 0x000000008b400000, 0x000000008b400000| Untracked 
| 181|0x000000008b500000, 0x000000008b500000, 0x000000008b600000|  0%| F|  |TAMS 0x000000008b500000, 0x000000008b500000| Untracked 
| 182|0x000000008b600000, 0x000000008b600000, 0x000000008b700000|  0%| F|  |TAMS 0x000000008b600000, 0x000000008b600000| Untracked 
| 183|0x000000008b700000, 0x000000008b700000, 0x000000008b800000|  0%| F|  |TAMS 0x000000008b700000, 0x000000008b700000| Untracked 
| 184|0x000000008b800000, 0x000000008b800000, 0x000000008b900000|  0%| F|  |TAMS 0x000000008b800000, 0x000000008b800000| Untracked 
| 185|0x000000008b900000, 0x000000008b900000, 0x000000008ba00000|  0%| F|  |TAMS 0x000000008b900000, 0x000000008b900000| Untracked 
| 186|0x000000008ba00000, 0x000000008ba00000, 0x000000008bb00000|  0%| F|  |TAMS 0x000000008ba00000, 0x000000008ba00000| Untracked 
| 187|0x000000008bb00000, 0x000000008bb00000, 0x000000008bc00000|  0%| F|  |TAMS 0x000000008bb00000, 0x000000008bb00000| Untracked 
| 188|0x000000008bc00000, 0x000000008bc00000, 0x000000008bd00000|  0%| F|  |TAMS 0x000000008bc00000, 0x000000008bc00000| Untracked 
| 189|0x000000008bd00000, 0x000000008bd9cab8, 0x000000008be00000| 61%| S|CS|TAMS 0x000000008bd00000, 0x000000008bd00000| Complete 
| 190|0x000000008be00000, 0x000000008bf00000, 0x000000008bf00000|100%| S|CS|TAMS 0x000000008be00000, 0x000000008be00000| Complete 
| 191|0x000000008bf00000, 0x000000008bf00000, 0x000000008c000000|  0%| F|  |TAMS 0x000000008bf00000, 0x000000008bf00000| Untracked 
| 192|0x000000008c000000, 0x000000008c000000, 0x000000008c100000|  0%| F|  |TAMS 0x000000008c000000, 0x000000008c000000| Untracked 
| 193|0x000000008c100000, 0x000000008c100000, 0x000000008c200000|  0%| F|  |TAMS 0x000000008c100000, 0x000000008c100000| Untracked 
| 194|0x000000008c200000, 0x000000008c200000, 0x000000008c300000|  0%| F|  |TAMS 0x000000008c200000, 0x000000008c200000| Untracked 
| 195|0x000000008c300000, 0x000000008c300000, 0x000000008c400000|  0%| F|  |TAMS 0x000000008c300000, 0x000000008c300000| Untracked 
| 196|0x000000008c400000, 0x000000008c500000, 0x000000008c500000|100%| E|  |TAMS 0x000000008c400000, 0x000000008c400000| Complete 
| 197|0x000000008c500000, 0x000000008c600000, 0x000000008c600000|100%| E|CS|TAMS 0x000000008c500000, 0x000000008c500000| Complete 
| 198|0x000000008c600000, 0x000000008c700000, 0x000000008c700000|100%| E|CS|TAMS 0x000000008c600000, 0x000000008c600000| Complete 
| 199|0x000000008c700000, 0x000000008c800000, 0x000000008c800000|100%| E|CS|TAMS 0x000000008c700000, 0x000000008c700000| Complete 
| 200|0x000000008c800000, 0x000000008c900000, 0x000000008c900000|100%| E|CS|TAMS 0x000000008c800000, 0x000000008c800000| Complete 
| 201|0x000000008c900000, 0x000000008ca00000, 0x000000008ca00000|100%| E|CS|TAMS 0x000000008c900000, 0x000000008c900000| Complete 
| 202|0x000000008ca00000, 0x000000008cb00000, 0x000000008cb00000|100%| E|CS|TAMS 0x000000008ca00000, 0x000000008ca00000| Complete 
| 203|0x000000008cb00000, 0x000000008cc00000, 0x000000008cc00000|100%| E|CS|TAMS 0x000000008cb00000, 0x000000008cb00000| Complete 
| 204|0x000000008cc00000, 0x000000008cd00000, 0x000000008cd00000|100%| E|  |TAMS 0x000000008cc00000, 0x000000008cc00000| Complete 
| 205|0x000000008cd00000, 0x000000008ce00000, 0x000000008ce00000|100%| E|CS|TAMS 0x000000008cd00000, 0x000000008cd00000| Complete 
| 206|0x000000008ce00000, 0x000000008cf00000, 0x000000008cf00000|100%| E|CS|TAMS 0x000000008ce00000, 0x000000008ce00000| Complete 
| 207|0x000000008cf00000, 0x000000008d000000, 0x000000008d000000|100%| E|CS|TAMS 0x000000008cf00000, 0x000000008cf00000| Complete 
| 208|0x000000008d000000, 0x000000008d100000, 0x000000008d100000|100%| E|CS|TAMS 0x000000008d000000, 0x000000008d000000| Complete 
| 209|0x000000008d100000, 0x000000008d200000, 0x000000008d200000|100%| E|CS|TAMS 0x000000008d100000, 0x000000008d100000| Complete 
| 210|0x000000008d200000, 0x000000008d300000, 0x000000008d300000|100%| E|CS|TAMS 0x000000008d200000, 0x000000008d200000| Complete 
| 211|0x000000008d300000, 0x000000008d400000, 0x000000008d400000|100%| E|CS|TAMS 0x000000008d300000, 0x000000008d300000| Complete 
| 212|0x000000008d400000, 0x000000008d500000, 0x000000008d500000|100%| E|CS|TAMS 0x000000008d400000, 0x000000008d400000| Complete 
| 213|0x000000008d500000, 0x000000008d600000, 0x000000008d600000|100%| E|CS|TAMS 0x000000008d500000, 0x000000008d500000| Complete 
| 214|0x000000008d600000, 0x000000008d700000, 0x000000008d700000|100%| E|CS|TAMS 0x000000008d600000, 0x000000008d600000| Complete 
| 215|0x000000008d700000, 0x000000008d800000, 0x000000008d800000|100%| E|CS|TAMS 0x000000008d700000, 0x000000008d700000| Complete 
| 216|0x000000008d800000, 0x000000008d900000, 0x000000008d900000|100%| E|CS|TAMS 0x000000008d800000, 0x000000008d800000| Complete 
| 217|0x000000008d900000, 0x000000008da00000, 0x000000008da00000|100%| E|CS|TAMS 0x000000008d900000, 0x000000008d900000| Complete 
| 218|0x000000008da00000, 0x000000008db00000, 0x000000008db00000|100%| E|CS|TAMS 0x000000008da00000, 0x000000008da00000| Complete 
| 219|0x000000008db00000, 0x000000008dc00000, 0x000000008dc00000|100%| E|CS|TAMS 0x000000008db00000, 0x000000008db00000| Complete 
| 220|0x000000008dc00000, 0x000000008dd00000, 0x000000008dd00000|100%| E|CS|TAMS 0x000000008dc00000, 0x000000008dc00000| Complete 
| 221|0x000000008dd00000, 0x000000008de00000, 0x000000008de00000|100%| E|CS|TAMS 0x000000008dd00000, 0x000000008dd00000| Complete 

Card table byte_map: [0x0000024d3ae80000,0x0000024d3b280000] _byte_map_base: 0x0000024d3aa80000

Marking Bits (Prev, Next): (CMBitMap*) 0x0000024d27fbf248, (CMBitMap*) 0x0000024d27fbf280
 Prev Bits: [0x0000024d3b680000, 0x0000024d3d680000)
 Next Bits: [0x0000024d3d680000, 0x0000024d3f680000)

Polling page: 0x0000024d27760000

Metaspace:

Usage:
  Non-class:    120.58 MB capacity,   118.02 MB ( 98%) used,     2.07 MB (  2%) free+waste,   504.44 KB ( <1%) overhead. 
      Class:     18.33 MB capacity,    16.82 MB ( 92%) used,     1.29 MB (  7%) free+waste,   221.06 KB (  1%) overhead. 
       Both:    138.91 MB capacity,   134.85 MB ( 97%) used,     3.35 MB (  2%) free+waste,   725.50 KB ( <1%) overhead. 

Virtual space:
  Non-class space:      122.00 MB reserved,     120.66 MB ( 99%) committed 
      Class space:        1.00 GB reserved,      18.70 MB (  2%) committed 
             Both:        1.12 GB reserved,     139.36 MB ( 12%) committed 

Chunk freelists:
   Non-Class:  15.00 KB
       Class:  319.00 KB
        Both:  334.00 KB

MaxMetaspaceSize: 17179869184.00 GB
CompressedClassSpaceSize: 1.00 GB

CodeHeap 'non-profiled nmethods': size=120064Kb used=18368Kb max_used=18368Kb free=101695Kb
 bounds [0x0000024d33540000, 0x0000024d34740000, 0x0000024d3aa80000]
CodeHeap 'profiled nmethods': size=120000Kb used=53902Kb max_used=53902Kb free=66097Kb
 bounds [0x0000024d2c010000, 0x0000024d2f4e0000, 0x0000024d33540000]
CodeHeap 'non-nmethods': size=5696Kb used=2392Kb max_used=2491Kb free=3303Kb
 bounds [0x0000024d2ba80000, 0x0000024d2bd00000, 0x0000024d2c010000]
 total_blobs=24555 nmethods=23535 adapters=930
 compilation: enabled
              stopped_count=0, restarted_count=0
 full_count=0

Compilation events (20 events):
Event: 6355.478 Thread 0x0000024d41b85800 26282       2       java.io.SerialCallbackContext::check (59 bytes)
Event: 6355.479 Thread 0x0000024d41b85800 nmethod 26282 0x0000024d2f4ac290 code [0x0000024d2f4ac4e0, 0x0000024d2f4ac998]
Event: 6355.502 Thread 0x0000024d41b85800 26283       1       org.gradle.internal.work.AbstractConditionalExecution::getResourceLock (5 bytes)
Event: 6355.502 Thread 0x0000024d41b85800 nmethod 26283 0x0000024d34733290 code [0x0000024d34733440, 0x0000024d347334f8]
Event: 6355.503 Thread 0x0000024d41b85800 26284       2       java.util.concurrent.CountDownLatch::<init> (31 bytes)
Event: 6355.504 Thread 0x0000024d41b85800 nmethod 26284 0x0000024d2f4acc90 code [0x0000024d2f4ace60, 0x0000024d2f4ad0e8]
Event: 6355.506 Thread 0x0000024d41b85800 26285       2       org.gradle.api.internal.provider.Collectors$ElementsFromCollection::collectEntries (15 bytes)
Event: 6355.506 Thread 0x0000024d41b85800 nmethod 26285 0x0000024d2f4ad210 code [0x0000024d2f4ad3c0, 0x0000024d2f4ad4e8]
Event: 6355.511 Thread 0x0000024d41b85800 26286       2       org.gradle.internal.snapshot.impl.EnumValueSnapshot::<init> (24 bytes)
Event: 6355.511 Thread 0x0000024d41b85800 nmethod 26286 0x0000024d2f4ad590 code [0x0000024d2f4ad760, 0x0000024d2f4ad968]
Event: 6355.511 Thread 0x0000024d41b85800 26287       2       com.android.build.gradle.internal.tasks.DexMergingWorkAction$Params_Decorated::$gradleFactory (13 bytes)
Event: 6355.512 Thread 0x0000024d41b85800 nmethod 26287 0x0000024d2f4ada90 code [0x0000024d2f4adc60, 0x0000024d2f4adf68]
Event: 6355.513 Thread 0x0000024d41b85800 26288       2       java.io.ObjectStreamClass::getField (84 bytes)
Event: 6355.514 Thread 0x0000024d41b85800 nmethod 26288 0x0000024d2f4ae090 code [0x0000024d2f4ae2a0, 0x0000024d2f4ae658]
Event: 6355.516 Thread 0x0000024d41b85800 26289       2       com.android.tools.r8.internal.vn1::<init> (13 bytes)
Event: 6355.516 Thread 0x0000024d41b85800 nmethod 26289 0x0000024d2f4ae910 code [0x0000024d2f4aeac0, 0x0000024d2f4aec18]
Event: 6355.523 Thread 0x0000024d41b85800 26291       2       com.android.tools.r8.internal.aZ0::k (109 bytes)
Event: 6355.524 Thread 0x0000024d41b85800 nmethod 26291 0x0000024d2f4aed10 code [0x0000024d2f4aef80, 0x0000024d2f4af598]
Event: 6355.525 Thread 0x0000024d41b85800 26292       2       com.android.tools.r8.internal.aZ0::m (202 bytes)
Event: 6355.526 Thread 0x0000024d41b85800 nmethod 26292 0x0000024d2f4af910 code [0x0000024d2f4afba0, 0x0000024d2f4b02a8]

GC Heap History (20 events):
Event: 6343.651 GC heap before
{Heap before GC invocations=108 (full 0):
 garbage-first heap   total 227328K, used 155130K [0x0000000080000000, 0x0000000100000000)
  region size 1024K, 3 young (3072K), 2 survivors (2048K)
 Metaspace       used 136958K, capacity 140913K, committed 141936K, reserved 1171456K
  class space    used 17137K, capacity 18599K, committed 19148K, reserved 1048576K
}
Event: 6343.666 GC heap after
{Heap after GC invocations=109 (full 0):
 garbage-first heap   total 227328K, used 155130K [0x0000000080000000, 0x0000000100000000)
  region size 1024K, 2 young (2048K), 2 survivors (2048K)
 Metaspace       used 136958K, capacity 140913K, committed 141936K, reserved 1171456K
  class space    used 17137K, capacity 18599K, committed 19148K, reserved 1048576K
}
Event: 6349.967 GC heap before
{Heap before GC invocations=110 (full 0):
 garbage-first heap   total 227328K, used 181754K [0x0000000080000000, 0x0000000100000000)
  region size 1024K, 22 young (22528K), 2 survivors (2048K)
 Metaspace       used 137232K, capacity 141293K, committed 141936K, reserved 1171456K
  class space    used 17202K, capacity 18720K, committed 19148K, reserved 1048576K
}
Event: 6349.977 GC heap after
{Heap after GC invocations=111 (full 0):
 garbage-first heap   total 227328K, used 152233K [0x0000000080000000, 0x0000000100000000)
  region size 1024K, 2 young (2048K), 2 survivors (2048K)
 Metaspace       used 137232K, capacity 141293K, committed 141936K, reserved 1171456K
  class space    used 17202K, capacity 18720K, committed 19148K, reserved 1048576K
}
Event: 6350.020 GC heap before
{Heap before GC invocations=111 (full 0):
 garbage-first heap   total 227328K, used 161449K [0x0000000080000000, 0x0000000100000000)
  region size 1024K, 11 young (11264K), 2 survivors (2048K)
 Metaspace       used 137232K, capacity 141293K, committed 141936K, reserved 1171456K
  class space    used 17202K, capacity 18720K, committed 19148K, reserved 1048576K
}
Event: 6350.048 GC heap after
{Heap after GC invocations=112 (full 0):
 garbage-first heap   total 227328K, used 148460K [0x0000000080000000, 0x0000000100000000)
  region size 1024K, 2 young (2048K), 2 survivors (2048K)
 Metaspace       used 137232K, capacity 141293K, committed 141936K, reserved 1171456K
  class space    used 17202K, capacity 18720K, committed 19148K, reserved 1048576K
}
Event: 6350.303 GC heap before
{Heap before GC invocations=112 (full 0):
 garbage-first heap   total 227328K, used 173036K [0x0000000080000000, 0x0000000100000000)
  region size 1024K, 27 young (27648K), 2 survivors (2048K)
 Metaspace       used 137245K, capacity 141293K, committed 141936K, reserved 1171456K
  class space    used 17202K, capacity 18720K, committed 19148K, reserved 1048576K
}
Event: 6350.321 GC heap after
{Heap after GC invocations=113 (full 0):
 garbage-first heap   total 227328K, used 151552K [0x0000000080000000, 0x0000000100000000)
  region size 1024K, 4 young (4096K), 4 survivors (4096K)
 Metaspace       used 137245K, capacity 141293K, committed 141936K, reserved 1171456K
  class space    used 17202K, capacity 18720K, committed 19148K, reserved 1048576K
}
Event: 6351.308 GC heap before
{Heap before GC invocations=114 (full 0):
 garbage-first heap   total 227328K, used 173056K [0x0000000080000000, 0x0000000100000000)
  region size 1024K, 30 young (30720K), 4 survivors (4096K)
 Metaspace       used 137389K, capacity 141546K, committed 142192K, reserved 1173504K
  class space    used 17213K, capacity 18739K, committed 19148K, reserved 1048576K
}
Event: 6351.325 GC heap after
{Heap after GC invocations=115 (full 0):
 garbage-first heap   total 227328K, used 151315K [0x0000000080000000, 0x0000000100000000)
  region size 1024K, 4 young (4096K), 4 survivors (4096K)
 Metaspace       used 137389K, capacity 141546K, committed 142192K, reserved 1173504K
  class space    used 17213K, capacity 18739K, committed 19148K, reserved 1048576K
}
Event: 6351.776 GC heap before
{Heap before GC invocations=115 (full 0):
 garbage-first heap   total 227328K, used 158483K [0x0000000080000000, 0x0000000100000000)
  region size 1024K, 11 young (11264K), 4 survivors (4096K)
 Metaspace       used 137389K, capacity 141546K, committed 142192K, reserved 1173504K
  class space    used 17213K, capacity 18739K, committed 19148K, reserved 1048576K
}
Event: 6351.796 GC heap after
{Heap after GC invocations=116 (full 0):
 garbage-first heap   total 227328K, used 138980K [0x0000000080000000, 0x0000000100000000)
  region size 1024K, 2 young (2048K), 2 survivors (2048K)
 Metaspace       used 137389K, capacity 141546K, committed 142192K, reserved 1173504K
  class space    used 17213K, capacity 18739K, committed 19148K, reserved 1048576K
}
Event: 6353.023 GC heap before
{Heap before GC invocations=116 (full 0):
 garbage-first heap   total 227328K, used 170724K [0x0000000080000000, 0x0000000100000000)
  region size 1024K, 33 young (33792K), 2 survivors (2048K)
 Metaspace       used 137497K, capacity 141617K, committed 142192K, reserved 1173504K
  class space    used 17214K, capacity 18740K, committed 19148K, reserved 1048576K
}
Event: 6353.039 GC heap after
{Heap after GC invocations=117 (full 0):
 garbage-first heap   total 227328K, used 145678K [0x0000000080000000, 0x0000000100000000)
  region size 1024K, 5 young (5120K), 5 survivors (5120K)
 Metaspace       used 137497K, capacity 141617K, committed 142192K, reserved 1173504K
  class space    used 17214K, capacity 18740K, committed 19148K, reserved 1048576K
}
Event: 6354.133 GC heap before
{Heap before GC invocations=118 (full 0):
 garbage-first heap   total 227328K, used 177422K [0x0000000080000000, 0x0000000100000000)
  region size 1024K, 35 young (35840K), 5 survivors (5120K)
 Metaspace       used 137635K, capacity 141766K, committed 142192K, reserved 1173504K
  class space    used 17228K, capacity 18765K, committed 19148K, reserved 1048576K
}
Event: 6354.154 GC heap after
{Heap after GC invocations=119 (full 0):
 garbage-first heap   total 227328K, used 151698K [0x0000000080000000, 0x0000000100000000)
  region size 1024K, 5 young (5120K), 5 survivors (5120K)
 Metaspace       used 137635K, capacity 141766K, committed 142192K, reserved 1173504K
  class space    used 17228K, capacity 18765K, committed 19148K, reserved 1048576K
}
Event: 6354.271 GC heap before
{Heap before GC invocations=119 (full 0):
 garbage-first heap   total 227328K, used 157842K [0x0000000080000000, 0x0000000100000000)
  region size 1024K, 11 young (11264K), 5 survivors (5120K)
 Metaspace       used 137674K, capacity 141837K, committed 142448K, reserved 1173504K
  class space    used 17228K, capacity 18765K, committed 19148K, reserved 1048576K
}
Event: 6354.291 GC heap after
{Heap after GC invocations=120 (full 0):
 garbage-first heap   total 227328K, used 148877K [0x0000000080000000, 0x0000000100000000)
  region size 1024K, 2 young (2048K), 2 survivors (2048K)
 Metaspace       used 137674K, capacity 141837K, committed 142448K, reserved 1173504K
  class space    used 17228K, capacity 18765K, committed 19148K, reserved 1048576K
}
Event: 6354.837 GC heap before
{Heap before GC invocations=120 (full 0):
 garbage-first heap   total 227328K, used 178573K [0x0000000080000000, 0x0000000100000000)
  region size 1024K, 31 young (31744K), 2 survivors (2048K)
 Metaspace       used 137959K, capacity 142106K, committed 142704K, reserved 1173504K
  class space    used 17228K, capacity 18765K, committed 19148K, reserved 1048576K
}
Event: 6354.847 GC heap after
{Heap after GC invocations=121 (full 0):
 garbage-first heap   total 227328K, used 149041K [0x0000000080000000, 0x0000000100000000)
  region size 1024K, 2 young (2048K), 2 survivors (2048K)
 Metaspace       used 137959K, capacity 142106K, committed 142704K, reserved 1173504K
  class space    used 17228K, capacity 18765K, committed 19148K, reserved 1048576K
}

Deoptimization events (20 events):
Event: 6354.972 Thread 0x0000024d4889a800 DEOPT PACKING pc=0x0000024d3456db3c sp=0x000000a1b17fca90
Event: 6354.972 Thread 0x0000024d4889a800 DEOPT UNPACKING pc=0x0000024d2baa662f sp=0x000000a1b17fca58 mode 2
Event: 6354.972 Thread 0x0000024d4889a800 Uncommon trap: trap_request=0xffffffd6 fr.pc=0x0000024d3456db3c relative=0x000000000000189c
Event: 6354.972 Thread 0x0000024d4889a800 Uncommon trap: reason=array_check action=maybe_recompile pc=0x0000024d3456db3c method=java.util.TimSort.mergeHi(IIII)V @ 101 c2
Event: 6354.972 Thread 0x0000024d4889a800 DEOPT PACKING pc=0x0000024d3456db3c sp=0x000000a1b17fca90
Event: 6354.972 Thread 0x0000024d4889a800 DEOPT UNPACKING pc=0x0000024d2baa662f sp=0x000000a1b17fca58 mode 2
Event: 6354.980 Thread 0x0000024d4889a800 DEOPT PACKING pc=0x0000024d2f0705c9 sp=0x000000a1b17fcd70
Event: 6354.980 Thread 0x0000024d4889a800 DEOPT UNPACKING pc=0x0000024d2baa6dde sp=0x000000a1b17fc310 mode 0
Event: 6354.987 Thread 0x0000024d4889a800 DEOPT PACKING pc=0x0000024d2f09bc19 sp=0x000000a1b17fcd20
Event: 6354.987 Thread 0x0000024d4889a800 DEOPT UNPACKING pc=0x0000024d2baa6dde sp=0x000000a1b17fc2e8 mode 0
Event: 6354.993 Thread 0x0000024d4889a800 DEOPT PACKING pc=0x0000024d2f0c9531 sp=0x000000a1b17fca70
Event: 6354.993 Thread 0x0000024d4889a800 DEOPT UNPACKING pc=0x0000024d2baa6dde sp=0x000000a1b17fbf88 mode 0
Event: 6355.006 Thread 0x0000024d4889a800 DEOPT PACKING pc=0x0000024d2f0a2c77 sp=0x000000a1b17fcaf0
Event: 6355.006 Thread 0x0000024d4889a800 DEOPT UNPACKING pc=0x0000024d2baa6dde sp=0x000000a1b17fc020 mode 0
Event: 6355.121 Thread 0x0000024d488a2800 DEOPT PACKING pc=0x0000024d2cb983fb sp=0x000000a1b20fd5e0
Event: 6355.121 Thread 0x0000024d488a2800 DEOPT UNPACKING pc=0x0000024d2baa6dde sp=0x000000a1b20fca98 mode 0
Event: 6355.124 Thread 0x0000024d488a2800 DEOPT PACKING pc=0x0000024d2cb983fb sp=0x000000a1b20fd5c0
Event: 6355.124 Thread 0x0000024d488a2800 DEOPT UNPACKING pc=0x0000024d2baa6dde sp=0x000000a1b20fca78 mode 0
Event: 6355.302 Thread 0x0000024d488a2800 DEOPT PACKING pc=0x0000024d2f0d52c0 sp=0x000000a1b20fcc30
Event: 6355.302 Thread 0x0000024d488a2800 DEOPT UNPACKING pc=0x0000024d2baa6dde sp=0x000000a1b20fc100 mode 0

Classes redefined (0 events):
No events

Internal exceptions (20 events):
Event: 6352.941 Thread 0x0000024d4522e800 Exception <a 'sun/nio/fs/WindowsException'{0x000000008c0d0928}> (0x000000008c0d0928) thrown at [./src/hotspot/share/prims/jni.cpp, line 615]
Event: 6352.941 Thread 0x0000024d4522e800 Exception <a 'sun/nio/fs/WindowsException'{0x000000008c0d0ab0}> (0x000000008c0d0ab0) thrown at [./src/hotspot/share/prims/jni.cpp, line 615]
Event: 6352.943 Thread 0x0000024d4522e800 Exception <a 'sun/nio/fs/WindowsException'{0x000000008c0ed0a8}> (0x000000008c0ed0a8) thrown at [./src/hotspot/share/prims/jni.cpp, line 615]
Event: 6352.944 Thread 0x0000024d4522e800 Exception <a 'sun/nio/fs/WindowsException'{0x000000008c0ed220}> (0x000000008c0ed220) thrown at [./src/hotspot/share/prims/jni.cpp, line 615]
Event: 6352.950 Thread 0x0000024d4522e800 Exception <a 'sun/nio/fs/WindowsException'{0x000000008bf18180}> (0x000000008bf18180) thrown at [./src/hotspot/share/prims/jni.cpp, line 615]
Event: 6352.950 Thread 0x0000024d4522e800 Exception <a 'sun/nio/fs/WindowsException'{0x000000008bf18310}> (0x000000008bf18310) thrown at [./src/hotspot/share/prims/jni.cpp, line 615]
Event: 6352.953 Thread 0x0000024d4522e800 Exception <a 'sun/nio/fs/WindowsException'{0x000000008bf48100}> (0x000000008bf48100) thrown at [./src/hotspot/share/prims/jni.cpp, line 615]
Event: 6352.953 Thread 0x0000024d4522e800 Exception <a 'sun/nio/fs/WindowsException'{0x000000008bf48288}> (0x000000008bf48288) thrown at [./src/hotspot/share/prims/jni.cpp, line 615]
Event: 6352.989 Thread 0x0000024d4522e800 Exception <a 'sun/nio/fs/WindowsException'{0x000000008bee9260}> (0x000000008bee9260) thrown at [./src/hotspot/share/prims/jni.cpp, line 615]
Event: 6353.042 Thread 0x0000024d4522e800 Exception <a 'sun/nio/fs/WindowsException'{0x000000008ddb1398}> (0x000000008ddb1398) thrown at [./src/hotspot/share/prims/jni.cpp, line 615]
Event: 6353.275 Thread 0x0000024d4522e800 Exception <a 'sun/nio/fs/WindowsException'{0x000000008ddb91b8}> (0x000000008ddb91b8) thrown at [./src/hotspot/share/prims/jni.cpp, line 615]
Event: 6353.638 Thread 0x0000024d4522e800 Exception <a 'sun/nio/fs/WindowsException'{0x000000008daedf90}> (0x000000008daedf90) thrown at [./src/hotspot/share/prims/jni.cpp, line 615]
Event: 6353.643 Thread 0x0000024d4522e800 Exception <a 'sun/nio/fs/WindowsException'{0x000000008daf8240}> (0x000000008daf8240) thrown at [./src/hotspot/share/prims/jni.cpp, line 615]
Event: 6353.650 Thread 0x0000024d4522e800 Exception <a 'sun/nio/fs/WindowsException'{0x000000008d9154e8}> (0x000000008d9154e8) thrown at [./src/hotspot/share/prims/jni.cpp, line 615]
Event: 6353.951 Thread 0x0000024d4522e800 Exception <a 'sun/nio/fs/WindowsException'{0x000000008d37cf90}> (0x000000008d37cf90) thrown at [./src/hotspot/share/prims/jni.cpp, line 615]
Event: 6353.984 Thread 0x0000024d48898000 Exception <a 'sun/nio/fs/WindowsException'{0x000000008d10f168}> (0x000000008d10f168) thrown at [./src/hotspot/share/prims/jni.cpp, line 615]
Event: 6354.325 Thread 0x0000024d48898000 Implicit null exception at 0x0000024d345568b0 to 0x0000024d3455773c
Event: 6354.597 Thread 0x0000024d48898000 Exception <a 'sun/nio/fs/WindowsException'{0x000000008ca75550}> (0x000000008ca75550) thrown at [./src/hotspot/share/prims/jni.cpp, line 615]
Event: 6355.508 Thread 0x0000024d48898000 Exception <a 'sun/nio/fs/WindowsException'{0x000000008ddd27d0}> (0x000000008ddd27d0) thrown at [./src/hotspot/share/prims/jni.cpp, line 615]
Event: 6355.530 Thread 0x0000024d4889a800 Exception <a 'sun/nio/fs/WindowsException'{0x000000008d7d67f8}> (0x000000008d7d67f8) thrown at [./src/hotspot/share/prims/jni.cpp, line 615]

Events (20 events):
Event: 6353.964 Executing VM operation: BulkRevokeBias done
Event: 6353.965 Thread 0x0000024d4889d000 Thread added: 0x0000024d4889d000
Event: 6353.971 Executing VM operation: RevokeBias
Event: 6353.974 Executing VM operation: RevokeBias done
Event: 6354.009 loading class com/android/tools/r8/internal/jO0
Event: 6354.009 loading class com/android/tools/r8/internal/jO0 done
Event: 6354.122 Executing VM operation: G1CollectForAllocation
Event: 6354.154 Executing VM operation: G1CollectForAllocation done
Event: 6354.248 Executing VM operation: G1CollectForAllocation
Event: 6354.291 Executing VM operation: G1CollectForAllocation done
Event: 6354.376 Executing VM operation: ICBufferFull
Event: 6354.381 Executing VM operation: ICBufferFull done
Event: 6354.837 Executing VM operation: G1CollectForAllocation
Event: 6354.847 Executing VM operation: G1CollectForAllocation done
Event: 6355.194 Executing VM operation: CGC_Operation
Event: 6355.229 Executing VM operation: CGC_Operation done
Event: 6355.402 Executing VM operation: CGC_Operation
Event: 6355.402 Executing VM operation: CGC_Operation done
Event: 6355.450 Executing VM operation: RevokeBias
Event: 6355.450 Executing VM operation: RevokeBias done


Dynamic libraries:
0x00007ff664230000 - 0x00007ff66423a000 	C:\Program Files\Android\Android Studio\jre\bin\java.exe
0x00007ff8cc290000 - 0x00007ff8cc485000 	C:\WINDOWS\SYSTEM32\ntdll.dll
0x00007ff8cc180000 - 0x00007ff8cc23e000 	C:\WINDOWS\System32\KERNEL32.DLL
0x00007ff8c9eb0000 - 0x00007ff8ca178000 	C:\WINDOWS\System32\KERNELBASE.dll
0x00007ff8ca180000 - 0x00007ff8ca280000 	C:\WINDOWS\System32\ucrtbase.dll
0x00007ff8ba540000 - 0x00007ff8ba559000 	C:\Program Files\Android\Android Studio\jre\bin\jli.dll
0x00007ff8ca3a0000 - 0x00007ff8ca540000 	C:\WINDOWS\System32\USER32.dll
0x00007ff8c9b30000 - 0x00007ff8c9b52000 	C:\WINDOWS\System32\win32u.dll
0x00007ff8cc0f0000 - 0x00007ff8cc11a000 	C:\WINDOWS\System32\GDI32.dll
0x00007ff8c9d50000 - 0x00007ff8c9e5b000 	C:\WINDOWS\System32\gdi32full.dll
0x00007ff8c9a90000 - 0x00007ff8c9b2d000 	C:\WINDOWS\System32\msvcp_win.dll
0x00007ff892450000 - 0x00007ff892467000 	C:\Program Files\Android\Android Studio\jre\bin\VCRUNTIME140.dll
0x00007ff8aab40000 - 0x00007ff8aadda000 	C:\WINDOWS\WinSxS\amd64_microsoft.windows.common-controls_6595b64144ccf1df_6.0.19041.1110_none_60b5254171f9507e\COMCTL32.dll
0x00007ff8ca540000 - 0x00007ff8ca5de000 	C:\WINDOWS\System32\msvcrt.dll
0x00007ff8cbfe0000 - 0x00007ff8cc010000 	C:\WINDOWS\System32\IMM32.DLL
0x00007ff8642a0000 - 0x00007ff86433d000 	C:\Program Files\Android\Android Studio\jre\bin\msvcp140.dll
0x00007ff861190000 - 0x00007ff861c65000 	C:\Program Files\Android\Android Studio\jre\bin\server\jvm.dll
0x00007ff8cbbc0000 - 0x00007ff8cbc6e000 	C:\WINDOWS\System32\ADVAPI32.dll
0x00007ff8cbdb0000 - 0x00007ff8cbe4c000 	C:\WINDOWS\System32\sechost.dll
0x00007ff8cbeb0000 - 0x00007ff8cbfd5000 	C:\WINDOWS\System32\RPCRT4.dll
0x00007ff8cc240000 - 0x00007ff8cc248000 	C:\WINDOWS\System32\PSAPI.DLL
0x00007ff8a1eb0000 - 0x00007ff8a1eb9000 	C:\WINDOWS\SYSTEM32\WSOCK32.dll
0x00007ff8cb450000 - 0x00007ff8cb4bb000 	C:\WINDOWS\System32\WS2_32.dll
0x00007ff8b7250000 - 0x00007ff8b7277000 	C:\WINDOWS\SYSTEM32\WINMM.dll
0x00007ff8be830000 - 0x00007ff8be83a000 	C:\WINDOWS\SYSTEM32\VERSION.dll
0x00007ff8c8260000 - 0x00007ff8c8272000 	C:\WINDOWS\SYSTEM32\kernel.appcore.dll
0x00007ff8c4e90000 - 0x00007ff8c4ea1000 	C:\Program Files\Android\Android Studio\jre\bin\verify.dll
0x00007ff8c7750000 - 0x00007ff8c7934000 	C:\WINDOWS\SYSTEM32\DBGHELP.DLL
0x00007ff8b5150000 - 0x00007ff8b517c000 	C:\WINDOWS\SYSTEM32\dbgcore.DLL
0x00007ff8c9cc0000 - 0x00007ff8c9d42000 	C:\WINDOWS\System32\bcryptPrimitives.dll
0x00007ff8c1670000 - 0x00007ff8c1699000 	C:\Program Files\Android\Android Studio\jre\bin\java.dll
0x00007ff8c6df0000 - 0x00007ff8c6dfb000 	C:\Program Files\Android\Android Studio\jre\bin\jimage.dll
0x00007ff8c0b50000 - 0x00007ff8c0b68000 	C:\Program Files\Android\Android Studio\jre\bin\zip.dll
0x00007ff8cac50000 - 0x00007ff8cb394000 	C:\WINDOWS\System32\SHELL32.dll
0x00007ff8c7940000 - 0x00007ff8c80d4000 	C:\WINDOWS\SYSTEM32\windows.storage.dll
0x00007ff8cb4c0000 - 0x00007ff8cb814000 	C:\WINDOWS\System32\combase.dll
0x00007ff8c9350000 - 0x00007ff8c937c000 	C:\WINDOWS\SYSTEM32\Wldp.dll
0x00007ff8ca2f0000 - 0x00007ff8ca39d000 	C:\WINDOWS\System32\SHCORE.dll
0x00007ff8cc090000 - 0x00007ff8cc0e5000 	C:\WINDOWS\System32\shlwapi.dll
0x00007ff8c98f0000 - 0x00007ff8c990f000 	C:\WINDOWS\SYSTEM32\profapi.dll
0x00007ff8c0ab0000 - 0x00007ff8c0aca000 	C:\Program Files\Android\Android Studio\jre\bin\net.dll
0x00007ff8bed50000 - 0x00007ff8bee5a000 	C:\WINDOWS\SYSTEM32\WINHTTP.dll
0x00007ff8c90b0000 - 0x00007ff8c911a000 	C:\WINDOWS\system32\mswsock.dll
0x00007ff8bfad0000 - 0x00007ff8bfae4000 	C:\Program Files\Android\Android Studio\jre\bin\nio.dll
0x00007ff891ee0000 - 0x00007ff891f07000 	C:\Users\Sajda\.gradle\native\e1d6ef7f7dcc3fd88c89a11ec53ec762bb8ba0a96d01ffa2cd45eb1d1d8dd5c5\windows-amd64\native-platform.dll
0x00007ff864150000 - 0x00007ff864294000 	C:\Users\Sajda\.gradle\native\5664cfc778a61ccfe75a443a1ab52a65af34e5dc3c78e0209fed803814484fcb\windows-amd64\native-platform-file-events.dll
0x00007ff8c6da0000 - 0x00007ff8c6daa000 	C:\Program Files\Android\Android Studio\jre\bin\management.dll
0x00007ff8c6d70000 - 0x00007ff8c6d7d000 	C:\Program Files\Android\Android Studio\jre\bin\management_ext.dll
0x00007ff8c92a0000 - 0x00007ff8c92b8000 	C:\WINDOWS\SYSTEM32\CRYPTSP.dll
0x00007ff8c8a30000 - 0x00007ff8c8a64000 	C:\WINDOWS\system32\rsaenh.dll
0x00007ff8c99b0000 - 0x00007ff8c99d7000 	C:\WINDOWS\System32\bcrypt.dll
0x00007ff8c9870000 - 0x00007ff8c989e000 	C:\WINDOWS\SYSTEM32\USERENV.dll
0x00007ff8c92c0000 - 0x00007ff8c92cc000 	C:\WINDOWS\SYSTEM32\CRYPTBASE.dll
0x00007ff8c8da0000 - 0x00007ff8c8ddb000 	C:\WINDOWS\SYSTEM32\IPHLPAPI.DLL
0x00007ff8cb9d0000 - 0x00007ff8cb9d8000 	C:\WINDOWS\System32\NSI.dll
0x00007ff8bfa50000 - 0x00007ff8bfa67000 	C:\WINDOWS\SYSTEM32\dhcpcsvc6.DLL
0x00007ff8bfa30000 - 0x00007ff8bfa4d000 	C:\WINDOWS\SYSTEM32\dhcpcsvc.DLL
0x00007ff8c8de0000 - 0x00007ff8c8eab000 	C:\WINDOWS\SYSTEM32\DNSAPI.dll
0x00007ff8c86c0000 - 0x00007ff8c86f3000 	C:\WINDOWS\SYSTEM32\ntmarta.dll
0x00007ff8b6810000 - 0x00007ff8b6837000 	C:\Program Files\Android\Android Studio\jre\bin\sunec.dll

dbghelp: loaded successfully - version: 4.0.5 - missing functions: none
symbol engine: initialized successfully - sym options: 0x614 - pdb path: .;C:\Program Files\Android\Android Studio\jre\bin;C:\WINDOWS\SYSTEM32;C:\WINDOWS\WinSxS\amd64_microsoft.windows.common-controls_6595b64144ccf1df_6.0.19041.1110_none_60b5254171f9507e;C:\Program Files\Android\Android Studio\jre\bin\server;C:\Users\Sajda\.gradle\native\e1d6ef7f7dcc3fd88c89a11ec53ec762bb8ba0a96d01ffa2cd45eb1d1d8dd5c5\windows-amd64;C:\Users\Sajda\.gradle\native\5664cfc778a61ccfe75a443a1ab52a65af34e5dc3c78e0209fed803814484fcb\windows-amd64

VM Arguments:
jvm_args: --add-opens=java.base/java.util=ALL-UNNAMED --add-opens=java.base/java.lang=ALL-UNNAMED --add-opens=java.base/java.lang.invoke=ALL-UNNAMED --add-opens=java.base/java.util=ALL-UNNAMED --add-opens=java.prefs/java.util.prefs=ALL-UNNAMED --add-opens=java.prefs/java.util.prefs=ALL-UNNAMED --add-opens=java.base/java.nio.charset=ALL-UNNAMED --add-opens=java.base/java.net=ALL-UNNAMED --add-opens=java.base/java.util.concurrent.atomic=ALL-UNNAMED -Xmx2048m -Dfile.encoding=UTF-8 -Duser.country=US -Duser.language=en -Duser.variant 
java_command: org.gradle.launcher.daemon.bootstrap.GradleDaemon 7.2
java_class_path (initial): C:\Users\Sajda\.gradle\wrapper\dists\gradle-7.2-bin\2dnblmf4td7x66yl1d74lt32g\gradle-7.2\lib\gradle-launcher-7.2.jar
Launcher Type: SUN_STANDARD

[Global flags]
     intx CICompilerCount                          = 3                                         {product} {ergonomic}
     uint ConcGCThreads                            = 1                                         {product} {ergonomic}
     uint G1ConcRefinementThreads                  = 4                                         {product} {ergonomic}
   size_t G1HeapRegionSize                         = 1048576                                   {product} {ergonomic}
    uintx GCDrainStackTargetSize                   = 64                                        {product} {ergonomic}
   size_t InitialHeapSize                          = 134217728                                 {product} {ergonomic}
   size_t MarkStackSize                            = 4194304                                   {product} {ergonomic}
   size_t MaxHeapSize                              = 2147483648                                {product} {command line}
   size_t MaxNewSize                               = 1287651328                                {product} {ergonomic}
   size_t MinHeapDeltaBytes                        = 1048576                                   {product} {ergonomic}
    uintx NonNMethodCodeHeapSize                   = 5830732                                {pd product} {ergonomic}
    uintx NonProfiledCodeHeapSize                  = 122913754                              {pd product} {ergonomic}
    uintx ProfiledCodeHeapSize                     = 122913754                              {pd product} {ergonomic}
    uintx ReservedCodeCacheSize                    = 251658240                              {pd product} {ergonomic}
     bool SegmentedCodeCache                       = true                                      {product} {ergonomic}
     bool UseCompressedClassPointers               = true                                 {lp64_product} {ergonomic}
     bool UseCompressedOops                        = true                                 {lp64_product} {ergonomic}
     bool UseG1GC                                  = true                                      {product} {ergonomic}
     bool UseLargePagesIndividualAllocation        = false                                  {pd product} {ergonomic}

Logging:
Log output configuration:
 #0: stdout all=warning uptime,level,tags
 #1: stderr all=off uptime,level,tags

Environment Variables:
PATH=C:\Program Files\python\Scripts\;C:\Program Files\python\;C:\ActiveTcl\bin;C:\Program Files (x86)\Common Files\Oracle\Java\javapath;C:\Program Files (x86)\Intel\iCLS Client\;C:\Program Files\Intel\iCLS Client\;C:\WINDOWS\system32;C:\WINDOWS;C:\WINDOWS\System32\Wbem;C:\WINDOWS\System32\WindowsPowerShell\v1.0\;C:\Program Files (x86)\Intel\Intel(R) Management Engine Components\DAL;C:\Program Files\Intel\Intel(R) Management Engine Components\DAL;C:\Program Files (x86)\Intel\Intel(R) Management Engine Components\IPT;C:\Program Files\Intel\Intel(R) Management Engine Components\IPT;C:\WINDOWS\System32\OpenSSH\;C:\Program Files\Intel\WiFi\bin\;C:\Program Files\Common Files\Intel\WirelessCommon\;C:\Program Files (x86)\Microsoft SQL Server\150\DTS\Binn\;C:\Program Files\dotnet\;C:\Program Files\Microsoft SQL Server\130\Tools\Binn\;C:\Program Files\Microsoft SQL Server\Client SDK\ODBC\110\Tools\Binn\;C:\Program Files (x86)\Microsoft SQL Server\120\Tools\Binn\;C:\Program Files\Microsoft SQL Server\120\Tools\Binn\;C:\Program Files\Microsoft SQL Server\120\DTS\Binn\;C:\Program Files (x86)\Microsoft SQL Server\120\Tools\Binn\ManagementStudio\;C:\Program Files (x86)\Microsoft SQL Server\120\DTS\Binn\;C:\Program Files\Microsoft SQL Server\Client SDK\ODBC\170\Tools\Binn\;C:\Program Files (x86)\Microsoft SQL Server\150\Tools\Binn\;C:\Program Files\Microsoft SQL Server\150\Tools\Binn\;C:\Program Files\Microsoft SQL Server\150\DTS\Binn\;C:\Apache24\bin;C:\xampp\php;C:\ProgramData\chocolatey\bin;C:\Program Files\nodejs\;C:\Program Files\Git\cmd;C:\composer;C:\Users\Sajda\AppData\Local\Programs\Python\Python38-32\Scripts\;C:\Users\Sajda\AppData\Local\Programs\Python\Python38-32\;C:\Users\Sajda\AppData\Local\Microsoft\WindowsApps;C:\Users\Sajda\AppData\Local\Programs\Microsoft VS Code\bin;C:\Users\Sajda\AppData\Local\atom\bin;C:\Users\Sajda\.dotnet\tools;C:\Windows\Microsoft.NET\Framework64\v4.0.30319;;C:\Users\Sajda\AppData\Local\Microsoft\WindowsApps;C:\Users\Sajda\AppData\Roaming\Comp
USERNAME=Sajda
OS=Windows_NT
PROCESSOR_IDENTIFIER=Intel64 Family 6 Model 78 Stepping 3, GenuineIntel



---------------  S Y S T E M  ---------------

OS: Windows 10 , 64 bit Build 19041 (10.0.19041.1645)
OS uptime: 1 days 0:17 hours

CPU:total 4 (initial active 4) (2 cores per cpu, 2 threads per core) family 6 model 78 stepping 3 microcode 0xcc, cmov, cx8, fxsr, mmx, sse, sse2, sse3, ssse3, sse4.1, sse4.2, popcnt, avx, avx2, aes, clmul, erms, 3dnowpref, lzcnt, ht, tsc, tscinvbit, bmi1, bmi2, adx, fma

Memory: 4k page, system-wide physical 8069M (434M free)
TotalPageFile size 17754M (AvailPageFile size 7M)
current process WorkingSet (physical memory assigned to process): 482M, peak: 502M
current process commit charge ("private bytes"): 660M, peak: 663M

vm_info: OpenJDK 64-Bit Server VM (11.0.11+9-b60-7590822) for windows-amd64 JRE (11.0.11+9-b60-7590822), built on Jul 29 2021 21:43:44 by "builder" with MS VC++ 14.0 (VS2015)

END.
