#
# There is insufficient memory for the Java Runtime Environment to continue.
# Native memory allocation (malloc) failed to allocate 32744 bytes for ChunkPool::allocate
# Possible reasons:
#   The system is out of physical RAM or swap space
#   The process is running with CompressedOops enabled, and the Java Heap may be blocking the growth of the native heap
# Possible solutions:
#   Reduce memory load on the system
#   Increase physical memory or swap space
#   Check if swap backing store is full
#   Decrease Java heap size (-Xmx/-Xms)
#   Decrease number of Java threads
#   Decrease Java thread stack sizes (-Xss)
#   Set larger code cache with -XX:ReservedCodeCacheSize=
#   JVM is running with Unscaled Compressed Oops mode in which the Java heap is
#     placed in the first 4GB address space. The Java Heap base address is the
#     maximum limit for the native heap growth. Please use -XX:HeapBaseMinAddress
#     to set the Java Heap base and to place the Java Heap above 4GB virtual address.
# This output file may be truncated or incomplete.
#
#  Out of Memory Error (./src/hotspot/share/memory/arena.cpp:81), pid=5872, tid=14136
#
# JRE version: OpenJDK Runtime Environment (11.0.11+9) (build 11.0.11+9-b60-7590822)
# Java VM: OpenJDK 64-Bit Server VM (11.0.11+9-b60-7590822, mixed mode, tiered, compressed oops, g1 gc, windows-amd64)
# No core dump will be written. Minidumps are not enabled by default on client versions of Windows
#

---------------  S U M M A R Y ------------

Command Line: --add-opens=java.base/java.util=ALL-UNNAMED --add-opens=java.base/java.lang=ALL-UNNAMED --add-opens=java.base/java.lang.invoke=ALL-UNNAMED --add-opens=java.base/java.util=ALL-UNNAMED --add-opens=java.prefs/java.util.prefs=ALL-UNNAMED --add-opens=java.prefs/java.util.prefs=ALL-UNNAMED --add-opens=java.base/java.nio.charset=ALL-UNNAMED --add-opens=java.base/java.net=ALL-UNNAMED --add-opens=java.base/java.util.concurrent.atomic=ALL-UNNAMED -Xmx2048m -Dfile.encoding=UTF-8 -Duser.country=US -Duser.language=en -Duser.variant org.gradle.launcher.daemon.bootstrap.GradleDaemon 7.2

Host: Intel(R) Core(TM) i5-6200U CPU @ 2.30GHz, 4 cores, 7G,  Windows 10 , 64 bit Build 19041 (10.0.19041.1645)
Time: Fri May 13 23:40:11 2022 Turkey Standard Time elapsed time: 821.985087 seconds (0d 0h 13m 41s)

---------------  T H R E A D  ---------------

Current thread (0x0000022efa41d000):  JavaThread "C2 CompilerThread1" daemon [_thread_in_native, id=14136, stack(0x00000097bec00000,0x00000097bed00000)]


Current CompileTask:
C2: 821985 16983       4       org.gradle.api.internal.tasks.compile.incremental.serialization.HierarchicalNameSerializer::writeName (88 bytes)

Stack: [0x00000097bec00000,0x00000097bed00000]
Native frames: (J=compiled Java code, j=interpreted, Vv=VM code, C=native code)
V  [jvm.dll+0x5f214a]
V  [jvm.dll+0x726fb5]
V  [jvm.dll+0x7285cd]
V  [jvm.dll+0x728c83]
V  [jvm.dll+0x243278]
V  [jvm.dll+0xbc78b]
V  [jvm.dll+0xbca3c]
V  [jvm.dll+0xbc638]
V  [jvm.dll+0x5d14e0]
V  [jvm.dll+0x62214e]
V  [jvm.dll+0x198a28]
V  [jvm.dll+0x1fc2ee]
V  [jvm.dll+0x1fb3d4]
V  [jvm.dll+0x183d6c]
V  [jvm.dll+0x209a57]
V  [jvm.dll+0x2082a1]
V  [jvm.dll+0x6ef58f]
V  [jvm.dll+0x6e80b5]
V  [jvm.dll+0x5f1036]
C  [ucrtbase.dll+0x21bb2]
C  [KERNEL32.DLL+0x17034]
C  [ntdll.dll+0x52651]


---------------  P R O C E S S  ---------------

Threads class SMR info:
_java_thread_list=0x0000022e91444ce0, length=98, elements={
0x0000022eecedf800, 0x0000022ef9a33000, 0x0000022ef9a34000, 0x0000022ef9a4d800,
0x0000022ef9a4e800, 0x0000022ef9a50800, 0x0000022ef9a55800, 0x0000022ef9a56800,
0x0000022ef9a7c800, 0x0000022efa500800, 0x0000022efcc40800, 0x0000022efbc33800,
0x0000022efbef4800, 0x0000022efa422800, 0x0000022efa422000, 0x0000022efa41e800,
0x0000022efa41f800, 0x0000022efa420000, 0x0000022efd56d000, 0x0000022efd56c800,
0x0000022efd56e000, 0x0000022efd568800, 0x0000022efd569000, 0x0000022efcecc800,
0x0000022efcecd800, 0x0000022e8f8c6800, 0x0000022e8f258000, 0x0000022e8f25d800,
0x0000022e8f25e800, 0x0000022e8f25d000, 0x0000022e8f259000, 0x0000022e8f25f800,
0x0000022e8f25a800, 0x0000022e8f25c000, 0x0000022e8f259800, 0x0000022e8f264800,
0x0000022e8f265000, 0x0000022e8f266000, 0x0000022e8f260000, 0x0000022e8f266800,
0x0000022e8f261000, 0x0000022e8f262000, 0x0000022e8f262800, 0x0000022e8f263800,
0x0000022e8f8c7000, 0x0000022e8f8c8000, 0x0000022e8f8c9000, 0x0000022e8f8ca800,
0x0000022e8f8cb000, 0x0000022e8f8c9800, 0x0000022e8f8c5800, 0x0000022e8f8d0000,
0x0000022e8f8cd000, 0x0000022e8f8d1800, 0x0000022e8f8cd800, 0x0000022e8f8ce800,
0x0000022e8f8cf800, 0x0000022e8f8d1000, 0x0000022e8f8cc000, 0x0000022e8f8d2800,
0x0000022e8f8d3800, 0x0000022e8f8d4000, 0x0000022efcec1000, 0x0000022efcec6000,
0x0000022efcec5800, 0x0000022efcec3800, 0x0000022efcec3000, 0x0000022efcec8000,
0x0000022efcec7000, 0x0000022efcec4800, 0x0000022efcec2000, 0x0000022efcece800,
0x0000022efcec9800, 0x0000022efcecb000, 0x0000022efcecc000, 0x0000022efcec8800,
0x0000022efcecf000, 0x0000022efced0000, 0x0000022efd56f000, 0x0000022efd56f800,
0x0000022efd56a000, 0x0000022efd571800, 0x0000022efd572000, 0x0000022efd573000,
0x0000022efd573800, 0x0000022efd576000, 0x0000022efd574800, 0x0000022efd570800,
0x0000022efd575800, 0x0000022efd577000, 0x0000022efa41d000, 0x0000022efa421000,
0x0000022efa423800, 0x0000022efa41d800, 0x0000022e8f410000, 0x0000022e8f415800,
0x0000022e8f412000, 0x0000022e8f416800
}

Java Threads: ( => current thread )
  0x0000022eecedf800 JavaThread "main" [_thread_blocked, id=14256, stack(0x00000097bc400000,0x00000097bc500000)]
  0x0000022ef9a33000 JavaThread "Reference Handler" daemon [_thread_blocked, id=14320, stack(0x00000097bcb00000,0x00000097bcc00000)]
  0x0000022ef9a34000 JavaThread "Finalizer" daemon [_thread_blocked, id=18984, stack(0x00000097bcc00000,0x00000097bcd00000)]
  0x0000022ef9a4d800 JavaThread "Signal Dispatcher" daemon [_thread_blocked, id=21544, stack(0x00000097bcd00000,0x00000097bce00000)]
  0x0000022ef9a4e800 JavaThread "Attach Listener" daemon [_thread_blocked, id=10944, stack(0x00000097bce00000,0x00000097bcf00000)]
  0x0000022ef9a50800 JavaThread "Service Thread" daemon [_thread_blocked, id=22712, stack(0x00000097bcf00000,0x00000097bd000000)]
  0x0000022ef9a55800 JavaThread "C2 CompilerThread0" daemon [_thread_in_native, id=6044, stack(0x00000097bd000000,0x00000097bd100000)]
  0x0000022ef9a56800 JavaThread "C1 CompilerThread0" daemon [_thread_blocked, id=15996, stack(0x00000097bd100000,0x00000097bd200000)]
  0x0000022ef9a7c800 JavaThread "Sweeper thread" daemon [_thread_blocked, id=7716, stack(0x00000097bd200000,0x00000097bd300000)]
  0x0000022efa500800 JavaThread "Common-Cleaner" daemon [_thread_blocked, id=19256, stack(0x00000097bd300000,0x00000097bd400000)]
  0x0000022efcc40800 JavaThread "Daemon health stats" [_thread_blocked, id=13912, stack(0x00000097bd800000,0x00000097bd900000)]
  0x0000022efbc33800 JavaThread "Incoming local TCP Connector on port 60151" [_thread_in_native, id=816, stack(0x00000097bd500000,0x00000097bd600000)]
  0x0000022efbef4800 JavaThread "Daemon periodic checks" [_thread_blocked, id=17288, stack(0x00000097bd900000,0x00000097bda00000)]
  0x0000022efa422800 JavaThread "Cache worker for journal cache (C:\Users\Sajda\.gradle\caches\journal-1)" [_thread_blocked, id=13368, stack(0x00000097be200000,0x00000097be300000)]
  0x0000022efa422000 JavaThread "File lock request listener" [_thread_in_native, id=14912, stack(0x00000097be300000,0x00000097be400000)]
  0x0000022efa41e800 JavaThread "Cache worker for file hash cache (C:\Users\Sajda\.gradle\caches\7.2\fileHashes)" [_thread_blocked, id=20908, stack(0x00000097be400000,0x00000097be500000)]
  0x0000022efa41f800 JavaThread "File watcher server" daemon [_thread_in_native, id=15640, stack(0x00000097be600000,0x00000097be700000)]
  0x0000022efa420000 JavaThread "File watcher consumer" daemon [_thread_blocked, id=14884, stack(0x00000097be700000,0x00000097be800000)]
  0x0000022efd56d000 JavaThread "Cache worker for execution history cache (C:\Users\Sajda\.gradle\caches\7.2\executionHistory)" [_thread_blocked, id=1868, stack(0x00000097beb00000,0x00000097bec00000)]
  0x0000022efd56c800 JavaThread "jar transforms" [_thread_blocked, id=22476, stack(0x00000097bed00000,0x00000097bee00000)]
  0x0000022efd56e000 JavaThread "Cache worker for file content cache (C:\Users\Sajda\.gradle\caches\7.2\fileContent)" [_thread_blocked, id=11324, stack(0x00000097bee00000,0x00000097bef00000)]
  0x0000022efd568800 JavaThread "jar transforms Thread 2" [_thread_blocked, id=1416, stack(0x00000097bef00000,0x00000097bf000000)]
  0x0000022efd569000 JavaThread "jar transforms Thread 3" [_thread_blocked, id=16828, stack(0x00000097bf100000,0x00000097bf200000)]
  0x0000022efcecc800 JavaThread "jar transforms Thread 4" [_thread_blocked, id=5360, stack(0x00000097c1b00000,0x00000097c1c00000)]
  0x0000022efcecd800 JavaThread "Memory manager" [_thread_blocked, id=12732, stack(0x00000097c1c00000,0x00000097c1d00000)]
  0x0000022e8f8c6800 JavaThread "ForkJoinPool.commonPool-worker-7" daemon [_thread_blocked, id=17832, stack(0x00000097c2a00000,0x00000097c2b00000)]
  0x0000022e8f258000 JavaThread "Daemon Thread 2" [_thread_blocked, id=20624, stack(0x00000097bc200000,0x00000097bc300000)]
  0x0000022e8f25d800 JavaThread "Handler for socket connection from /127.0.0.1:60151 to /127.0.0.1:61262" [_thread_in_native, id=4848, stack(0x00000097bc300000,0x00000097bc400000)]
  0x0000022e8f25e800 JavaThread "Cancel handler" [_thread_blocked, id=6140, stack(0x00000097bda00000,0x00000097bdb00000)]
  0x0000022e8f25d000 JavaThread "Daemon worker Thread 2" [_thread_blocked, id=4304, stack(0x00000097bdb00000,0x00000097bdc00000)]
  0x0000022e8f259000 JavaThread "Asynchronous log dispatcher for DefaultDaemonConnection: socket connection from /127.0.0.1:60151 to /127.0.0.1:61262" [_thread_blocked, id=16316, stack(0x00000097bdc00000,0x00000097bdd00000)]
  0x0000022e8f25f800 JavaThread "Stdin handler" [_thread_blocked, id=3008, stack(0x00000097bdd00000,0x00000097bde00000)]
  0x0000022e8f25a800 JavaThread "Daemon client event forwarder" [_thread_blocked, id=10276, stack(0x00000097bde00000,0x00000097bdf00000)]
  0x0000022e8f25c000 JavaThread "Cache worker for file hash cache (C:\Users\Sajda\AndroidStudioProjects\OnlineSiparisApplication\.gradle\7.2\fileHashes)" [_thread_blocked, id=15784, stack(0x00000097bdf00000,0x00000097be000000)]
  0x0000022e8f259800 JavaThread "Cache worker for checksums cache (C:\Users\Sajda\AndroidStudioProjects\OnlineSiparisApplication\.gradle\checksums)" [_thread_blocked, id=8252, stack(0x00000097be000000,0x00000097be100000)]
  0x0000022e8f264800 JavaThread "Cache worker for cache directory md-supplier (C:\Users\Sajda\.gradle\caches\7.2\md-supplier)" [_thread_blocked, id=6236, stack(0x00000097be500000,0x00000097be600000)]
  0x0000022e8f265000 JavaThread "Cache worker for cache directory md-rule (C:\Users\Sajda\.gradle\caches\7.2\md-rule)" [_thread_blocked, id=17928, stack(0x00000097be800000,0x00000097be900000)]
  0x0000022e8f266000 JavaThread "Cache worker for dependencies-accessors (C:\Users\Sajda\AndroidStudioProjects\OnlineSiparisApplication\.gradle\7.2\dependencies-accessors)" [_thread_blocked, id=14948, stack(0x00000097be900000,0x00000097bea00000)]
  0x0000022e8f260000 JavaThread "Cache worker for Build Output Cleanup Cache (C:\Users\Sajda\AndroidStudioProjects\OnlineSiparisApplication\.gradle\buildOutputCleanup)" [_thread_blocked, id=8088, stack(0x00000097bea00000,0x00000097beb00000)]
  0x0000022e8f266800 JavaThread "Unconstrained build operations" [_thread_blocked, id=11056, stack(0x00000097bf000000,0x00000097bf100000)]
  0x0000022e8f261000 JavaThread "Unconstrained build operations Thread 2" [_thread_blocked, id=21496, stack(0x00000097bf200000,0x00000097bf300000)]
  0x0000022e8f262000 JavaThread "Unconstrained build operations Thread 3" [_thread_blocked, id=16956, stack(0x00000097bf300000,0x00000097bf400000)]
  0x0000022e8f262800 JavaThread "Unconstrained build operations Thread 4" [_thread_blocked, id=19916, stack(0x00000097bf400000,0x00000097bf500000)]
  0x0000022e8f263800 JavaThread "Unconstrained build operations Thread 5" [_thread_blocked, id=4540, stack(0x00000097bf500000,0x00000097bf600000)]
  0x0000022e8f8c7000 JavaThread "Unconstrained build operations Thread 6" [_thread_blocked, id=6084, stack(0x00000097bf600000,0x00000097bf700000)]
  0x0000022e8f8c8000 JavaThread "Unconstrained build operations Thread 7" [_thread_blocked, id=3332, stack(0x00000097bf700000,0x00000097bf800000)]
  0x0000022e8f8c9000 JavaThread "Unconstrained build operations Thread 8" [_thread_blocked, id=6228, stack(0x00000097bf800000,0x00000097bf900000)]
  0x0000022e8f8ca800 JavaThread "Unconstrained build operations Thread 9" [_thread_blocked, id=3760, stack(0x00000097bf900000,0x00000097bfa00000)]
  0x0000022e8f8cb000 JavaThread "Unconstrained build operations Thread 10" [_thread_blocked, id=15868, stack(0x00000097bfa00000,0x00000097bfb00000)]
  0x0000022e8f8c9800 JavaThread "Unconstrained build operations Thread 11" [_thread_blocked, id=18428, stack(0x00000097bfb00000,0x00000097bfc00000)]
  0x0000022e8f8c5800 JavaThread "Unconstrained build operations Thread 12" [_thread_blocked, id=20716, stack(0x00000097bfc00000,0x00000097bfd00000)]
  0x0000022e8f8d0000 JavaThread "Unconstrained build operations Thread 13" [_thread_blocked, id=18120, stack(0x00000097bfd00000,0x00000097bfe00000)]
  0x0000022e8f8cd000 JavaThread "Unconstrained build operations Thread 14" [_thread_blocked, id=6048, stack(0x00000097bfe00000,0x00000097bff00000)]
  0x0000022e8f8d1800 JavaThread "Unconstrained build operations Thread 15" [_thread_blocked, id=16284, stack(0x00000097bff00000,0x00000097c0000000)]
  0x0000022e8f8cd800 JavaThread "Unconstrained build operations Thread 16" [_thread_blocked, id=19940, stack(0x00000097c0000000,0x00000097c0100000)]
  0x0000022e8f8ce800 JavaThread "Unconstrained build operations Thread 17" [_thread_blocked, id=16844, stack(0x00000097c0100000,0x00000097c0200000)]
  0x0000022e8f8cf800 JavaThread "Unconstrained build operations Thread 18" [_thread_blocked, id=21040, stack(0x00000097c0200000,0x00000097c0300000)]
  0x0000022e8f8d1000 JavaThread "Unconstrained build operations Thread 19" [_thread_blocked, id=4164, stack(0x00000097c0300000,0x00000097c0400000)]
  0x0000022e8f8cc000 JavaThread "Unconstrained build operations Thread 20" [_thread_blocked, id=6280, stack(0x00000097c0400000,0x00000097c0500000)]
  0x0000022e8f8d2800 JavaThread "Unconstrained build operations Thread 21" [_thread_blocked, id=8020, stack(0x00000097c0500000,0x00000097c0600000)]
  0x0000022e8f8d3800 JavaThread "Unconstrained build operations Thread 22" [_thread_blocked, id=14812, stack(0x00000097c0600000,0x00000097c0700000)]
  0x0000022e8f8d4000 JavaThread "Unconstrained build operations Thread 23" [_thread_blocked, id=20692, stack(0x00000097c0700000,0x00000097c0800000)]
  0x0000022efcec1000 JavaThread "Unconstrained build operations Thread 24" [_thread_blocked, id=10496, stack(0x00000097c0800000,0x00000097c0900000)]
  0x0000022efcec6000 JavaThread "Unconstrained build operations Thread 25" [_thread_blocked, id=7204, stack(0x00000097c0900000,0x00000097c0a00000)]
  0x0000022efcec5800 JavaThread "Unconstrained build operations Thread 26" [_thread_blocked, id=6080, stack(0x00000097c0a00000,0x00000097c0b00000)]
  0x0000022efcec3800 JavaThread "Unconstrained build operations Thread 27" [_thread_blocked, id=18424, stack(0x00000097c0b00000,0x00000097c0c00000)]
  0x0000022efcec3000 JavaThread "Unconstrained build operations Thread 28" [_thread_blocked, id=12264, stack(0x00000097c0c00000,0x00000097c0d00000)]
  0x0000022efcec8000 JavaThread "Unconstrained build operations Thread 29" [_thread_blocked, id=17340, stack(0x00000097c0d00000,0x00000097c0e00000)]
  0x0000022efcec7000 JavaThread "Unconstrained build operations Thread 30" [_thread_blocked, id=13080, stack(0x00000097c0e00000,0x00000097c0f00000)]
  0x0000022efcec4800 JavaThread "Unconstrained build operations Thread 31" [_thread_blocked, id=22564, stack(0x00000097c0f00000,0x00000097c1000000)]
  0x0000022efcec2000 JavaThread "Unconstrained build operations Thread 32" [_thread_blocked, id=18352, stack(0x00000097c1000000,0x00000097c1100000)]
  0x0000022efcece800 JavaThread "Unconstrained build operations Thread 33" [_thread_blocked, id=500, stack(0x00000097c1100000,0x00000097c1200000)]
  0x0000022efcec9800 JavaThread "Unconstrained build operations Thread 34" [_thread_blocked, id=19860, stack(0x00000097c1200000,0x00000097c1300000)]
  0x0000022efcecb000 JavaThread "Unconstrained build operations Thread 35" [_thread_blocked, id=16032, stack(0x00000097c1300000,0x00000097c1400000)]
  0x0000022efcecc000 JavaThread "Unconstrained build operations Thread 36" [_thread_blocked, id=4504, stack(0x00000097c1400000,0x00000097c1500000)]
  0x0000022efcec8800 JavaThread "Unconstrained build operations Thread 37" [_thread_blocked, id=18208, stack(0x00000097c1500000,0x00000097c1600000)]
  0x0000022efcecf000 JavaThread "Unconstrained build operations Thread 38" [_thread_blocked, id=1652, stack(0x00000097c1600000,0x00000097c1700000)]
  0x0000022efced0000 JavaThread "Unconstrained build operations Thread 39" [_thread_blocked, id=13220, stack(0x00000097c1700000,0x00000097c1800000)]
  0x0000022efd56f000 JavaThread "Unconstrained build operations Thread 40" [_thread_blocked, id=16712, stack(0x00000097c1800000,0x00000097c1900000)]
  0x0000022efd56f800 JavaThread "build event listener" [_thread_blocked, id=7580, stack(0x00000097c1900000,0x00000097c1a00000)]
  0x0000022efd56a000 JavaThread "Execution worker for ':'" [_thread_blocked, id=21528, stack(0x00000097c1a00000,0x00000097c1b00000)]
  0x0000022efd571800 JavaThread "Execution worker for ':' Thread 2" [_thread_blocked, id=23408, stack(0x00000097c1d00000,0x00000097c1e00000)]
  0x0000022efd572000 JavaThread "Execution worker for ':' Thread 3" [_thread_blocked, id=17016, stack(0x00000097c1e00000,0x00000097c1f00000)]
  0x0000022efd573000 JavaThread "Cache worker for execution history cache (C:\Users\Sajda\AndroidStudioProjects\OnlineSiparisApplication\.gradle\7.2\executionHistory)" [_thread_blocked, id=1624, stack(0x00000097c1f00000,0x00000097c2000000)]
  0x0000022efd573800 JavaThread "WorkerExecutor Queue" [_thread_in_vm, id=6352, stack(0x00000097c2000000,0x00000097c2100000)]
  0x0000022efd576000 JavaThread "WorkerExecutor Queue Thread 2" [_thread_blocked, id=12436, stack(0x00000097c2200000,0x00000097c2300000)]
  0x0000022efd574800 JavaThread "WorkerExecutor Queue Thread 3" [_thread_blocked, id=17020, stack(0x00000097c2300000,0x00000097c2400000)]
  0x0000022efd570800 JavaThread "pool-7-thread-1" [_thread_blocked, id=11480, stack(0x00000097c2400000,0x00000097c2500000)]
  0x0000022efd575800 JavaThread "stderr" [_thread_in_native, id=10140, stack(0x00000097c2500000,0x00000097c2600000)]
  0x0000022efd577000 JavaThread "stdout" [_thread_in_native, id=18240, stack(0x00000097c2800000,0x00000097c2900000)]
=>0x0000022efa41d000 JavaThread "C2 CompilerThread1" daemon [_thread_in_native, id=14136, stack(0x00000097bec00000,0x00000097bed00000)]
  0x0000022efa421000 JavaThread "Cache worker for Java compile cache (C:\Users\Sajda\.gradle\caches\7.2\javaCompile)" [_thread_blocked, id=19584, stack(0x00000097c2900000,0x00000097c2a00000)]
  0x0000022efa423800 JavaThread "Build operations" [_thread_blocked, id=15300, stack(0x00000097c2b00000,0x00000097c2c00000)]
  0x0000022efa41d800 JavaThread "Build operations Thread 2" [_thread_blocked, id=15168, stack(0x00000097c2c00000,0x00000097c2d00000)]
  0x0000022e8f410000 JavaThread "Build operations Thread 3" [_thread_blocked, id=22752, stack(0x00000097c2d00000,0x00000097c2e00000)]
  0x0000022e8f415800 JavaThread "Build operations Thread 4" [_thread_blocked, id=22344, stack(0x00000097c2e00000,0x00000097c2f00000)]
  0x0000022e8f412000 JavaThread "WorkerExecutor Queue Thread 4" [_thread_blocked, id=13820, stack(0x00000097c2f00000,0x00000097c3000000)]
  0x0000022e8f416800 JavaThread "WorkerExecutor Queue Thread 5" [_thread_blocked, id=16636, stack(0x00000097c3000000,0x00000097c3100000)]

Other Threads:
  0x0000022ef9a30800 VMThread "VM Thread" [stack: 0x00000097bca00000,0x00000097bcb00000] [id=22860]
  0x0000022efa516800 WatcherThread [stack: 0x00000097bd400000,0x00000097bd500000] [id=20360]
  0x0000022eecef7800 GCTaskThread "GC Thread#0" [stack: 0x00000097bc500000,0x00000097bc600000] [id=10728]
  0x0000022efaae5000 GCTaskThread "GC Thread#1" [stack: 0x00000097bd600000,0x00000097bd700000] [id=1064]
  0x0000022efa88e000 GCTaskThread "GC Thread#2" [stack: 0x00000097bd700000,0x00000097bd800000] [id=20816]
  0x0000022efc1c3000 GCTaskThread "GC Thread#3" [stack: 0x00000097be100000,0x00000097be200000] [id=324]
  0x0000022eecf28800 ConcurrentGCThread "G1 Main Marker" [stack: 0x00000097bc600000,0x00000097bc700000] [id=14288]
  0x0000022eecf2a000 ConcurrentGCThread "G1 Conc#0" [stack: 0x00000097bc700000,0x00000097bc800000] [id=532]
  0x0000022eecfb8800 ConcurrentGCThread "G1 Refine#0" [stack: 0x00000097bc800000,0x00000097bc900000] [id=13052]
  0x0000022eecfb9800 ConcurrentGCThread "G1 Young RemSet Sampling" [stack: 0x00000097bc900000,0x00000097bca00000] [id=16668]

Threads with active compile tasks:
C2 CompilerThread0 822057 17214       4       com.android.tools.r8.graph.g2::a (566 bytes)
C2 CompilerThread1 822057 16983       4       org.gradle.api.internal.tasks.compile.incremental.serialization.HierarchicalNameSerializer::writeName (88 bytes)

VM state:not at safepoint (normal execution)

VM Mutex/Monitor currently owned by a thread: None

Heap address: 0x0000000080000000, size: 2048 MB, Compressed Oops mode: 32-bit
Narrow klass base: 0x0000000000000000, Narrow klass shift: 3
Compressed class space size: 1073741824 Address: 0x0000000100000000

Heap:
 garbage-first heap   total 157696K, used 125515K [0x0000000080000000, 0x0000000100000000)
  region size 1024K, 22 young (22528K), 4 survivors (4096K)
 Metaspace       used 115238K, capacity 118326K, committed 118400K, reserved 1150976K
  class space    used 14786K, capacity 15987K, committed 16000K, reserved 1048576K
Heap Regions: E=young(eden), S=young(survivor), O=old, HS=humongous(starts), HC=humongous(continues), CS=collection set, F=free, A=archive, TAMS=top-at-mark-start (previous, next)
|   0|0x0000000080000000, 0x0000000080100000, 0x0000000080100000|100%| O|  |TAMS 0x0000000080100000, 0x0000000080000000| Untracked 
|   1|0x0000000080100000, 0x0000000080200000, 0x0000000080200000|100%| O|  |TAMS 0x0000000080200000, 0x0000000080100000| Untracked 
|   2|0x0000000080200000, 0x0000000080300000, 0x0000000080300000|100%| O|  |TAMS 0x0000000080300000, 0x0000000080200000| Untracked 
|   3|0x0000000080300000, 0x0000000080400000, 0x0000000080400000|100%|HS|  |TAMS 0x0000000080400000, 0x0000000080300000| Complete 
|   4|0x0000000080400000, 0x0000000080500000, 0x0000000080500000|100%|HC|  |TAMS 0x0000000080500000, 0x0000000080400000| Complete 
|   5|0x0000000080500000, 0x0000000080600000, 0x0000000080600000|100%|HC|  |TAMS 0x0000000080600000, 0x0000000080500000| Complete 
|   6|0x0000000080600000, 0x0000000080700000, 0x0000000080700000|100%| O|  |TAMS 0x0000000080700000, 0x0000000080600000| Untracked 
|   7|0x0000000080700000, 0x0000000080800000, 0x0000000080800000|100%| O|  |TAMS 0x0000000080800000, 0x0000000080700000| Untracked 
|   8|0x0000000080800000, 0x0000000080900000, 0x0000000080900000|100%| O|  |TAMS 0x0000000080900000, 0x0000000080800000| Untracked 
|   9|0x0000000080900000, 0x0000000080a00000, 0x0000000080a00000|100%| O|  |TAMS 0x0000000080a00000, 0x0000000080900000| Untracked 
|  10|0x0000000080a00000, 0x0000000080b00000, 0x0000000080b00000|100%| O|  |TAMS 0x0000000080b00000, 0x0000000080a00000| Untracked 
|  11|0x0000000080b00000, 0x0000000080c00000, 0x0000000080c00000|100%| O|  |TAMS 0x0000000080c00000, 0x0000000080b00000| Untracked 
|  12|0x0000000080c00000, 0x0000000080d00000, 0x0000000080d00000|100%| O|  |TAMS 0x0000000080d00000, 0x0000000080c00000| Untracked 
|  13|0x0000000080d00000, 0x0000000080e00000, 0x0000000080e00000|100%| O|  |TAMS 0x0000000080e00000, 0x0000000080d00000| Untracked 
|  14|0x0000000080e00000, 0x0000000080f00000, 0x0000000080f00000|100%| O|  |TAMS 0x0000000080f00000, 0x0000000080e00000| Untracked 
|  15|0x0000000080f00000, 0x0000000081000000, 0x0000000081000000|100%| O|  |TAMS 0x0000000081000000, 0x0000000080f00000| Untracked 
|  16|0x0000000081000000, 0x0000000081100000, 0x0000000081100000|100%| O|  |TAMS 0x0000000081100000, 0x0000000081000000| Untracked 
|  17|0x0000000081100000, 0x0000000081200000, 0x0000000081200000|100%|HS|  |TAMS 0x0000000081200000, 0x0000000081100000| Complete 
|  18|0x0000000081200000, 0x0000000081300000, 0x0000000081300000|100%| O|  |TAMS 0x0000000081300000, 0x0000000081200000| Untracked 
|  19|0x0000000081300000, 0x0000000081400000, 0x0000000081400000|100%| O|  |TAMS 0x0000000081400000, 0x0000000081300000| Untracked 
|  20|0x0000000081400000, 0x0000000081500000, 0x0000000081500000|100%| O|  |TAMS 0x0000000081500000, 0x0000000081400000| Untracked 
|  21|0x0000000081500000, 0x0000000081600000, 0x0000000081600000|100%| O|  |TAMS 0x0000000081600000, 0x0000000081500000| Untracked 
|  22|0x0000000081600000, 0x0000000081700000, 0x0000000081700000|100%| O|  |TAMS 0x0000000081700000, 0x0000000081600000| Untracked 
|  23|0x0000000081700000, 0x0000000081800000, 0x0000000081800000|100%| O|  |TAMS 0x0000000081800000, 0x0000000081700000| Untracked 
|  24|0x0000000081800000, 0x0000000081900000, 0x0000000081900000|100%| O|  |TAMS 0x0000000081900000, 0x0000000081800000| Untracked 
|  25|0x0000000081900000, 0x0000000081a00000, 0x0000000081a00000|100%| O|  |TAMS 0x0000000081a00000, 0x0000000081900000| Untracked 
|  26|0x0000000081a00000, 0x0000000081b00000, 0x0000000081b00000|100%| O|  |TAMS 0x0000000081b00000, 0x0000000081a00000| Untracked 
|  27|0x0000000081b00000, 0x0000000081c00000, 0x0000000081c00000|100%| O|  |TAMS 0x0000000081c00000, 0x0000000081b00000| Untracked 
|  28|0x0000000081c00000, 0x0000000081d00000, 0x0000000081d00000|100%| O|  |TAMS 0x0000000081d00000, 0x0000000081c00000| Untracked 
|  29|0x0000000081d00000, 0x0000000081e00000, 0x0000000081e00000|100%|HS|  |TAMS 0x0000000081e00000, 0x0000000081d00000| Complete 
|  30|0x0000000081e00000, 0x0000000081f00000, 0x0000000081f00000|100%|HS|  |TAMS 0x0000000081f00000, 0x0000000081e00000| Complete 
|  31|0x0000000081f00000, 0x0000000082000000, 0x0000000082000000|100%|HS|  |TAMS 0x0000000082000000, 0x0000000081f00000| Complete 
|  32|0x0000000082000000, 0x0000000082100000, 0x0000000082100000|100%|HC|  |TAMS 0x0000000082100000, 0x0000000082000000| Complete 
|  33|0x0000000082100000, 0x0000000082100000, 0x0000000082200000|  0%| F|  |TAMS 0x0000000082100000, 0x0000000082100000| Untracked 
|  34|0x0000000082200000, 0x0000000082300000, 0x0000000082300000|100%| O|  |TAMS 0x0000000082300000, 0x0000000082200000| Untracked 
|  35|0x0000000082300000, 0x0000000082400000, 0x0000000082400000|100%| O|  |TAMS 0x0000000082400000, 0x0000000082300000| Untracked 
|  36|0x0000000082400000, 0x0000000082500000, 0x0000000082500000|100%| O|  |TAMS 0x0000000082500000, 0x0000000082400000| Untracked 
|  37|0x0000000082500000, 0x0000000082600000, 0x0000000082600000|100%| O|  |TAMS 0x0000000082600000, 0x0000000082500000| Untracked 
|  38|0x0000000082600000, 0x0000000082700000, 0x0000000082700000|100%| O|  |TAMS 0x0000000082700000, 0x0000000082600000| Untracked 
|  39|0x0000000082700000, 0x0000000082800000, 0x0000000082800000|100%| O|  |TAMS 0x0000000082800000, 0x0000000082700000| Untracked 
|  40|0x0000000082800000, 0x0000000082900000, 0x0000000082900000|100%| O|  |TAMS 0x0000000082900000, 0x0000000082800000| Untracked 
|  41|0x0000000082900000, 0x0000000082a00000, 0x0000000082a00000|100%| O|  |TAMS 0x0000000082a00000, 0x0000000082900000| Untracked 
|  42|0x0000000082a00000, 0x0000000082b00000, 0x0000000082b00000|100%| O|  |TAMS 0x0000000082b00000, 0x0000000082a00000| Untracked 
|  43|0x0000000082b00000, 0x0000000082c00000, 0x0000000082c00000|100%| O|  |TAMS 0x0000000082c00000, 0x0000000082b00000| Untracked 
|  44|0x0000000082c00000, 0x0000000082d00000, 0x0000000082d00000|100%| O|  |TAMS 0x0000000082d00000, 0x0000000082c00000| Untracked 
|  45|0x0000000082d00000, 0x0000000082e00000, 0x0000000082e00000|100%| O|  |TAMS 0x0000000082e00000, 0x0000000082d00000| Untracked 
|  46|0x0000000082e00000, 0x0000000082f00000, 0x0000000082f00000|100%| O|  |TAMS 0x0000000082f00000, 0x0000000082e00000| Untracked 
|  47|0x0000000082f00000, 0x0000000083000000, 0x0000000083000000|100%| O|  |TAMS 0x0000000083000000, 0x0000000082f00000| Untracked 
|  48|0x0000000083000000, 0x0000000083100000, 0x0000000083100000|100%| O|  |TAMS 0x0000000083100000, 0x0000000083000000| Untracked 
|  49|0x0000000083100000, 0x0000000083200000, 0x0000000083200000|100%| O|  |TAMS 0x0000000083200000, 0x0000000083100000| Untracked 
|  50|0x0000000083200000, 0x0000000083300000, 0x0000000083300000|100%| O|  |TAMS 0x0000000083300000, 0x0000000083200000| Untracked 
|  51|0x0000000083300000, 0x0000000083400000, 0x0000000083400000|100%| O|  |TAMS 0x0000000083400000, 0x0000000083300000| Untracked 
|  52|0x0000000083400000, 0x0000000083500000, 0x0000000083500000|100%| O|  |TAMS 0x0000000083500000, 0x0000000083400000| Untracked 
|  53|0x0000000083500000, 0x0000000083600000, 0x0000000083600000|100%| O|  |TAMS 0x0000000083600000, 0x0000000083500000| Untracked 
|  54|0x0000000083600000, 0x0000000083700000, 0x0000000083700000|100%| O|  |TAMS 0x0000000083700000, 0x0000000083600000| Untracked 
|  55|0x0000000083700000, 0x0000000083800000, 0x0000000083800000|100%| O|  |TAMS 0x0000000083800000, 0x0000000083700000| Untracked 
|  56|0x0000000083800000, 0x0000000083900000, 0x0000000083900000|100%| O|  |TAMS 0x0000000083900000, 0x0000000083800000| Untracked 
|  57|0x0000000083900000, 0x0000000083a00000, 0x0000000083a00000|100%| O|  |TAMS 0x0000000083a00000, 0x0000000083900000| Untracked 
|  58|0x0000000083a00000, 0x0000000083b00000, 0x0000000083b00000|100%| O|  |TAMS 0x0000000083b00000, 0x0000000083a00000| Untracked 
|  59|0x0000000083b00000, 0x0000000083c00000, 0x0000000083c00000|100%| O|  |TAMS 0x0000000083c00000, 0x0000000083b00000| Untracked 
|  60|0x0000000083c00000, 0x0000000083d00000, 0x0000000083d00000|100%| O|  |TAMS 0x0000000083d00000, 0x0000000083c00000| Untracked 
|  61|0x0000000083d00000, 0x0000000083e00000, 0x0000000083e00000|100%| O|  |TAMS 0x0000000083e00000, 0x0000000083d00000| Untracked 
|  62|0x0000000083e00000, 0x0000000083f00000, 0x0000000083f00000|100%| O|  |TAMS 0x0000000083f00000, 0x0000000083e00000| Untracked 
|  63|0x0000000083f00000, 0x0000000084000000, 0x0000000084000000|100%| O|  |TAMS 0x0000000084000000, 0x0000000083f00000| Untracked 
|  64|0x0000000084000000, 0x0000000084100000, 0x0000000084100000|100%| O|  |TAMS 0x0000000084100000, 0x0000000084000000| Untracked 
|  65|0x0000000084100000, 0x0000000084200000, 0x0000000084200000|100%| O|  |TAMS 0x0000000084200000, 0x0000000084100000| Untracked 
|  66|0x0000000084200000, 0x0000000084300000, 0x0000000084300000|100%| O|  |TAMS 0x0000000084300000, 0x0000000084200000| Untracked 
|  67|0x0000000084300000, 0x0000000084400000, 0x0000000084400000|100%| O|  |TAMS 0x0000000084400000, 0x0000000084300000| Untracked 
|  68|0x0000000084400000, 0x0000000084500000, 0x0000000084500000|100%| O|  |TAMS 0x0000000084500000, 0x0000000084400000| Untracked 
|  69|0x0000000084500000, 0x0000000084600000, 0x0000000084600000|100%| O|  |TAMS 0x0000000084600000, 0x0000000084500000| Untracked 
|  70|0x0000000084600000, 0x0000000084700000, 0x0000000084700000|100%| O|  |TAMS 0x0000000084700000, 0x0000000084600000| Untracked 
|  71|0x0000000084700000, 0x0000000084800000, 0x0000000084800000|100%| O|  |TAMS 0x0000000084800000, 0x0000000084700000| Untracked 
|  72|0x0000000084800000, 0x0000000084900000, 0x0000000084900000|100%| O|  |TAMS 0x0000000084900000, 0x0000000084800000| Untracked 
|  73|0x0000000084900000, 0x0000000084a00000, 0x0000000084a00000|100%| O|  |TAMS 0x0000000084a00000, 0x0000000084900000| Untracked 
|  74|0x0000000084a00000, 0x0000000084b00000, 0x0000000084b00000|100%| O|  |TAMS 0x0000000084b00000, 0x0000000084a00000| Untracked 
|  75|0x0000000084b00000, 0x0000000084c00000, 0x0000000084c00000|100%| O|  |TAMS 0x0000000084c00000, 0x0000000084b00000| Untracked 
|  76|0x0000000084c00000, 0x0000000084d00000, 0x0000000084d00000|100%| O|  |TAMS 0x0000000084d00000, 0x0000000084c00000| Untracked 
|  77|0x0000000084d00000, 0x0000000084e00000, 0x0000000084e00000|100%| O|  |TAMS 0x0000000084e00000, 0x0000000084d00000| Untracked 
|  78|0x0000000084e00000, 0x0000000084f00000, 0x0000000084f00000|100%| O|  |TAMS 0x0000000084f00000, 0x0000000084e00000| Untracked 
|  79|0x0000000084f00000, 0x0000000085000000, 0x0000000085000000|100%| O|  |TAMS 0x0000000085000000, 0x0000000084f00000| Untracked 
|  80|0x0000000085000000, 0x0000000085100000, 0x0000000085100000|100%| O|  |TAMS 0x0000000085100000, 0x0000000085000000| Untracked 
|  81|0x0000000085100000, 0x0000000085200000, 0x0000000085200000|100%| O|  |TAMS 0x0000000085200000, 0x0000000085100000| Untracked 
|  82|0x0000000085200000, 0x0000000085300000, 0x0000000085300000|100%| O|  |TAMS 0x0000000085300000, 0x0000000085200000| Untracked 
|  83|0x0000000085300000, 0x0000000085400000, 0x0000000085400000|100%| O|  |TAMS 0x0000000085400000, 0x0000000085300000| Untracked 
|  84|0x0000000085400000, 0x0000000085500000, 0x0000000085500000|100%| O|  |TAMS 0x0000000085500000, 0x0000000085400000| Untracked 
|  85|0x0000000085500000, 0x0000000085600000, 0x0000000085600000|100%|HS|  |TAMS 0x0000000085600000, 0x0000000085500000| Complete 
|  86|0x0000000085600000, 0x0000000085700000, 0x0000000085700000|100%|HC|  |TAMS 0x0000000085700000, 0x0000000085600000| Complete 
|  87|0x0000000085700000, 0x0000000085800000, 0x0000000085800000|100%| O|  |TAMS 0x0000000085800000, 0x0000000085700000| Untracked 
|  88|0x0000000085800000, 0x0000000085900000, 0x0000000085900000|100%| O|  |TAMS 0x0000000085900000, 0x0000000085800000| Untracked 
|  89|0x0000000085900000, 0x0000000085a00000, 0x0000000085a00000|100%| O|  |TAMS 0x0000000085a00000, 0x0000000085900000| Untracked 
|  90|0x0000000085a00000, 0x0000000085b00000, 0x0000000085b00000|100%| O|  |TAMS 0x0000000085b00000, 0x0000000085a00000| Untracked 
|  91|0x0000000085b00000, 0x0000000085c00000, 0x0000000085c00000|100%| O|  |TAMS 0x0000000085c00000, 0x0000000085b00000| Untracked 
|  92|0x0000000085c00000, 0x0000000085d00000, 0x0000000085d00000|100%| O|  |TAMS 0x0000000085d00000, 0x0000000085c00000| Untracked 
|  93|0x0000000085d00000, 0x0000000085e00000, 0x0000000085e00000|100%| O|  |TAMS 0x0000000085e00000, 0x0000000085d00000| Untracked 
|  94|0x0000000085e00000, 0x0000000085f00000, 0x0000000085f00000|100%| O|  |TAMS 0x0000000085f00000, 0x0000000085e00000| Untracked 
|  95|0x0000000085f00000, 0x0000000086000000, 0x0000000086000000|100%| O|  |TAMS 0x0000000086000000, 0x0000000085f00000| Untracked 
|  96|0x0000000086000000, 0x0000000086100000, 0x0000000086100000|100%| O|  |TAMS 0x0000000086100000, 0x0000000086000000| Untracked 
|  97|0x0000000086100000, 0x0000000086200000, 0x0000000086200000|100%| O|  |TAMS 0x0000000086200000, 0x0000000086100000| Untracked 
|  98|0x0000000086200000, 0x0000000086300000, 0x0000000086300000|100%| O|  |TAMS 0x00000000862c3600, 0x0000000086200000| Untracked 
|  99|0x0000000086300000, 0x0000000086300000, 0x0000000086400000|  0%| F|  |TAMS 0x0000000086300000, 0x0000000086300000| Untracked 
| 100|0x0000000086400000, 0x0000000086500000, 0x0000000086500000|100%| O|  |TAMS 0x0000000086400000, 0x0000000086400000| Untracked 
| 101|0x0000000086500000, 0x0000000086600000, 0x0000000086600000|100%| O|  |TAMS 0x0000000086500000, 0x0000000086500000| Untracked 
| 102|0x0000000086600000, 0x0000000086700000, 0x0000000086700000|100%| O|  |TAMS 0x0000000086700000, 0x0000000086600000| Untracked 
| 103|0x0000000086700000, 0x0000000086800000, 0x0000000086800000|100%| O|  |TAMS 0x0000000086800000, 0x0000000086700000| Untracked 
| 104|0x0000000086800000, 0x0000000086892c00, 0x0000000086900000| 57%| O|  |TAMS 0x0000000086800000, 0x0000000086800000| Untracked 
| 105|0x0000000086900000, 0x0000000086900000, 0x0000000086a00000|  0%| F|  |TAMS 0x0000000086900000, 0x0000000086900000| Untracked 
| 106|0x0000000086a00000, 0x0000000086a00000, 0x0000000086b00000|  0%| F|  |TAMS 0x0000000086a00000, 0x0000000086a00000| Untracked 
| 107|0x0000000086b00000, 0x0000000086b00000, 0x0000000086c00000|  0%| F|  |TAMS 0x0000000086b00000, 0x0000000086b00000| Untracked 
| 108|0x0000000086c00000, 0x0000000086c00000, 0x0000000086d00000|  0%| F|  |TAMS 0x0000000086c00000, 0x0000000086c00000| Untracked 
| 109|0x0000000086d00000, 0x0000000086d00000, 0x0000000086e00000|  0%| F|  |TAMS 0x0000000086d00000, 0x0000000086d00000| Untracked 
| 110|0x0000000086e00000, 0x0000000086e00000, 0x0000000086f00000|  0%| F|  |TAMS 0x0000000086e00000, 0x0000000086e00000| Untracked 
| 111|0x0000000086f00000, 0x0000000086f00000, 0x0000000087000000|  0%| F|  |TAMS 0x0000000086f00000, 0x0000000086f00000| Untracked 
| 112|0x0000000087000000, 0x0000000087000000, 0x0000000087100000|  0%| F|  |TAMS 0x0000000087000000, 0x0000000087000000| Untracked 
| 113|0x0000000087100000, 0x0000000087100000, 0x0000000087200000|  0%| F|  |TAMS 0x0000000087100000, 0x0000000087100000| Untracked 
| 114|0x0000000087200000, 0x0000000087200000, 0x0000000087300000|  0%| F|  |TAMS 0x0000000087200000, 0x0000000087200000| Untracked 
| 115|0x0000000087300000, 0x0000000087300000, 0x0000000087400000|  0%| F|  |TAMS 0x0000000087300000, 0x0000000087300000| Untracked 
| 116|0x0000000087400000, 0x0000000087400000, 0x0000000087500000|  0%| F|  |TAMS 0x0000000087400000, 0x0000000087400000| Untracked 
| 117|0x0000000087500000, 0x0000000087500000, 0x0000000087600000|  0%| F|  |TAMS 0x0000000087500000, 0x0000000087500000| Untracked 
| 118|0x0000000087600000, 0x0000000087600000, 0x0000000087700000|  0%| F|  |TAMS 0x0000000087600000, 0x0000000087600000| Untracked 
| 119|0x0000000087700000, 0x0000000087700000, 0x0000000087800000|  0%| F|  |TAMS 0x0000000087700000, 0x0000000087700000| Untracked 
| 120|0x0000000087800000, 0x0000000087800000, 0x0000000087900000|  0%| F|  |TAMS 0x0000000087800000, 0x0000000087800000| Untracked 
| 121|0x0000000087900000, 0x0000000087900000, 0x0000000087a00000|  0%| F|  |TAMS 0x0000000087900000, 0x0000000087900000| Untracked 
| 122|0x0000000087a00000, 0x0000000087a00000, 0x0000000087b00000|  0%| F|  |TAMS 0x0000000087a00000, 0x0000000087a00000| Untracked 
| 123|0x0000000087b00000, 0x0000000087b00000, 0x0000000087c00000|  0%| F|  |TAMS 0x0000000087b00000, 0x0000000087b00000| Untracked 
| 124|0x0000000087c00000, 0x0000000087c00000, 0x0000000087d00000|  0%| F|  |TAMS 0x0000000087c00000, 0x0000000087c00000| Untracked 
| 125|0x0000000087d00000, 0x0000000087e00000, 0x0000000087e00000|100%| S|CS|TAMS 0x0000000087d00000, 0x0000000087d00000| Complete 
| 126|0x0000000087e00000, 0x0000000087f00000, 0x0000000087f00000|100%| S|CS|TAMS 0x0000000087e00000, 0x0000000087e00000| Complete 
| 127|0x0000000087f00000, 0x0000000088000000, 0x0000000088000000|100%| S|CS|TAMS 0x0000000087f00000, 0x0000000087f00000| Complete 
| 128|0x0000000088000000, 0x0000000088000000, 0x0000000088100000|  0%| F|  |TAMS 0x0000000088000000, 0x0000000088000000| Untracked 
| 129|0x0000000088100000, 0x0000000088100000, 0x0000000088200000|  0%| F|  |TAMS 0x0000000088100000, 0x0000000088100000| Untracked 
| 130|0x0000000088200000, 0x0000000088200000, 0x0000000088300000|  0%| F|  |TAMS 0x0000000088200000, 0x0000000088200000| Untracked 
| 131|0x0000000088300000, 0x0000000088400000, 0x0000000088400000|100%| S|CS|TAMS 0x0000000088300000, 0x0000000088300000| Complete 
| 132|0x0000000088400000, 0x0000000088400000, 0x0000000088500000|  0%| F|  |TAMS 0x0000000088400000, 0x0000000088400000| Untracked 
| 133|0x0000000088500000, 0x0000000088500000, 0x0000000088600000|  0%| F|  |TAMS 0x0000000088500000, 0x0000000088500000| Untracked 
| 134|0x0000000088600000, 0x0000000088600000, 0x0000000088700000|  0%| F|  |TAMS 0x0000000088600000, 0x0000000088600000| Untracked 
| 135|0x0000000088700000, 0x0000000088700000, 0x0000000088800000|  0%| F|  |TAMS 0x0000000088700000, 0x0000000088700000| Untracked 
| 136|0x0000000088800000, 0x000000008885f638, 0x0000000088900000| 37%| E|  |TAMS 0x0000000088800000, 0x0000000088800000| Complete 
| 137|0x0000000088900000, 0x0000000088a00000, 0x0000000088a00000|100%| E|CS|TAMS 0x0000000088900000, 0x0000000088900000| Complete 
| 138|0x0000000088a00000, 0x0000000088b00000, 0x0000000088b00000|100%| E|CS|TAMS 0x0000000088a00000, 0x0000000088a00000| Complete 
| 139|0x0000000088b00000, 0x0000000088c00000, 0x0000000088c00000|100%| E|CS|TAMS 0x0000000088b00000, 0x0000000088b00000| Complete 
| 140|0x0000000088c00000, 0x0000000088d00000, 0x0000000088d00000|100%| E|CS|TAMS 0x0000000088c00000, 0x0000000088c00000| Complete 
| 141|0x0000000088d00000, 0x0000000088e00000, 0x0000000088e00000|100%| E|CS|TAMS 0x0000000088d00000, 0x0000000088d00000| Complete 
| 142|0x0000000088e00000, 0x0000000088f00000, 0x0000000088f00000|100%| E|CS|TAMS 0x0000000088e00000, 0x0000000088e00000| Complete 
| 143|0x0000000088f00000, 0x0000000089000000, 0x0000000089000000|100%| E|CS|TAMS 0x0000000088f00000, 0x0000000088f00000| Complete 
| 144|0x0000000089000000, 0x0000000089100000, 0x0000000089100000|100%| E|CS|TAMS 0x0000000089000000, 0x0000000089000000| Complete 
| 145|0x0000000089100000, 0x0000000089200000, 0x0000000089200000|100%| E|CS|TAMS 0x0000000089100000, 0x0000000089100000| Complete 
| 146|0x0000000089200000, 0x0000000089300000, 0x0000000089300000|100%| E|CS|TAMS 0x0000000089200000, 0x0000000089200000| Complete 
| 147|0x0000000089300000, 0x0000000089400000, 0x0000000089400000|100%| E|CS|TAMS 0x0000000089300000, 0x0000000089300000| Complete 
| 148|0x0000000089400000, 0x0000000089500000, 0x0000000089500000|100%| E|CS|TAMS 0x0000000089400000, 0x0000000089400000| Complete 
| 149|0x0000000089500000, 0x0000000089600000, 0x0000000089600000|100%| E|CS|TAMS 0x0000000089500000, 0x0000000089500000| Complete 
| 150|0x0000000089600000, 0x0000000089700000, 0x0000000089700000|100%| E|CS|TAMS 0x0000000089600000, 0x0000000089600000| Complete 
| 151|0x0000000089700000, 0x0000000089800000, 0x0000000089800000|100%| E|  |TAMS 0x0000000089700000, 0x0000000089700000| Complete 
| 152|0x0000000089800000, 0x0000000089900000, 0x0000000089900000|100%| E|CS|TAMS 0x0000000089800000, 0x0000000089800000| Complete 
| 153|0x0000000089900000, 0x0000000089a00000, 0x0000000089a00000|100%| E|CS|TAMS 0x0000000089900000, 0x0000000089900000| Complete 

Card table byte_map: [0x0000022ef2c40000,0x0000022ef3040000] _byte_map_base: 0x0000022ef2840000

Marking Bits (Prev, Next): (CMBitMap*) 0x0000022eecf1fa88, (CMBitMap*) 0x0000022eecf1fac0
 Prev Bits: [0x0000022ef3440000, 0x0000022ef5440000)
 Next Bits: [0x0000022ef5440000, 0x0000022ef7440000)

Polling page: 0x0000022eecd60000

Metaspace:

Usage:
  Non-class:     99.95 MB capacity,    98.12 MB ( 98%) used,     1.45 MB (  1%) free+waste,   379.69 KB ( <1%) overhead. 
      Class:     15.62 MB capacity,    14.45 MB ( 93%) used,     1.00 MB (  6%) free+waste,   170.19 KB (  1%) overhead. 
       Both:    115.56 MB capacity,   112.57 MB ( 97%) used,     2.45 MB (  2%) free+waste,   549.88 KB ( <1%) overhead. 

Virtual space:
  Non-class space:      100.00 MB reserved,     100.00 MB (100%) committed 
      Class space:        1.00 GB reserved,      15.63 MB (  2%) committed 
             Both:        1.10 GB reserved,     115.63 MB ( 10%) committed 

Chunk freelists:
   Non-Class:  43.00 KB
       Class:  4.00 KB
        Both:  47.00 KB

MaxMetaspaceSize: 17179869184.00 GB
CompressedClassSpaceSize: 1.00 GB

CodeHeap 'non-profiled nmethods': size=120064Kb used=11021Kb max_used=11021Kb free=109043Kb
 bounds [0x0000022e87ac0000, 0x0000022e88590000, 0x0000022e8f000000]
CodeHeap 'profiled nmethods': size=120000Kb used=38969Kb max_used=38969Kb free=81030Kb
 bounds [0x0000022e80590000, 0x0000022e82ba0000, 0x0000022e87ac0000]
CodeHeap 'non-nmethods': size=5696Kb used=2355Kb max_used=2406Kb free=3340Kb
 bounds [0x0000022e80000000, 0x0000022e80270000, 0x0000022e80590000]
 total_blobs=18058 nmethods=17086 adapters=882
 compilation: enabled
              stopped_count=0, restarted_count=0
 full_count=0

Compilation events (20 events):
Event: 821.948 Thread 0x0000022ef9a56800 nmethod 17265 0x0000022e82b71390 code [0x0000022e82b71540, 0x0000022e82b716e8]
Event: 821.948 Thread 0x0000022ef9a56800 17266       3       com.android.tools.r8.internal.TD0::a (1 bytes)
Event: 821.948 Thread 0x0000022ef9a56800 nmethod 17266 0x0000022e82b71790 code [0x0000022e82b71940, 0x0000022e82b71a38]
Event: 821.948 Thread 0x0000022ef9a56800 17268       3       com.android.tools.r8.graph.z2::Q (8 bytes)
Event: 821.948 Thread 0x0000022ef9a56800 nmethod 17268 0x0000022e82b71b10 code [0x0000022e82b71cc0, 0x0000022e82b71ef8]
Event: 821.948 Thread 0x0000022ef9a56800 17267       1       com.android.tools.r8.graph.J::L (5 bytes)
Event: 821.949 Thread 0x0000022ef9a56800 nmethod 17267 0x0000022e88582b10 code [0x0000022e88582cc0, 0x0000022e88582d78]
Event: 821.949 Thread 0x0000022ef9a56800 17269       3       com.android.tools.r8.graph.i2::a (37 bytes)
Event: 821.949 Thread 0x0000022ef9a56800 nmethod 17269 0x0000022e82b71f90 code [0x0000022e82b721a0, 0x0000022e82b72658]
Event: 821.949 Thread 0x0000022ef9a56800 17270       3       com.android.tools.r8.graph.z2::a (32 bytes)
Event: 821.949 Thread 0x0000022ef9a56800 nmethod 17270 0x0000022e82b72890 code [0x0000022e82b72a60, 0x0000022e82b72d18]
Event: 821.949 Thread 0x0000022ef9a56800 17271       3       com.android.tools.r8.graph.z2::T (8 bytes)
Event: 821.950 Thread 0x0000022ef9a56800 nmethod 17271 0x0000022e82b72e90 code [0x0000022e82b73040, 0x0000022e82b73278]
Event: 821.950 Thread 0x0000022ef9a56800 17272       3       com.android.tools.r8.internal.R71::<init> (7 bytes)
Event: 821.950 Thread 0x0000022ef9a56800 nmethod 17272 0x0000022e82b73310 code [0x0000022e82b734c0, 0x0000022e82b735e8]
Event: 821.950 Thread 0x0000022ef9a56800 17273       3       com.android.tools.r8.internal.R71::<init> (84 bytes)
Event: 821.950 Thread 0x0000022ef9a56800 nmethod 17273 0x0000022e82b73690 code [0x0000022e82b73880, 0x0000022e82b73d48]
Event: 821.950 Thread 0x0000022ef9a56800 17274       1       com.android.tools.r8.graph.o2::S (2 bytes)
Event: 821.950 Thread 0x0000022ef9a56800 nmethod 17274 0x0000022e88582e10 code [0x0000022e88582fc0, 0x0000022e88583078]
Event: 821.951 Thread 0x0000022ef9a56800 17275       3       com.android.tools.r8.internal.mH0::a (6068 bytes)

GC Heap History (20 events):
Event: 815.719 GC heap before
{Heap before GC invocations=51 (full 0):
 garbage-first heap   total 157696K, used 109668K [0x0000000080000000, 0x0000000100000000)
  region size 1024K, 19 young (19456K), 2 survivors (2048K)
 Metaspace       used 103620K, capacity 106304K, committed 106368K, reserved 1140736K
  class space    used 13399K, capacity 14429K, committed 14464K, reserved 1048576K
}
Event: 815.732 GC heap after
{Heap after GC invocations=52 (full 0):
 garbage-first heap   total 157696K, used 96091K [0x0000000080000000, 0x0000000100000000)
  region size 1024K, 3 young (3072K), 3 survivors (3072K)
 Metaspace       used 103620K, capacity 106304K, committed 106368K, reserved 1140736K
  class space    used 13399K, capacity 14429K, committed 14464K, reserved 1048576K
}
Event: 815.801 GC heap before
{Heap before GC invocations=52 (full 0):
 garbage-first heap   total 157696K, used 100187K [0x0000000080000000, 0x0000000100000000)
  region size 1024K, 7 young (7168K), 3 survivors (3072K)
 Metaspace       used 103623K, capacity 106304K, committed 106368K, reserved 1140736K
  class space    used 13399K, capacity 14429K, committed 14464K, reserved 1048576K
}
Event: 815.813 GC heap after
{Heap after GC invocations=53 (full 0):
 garbage-first heap   total 157696K, used 90112K [0x0000000080000000, 0x0000000100000000)
  region size 1024K, 1 young (1024K), 1 survivors (1024K)
 Metaspace       used 103623K, capacity 106304K, committed 106368K, reserved 1140736K
  class space    used 13399K, capacity 14429K, committed 14464K, reserved 1048576K
}
Event: 816.266 GC heap before
{Heap before GC invocations=53 (full 0):
 garbage-first heap   total 157696K, used 114688K [0x0000000080000000, 0x0000000100000000)
  region size 1024K, 26 young (26624K), 1 survivors (1024K)
 Metaspace       used 103905K, capacity 106559K, committed 106752K, reserved 1140736K
  class space    used 13421K, capacity 14471K, committed 14592K, reserved 1048576K
}
Event: 816.272 GC heap after
{Heap after GC invocations=54 (full 0):
 garbage-first heap   total 157696K, used 90235K [0x0000000080000000, 0x0000000100000000)
  region size 1024K, 2 young (2048K), 2 survivors (2048K)
 Metaspace       used 103905K, capacity 106559K, committed 106752K, reserved 1140736K
  class space    used 13421K, capacity 14471K, committed 14592K, reserved 1048576K
}
Event: 817.439 GC heap before
{Heap before GC invocations=55 (full 0):
 garbage-first heap   total 157696K, used 116859K [0x0000000080000000, 0x0000000100000000)
  region size 1024K, 29 young (29696K), 2 survivors (2048K)
 Metaspace       used 106312K, capacity 108994K, committed 109056K, reserved 1142784K
  class space    used 13736K, capacity 14811K, committed 14848K, reserved 1048576K
}
Event: 817.448 GC heap after
{Heap after GC invocations=56 (full 0):
 garbage-first heap   total 157696K, used 93153K [0x0000000080000000, 0x0000000100000000)
  region size 1024K, 4 young (4096K), 4 survivors (4096K)
 Metaspace       used 106312K, capacity 108994K, committed 109056K, reserved 1142784K
  class space    used 13736K, capacity 14811K, committed 14848K, reserved 1048576K
}
Event: 817.530 GC heap before
{Heap before GC invocations=56 (full 0):
 garbage-first heap   total 157696K, used 95201K [0x0000000080000000, 0x0000000100000000)
  region size 1024K, 7 young (7168K), 4 survivors (4096K)
 Metaspace       used 106996K, capacity 109672K, committed 109952K, reserved 1144832K
  class space    used 13839K, capacity 14909K, committed 14976K, reserved 1048576K
}
Event: 817.541 GC heap after
{Heap after GC invocations=57 (full 0):
 garbage-first heap   total 157696K, used 92829K [0x0000000080000000, 0x0000000100000000)
  region size 1024K, 1 young (1024K), 1 survivors (1024K)
 Metaspace       used 106996K, capacity 109672K, committed 109952K, reserved 1144832K
  class space    used 13839K, capacity 14909K, committed 14976K, reserved 1048576K
}
Event: 818.077 GC heap before
{Heap before GC invocations=57 (full 0):
 garbage-first heap   total 157696K, used 106141K [0x0000000080000000, 0x0000000100000000)
  region size 1024K, 16 young (16384K), 1 survivors (1024K)
 Metaspace       used 110597K, capacity 113386K, committed 113408K, reserved 1146880K
  class space    used 14266K, capacity 15341K, committed 15360K, reserved 1048576K
}
Event: 818.084 GC heap after
{Heap after GC invocations=58 (full 0):
 garbage-first heap   total 157696K, used 93519K [0x0000000080000000, 0x0000000100000000)
  region size 1024K, 2 young (2048K), 2 survivors (2048K)
 Metaspace       used 110597K, capacity 113386K, committed 113408K, reserved 1146880K
  class space    used 14266K, capacity 15341K, committed 15360K, reserved 1048576K
}
Event: 819.709 GC heap before
{Heap before GC invocations=59 (full 0):
 garbage-first heap   total 157696K, used 123215K [0x0000000080000000, 0x0000000100000000)
  region size 1024K, 29 young (29696K), 2 survivors (2048K)
 Metaspace       used 111250K, capacity 114073K, committed 114304K, reserved 1148928K
  class space    used 14313K, capacity 15397K, committed 15488K, reserved 1048576K
}
Event: 819.722 GC heap after
{Heap after GC invocations=60 (full 0):
 garbage-first heap   total 157696K, used 102671K [0x0000000080000000, 0x0000000100000000)
  region size 1024K, 4 young (4096K), 4 survivors (4096K)
 Metaspace       used 111250K, capacity 114073K, committed 114304K, reserved 1148928K
  class space    used 14313K, capacity 15397K, committed 15488K, reserved 1048576K
}
Event: 819.822 GC heap before
{Heap before GC invocations=60 (full 0):
 garbage-first heap   total 157696K, used 105743K [0x0000000080000000, 0x0000000100000000)
  region size 1024K, 7 young (7168K), 4 survivors (4096K)
 Metaspace       used 111375K, capacity 114159K, committed 114304K, reserved 1148928K
  class space    used 14330K, capacity 15404K, committed 15488K, reserved 1048576K
}
Event: 819.835 GC heap after
{Heap after GC invocations=61 (full 0):
 garbage-first heap   total 157696K, used 103114K [0x0000000080000000, 0x0000000100000000)
  region size 1024K, 1 young (1024K), 1 survivors (1024K)
 Metaspace       used 111375K, capacity 114159K, committed 114304K, reserved 1148928K
  class space    used 14330K, capacity 15404K, committed 15488K, reserved 1048576K
}
Event: 820.863 GC heap before
{Heap before GC invocations=61 (full 0):
 garbage-first heap   total 157696K, used 125642K [0x0000000080000000, 0x0000000100000000)
  region size 1024K, 23 young (23552K), 1 survivors (1024K)
 Metaspace       used 113041K, capacity 115862K, committed 115968K, reserved 1148928K
  class space    used 14483K, capacity 15585K, committed 15616K, reserved 1048576K
}
Event: 820.871 GC heap after
{Heap after GC invocations=62 (full 0):
 garbage-first heap   total 157696K, used 105153K [0x0000000080000000, 0x0000000100000000)
  region size 1024K, 3 young (3072K), 3 survivors (3072K)
 Metaspace       used 113041K, capacity 115862K, committed 115968K, reserved 1148928K
  class space    used 14483K, capacity 15585K, committed 15616K, reserved 1048576K
}
Event: 821.644 GC heap before
{Heap before GC invocations=63 (full 0):
 garbage-first heap   total 157696K, used 128705K [0x0000000080000000, 0x0000000100000000)
  region size 1024K, 25 young (25600K), 3 survivors (3072K)
 Metaspace       used 113949K, capacity 116926K, committed 117120K, reserved 1150976K
  class space    used 14586K, capacity 15735K, committed 15744K, reserved 1048576K
}
Event: 821.659 GC heap after
{Heap after GC invocations=64 (full 0):
 garbage-first heap   total 157696K, used 109131K [0x0000000080000000, 0x0000000100000000)
  region size 1024K, 4 young (4096K), 4 survivors (4096K)
 Metaspace       used 113949K, capacity 116926K, committed 117120K, reserved 1150976K
  class space    used 14586K, capacity 15735K, committed 15744K, reserved 1048576K
}

Deoptimization events (20 events):
Event: 821.589 Thread 0x0000022e8f412000 DEOPT PACKING pc=0x0000022e88115094 sp=0x00000097c2ffca20
Event: 821.589 Thread 0x0000022e8f412000 DEOPT UNPACKING pc=0x0000022e8002662f sp=0x00000097c2ffca10 mode 2
Event: 821.589 Thread 0x0000022e8f412000 Uncommon trap: trap_request=0xffffffc6 fr.pc=0x0000022e88115094 relative=0x0000000000000434
Event: 821.589 Thread 0x0000022e8f412000 Uncommon trap: reason=bimorphic_or_optimized_type_check action=maybe_recompile pc=0x0000022e88115094 method=com.android.tools.r8.internal.HY0.next()Ljava/lang/Object; @ 18 c2
Event: 821.589 Thread 0x0000022e8f412000 DEOPT PACKING pc=0x0000022e88115094 sp=0x00000097c2ffca20
Event: 821.589 Thread 0x0000022e8f412000 DEOPT UNPACKING pc=0x0000022e8002662f sp=0x00000097c2ffca10 mode 2
Event: 821.589 Thread 0x0000022e8f412000 Uncommon trap: trap_request=0xffffffc6 fr.pc=0x0000022e88115094 relative=0x0000000000000434
Event: 821.589 Thread 0x0000022e8f412000 Uncommon trap: reason=bimorphic_or_optimized_type_check action=maybe_recompile pc=0x0000022e88115094 method=com.android.tools.r8.internal.HY0.next()Ljava/lang/Object; @ 18 c2
Event: 821.589 Thread 0x0000022e8f412000 DEOPT PACKING pc=0x0000022e88115094 sp=0x00000097c2ffca20
Event: 821.589 Thread 0x0000022e8f412000 DEOPT UNPACKING pc=0x0000022e8002662f sp=0x00000097c2ffca10 mode 2
Event: 821.589 Thread 0x0000022e8f412000 Uncommon trap: trap_request=0xffffffc6 fr.pc=0x0000022e88115094 relative=0x0000000000000434
Event: 821.589 Thread 0x0000022e8f412000 Uncommon trap: reason=bimorphic_or_optimized_type_check action=maybe_recompile pc=0x0000022e88115094 method=com.android.tools.r8.internal.HY0.next()Ljava/lang/Object; @ 18 c2
Event: 821.589 Thread 0x0000022e8f412000 DEOPT PACKING pc=0x0000022e88115094 sp=0x00000097c2ffca20
Event: 821.589 Thread 0x0000022e8f412000 DEOPT UNPACKING pc=0x0000022e8002662f sp=0x00000097c2ffca10 mode 2
Event: 821.660 Thread 0x0000022efd574800 DEOPT PACKING pc=0x0000022e827431c4 sp=0x00000097c23fca30
Event: 821.661 Thread 0x0000022efd574800 DEOPT UNPACKING pc=0x0000022e80026dde sp=0x00000097c23fbfd0 mode 0
Event: 821.915 Thread 0x0000022efd574800 Uncommon trap: trap_request=0xffffff4d fr.pc=0x0000022e885818a8 relative=0x0000000000000528
Event: 821.915 Thread 0x0000022efd574800 Uncommon trap: reason=unstable_if action=reinterpret pc=0x0000022e885818a8 method=com.android.tools.r8.internal.mH0.b(I[C)Ljava/lang/Object; @ 22 c2
Event: 821.915 Thread 0x0000022efd574800 DEOPT PACKING pc=0x0000022e885818a8 sp=0x00000097c23fbd00
Event: 821.915 Thread 0x0000022efd574800 DEOPT UNPACKING pc=0x0000022e8002662f sp=0x00000097c23fbca8 mode 2

Classes redefined (0 events):
No events

Internal exceptions (20 events):
Event: 820.615 Thread 0x0000022efd56a000 Exception <a 'sun/nio/fs/WindowsException'{0x0000000088adeee8}> (0x0000000088adeee8) thrown at [./src/hotspot/share/prims/jni.cpp, line 615]
Event: 820.618 Thread 0x0000022efd56a000 Exception <a 'sun/nio/fs/WindowsException'{0x00000000889068f0}> (0x00000000889068f0) thrown at [./src/hotspot/share/prims/jni.cpp, line 615]
Event: 820.619 Thread 0x0000022efd56a000 Exception <a 'sun/nio/fs/WindowsException'{0x0000000088906a78}> (0x0000000088906a78) thrown at [./src/hotspot/share/prims/jni.cpp, line 615]
Event: 820.624 Thread 0x0000022efd56a000 Exception <a 'sun/nio/fs/WindowsException'{0x0000000088923fb8}> (0x0000000088923fb8) thrown at [./src/hotspot/share/prims/jni.cpp, line 615]
Event: 820.624 Thread 0x0000022efd56a000 Exception <a 'sun/nio/fs/WindowsException'{0x0000000088924130}> (0x0000000088924130) thrown at [./src/hotspot/share/prims/jni.cpp, line 615]
Event: 820.633 Thread 0x0000022efd56a000 Exception <a 'sun/nio/fs/WindowsException'{0x000000008894e8f8}> (0x000000008894e8f8) thrown at [./src/hotspot/share/prims/jni.cpp, line 615]
Event: 820.633 Thread 0x0000022efd56a000 Exception <a 'sun/nio/fs/WindowsException'{0x000000008894ea88}> (0x000000008894ea88) thrown at [./src/hotspot/share/prims/jni.cpp, line 615]
Event: 820.636 Thread 0x0000022efd56a000 Exception <a 'sun/nio/fs/WindowsException'{0x000000008897ee58}> (0x000000008897ee58) thrown at [./src/hotspot/share/prims/jni.cpp, line 615]
Event: 820.637 Thread 0x0000022efd56a000 Exception <a 'sun/nio/fs/WindowsException'{0x000000008897efe0}> (0x000000008897efe0) thrown at [./src/hotspot/share/prims/jni.cpp, line 615]
Event: 820.676 Thread 0x0000022efd56a000 Exception <a 'sun/nio/fs/WindowsException'{0x0000000088741b18}> (0x0000000088741b18) thrown at [./src/hotspot/share/prims/jni.cpp, line 615]
Event: 820.729 Thread 0x0000022efd56a000 Exception <a 'sun/nio/fs/WindowsException'{0x0000000088521a98}> (0x0000000088521a98) thrown at [./src/hotspot/share/prims/jni.cpp, line 615]
Event: 820.743 Thread 0x0000022efd56a000 Exception <a 'sun/nio/fs/WindowsException'{0x00000000885291c8}> (0x00000000885291c8) thrown at [./src/hotspot/share/prims/jni.cpp, line 615]
Event: 820.900 Thread 0x0000022efd56a000 Exception <a 'sun/nio/fs/WindowsException'{0x00000000899bfc70}> (0x00000000899bfc70) thrown at [./src/hotspot/share/prims/jni.cpp, line 615]
Event: 820.930 Thread 0x0000022efd56a000 Exception <a 'sun/nio/fs/WindowsException'{0x00000000899c9bb0}> (0x00000000899c9bb0) thrown at [./src/hotspot/share/prims/jni.cpp, line 615]
Event: 820.995 Thread 0x0000022efd56a000 Exception <a 'sun/nio/fs/WindowsException'{0x00000000899ea9f0}> (0x00000000899ea9f0) thrown at [./src/hotspot/share/prims/jni.cpp, line 615]
Event: 821.291 Thread 0x0000022e8f25a800 Exception <a 'java/lang/NoSuchMethodError'{0x00000000893a5630}: <clinit>> (0x00000000893a5630) thrown at [./src/hotspot/share/prims/jni.cpp, line 1362]
Event: 821.396 Thread 0x0000022efd56a000 Exception <a 'sun/nio/fs/WindowsException'{0x00000000892dd590}> (0x00000000892dd590) thrown at [./src/hotspot/share/prims/jni.cpp, line 615]
Event: 821.430 Thread 0x0000022efd56a000 Exception <a 'java/lang/NoSuchMethodError'{0x000000008917cb90}: <clinit>> (0x000000008917cb90) thrown at [./src/hotspot/share/prims/jni.cpp, line 1362]
Event: 821.481 Thread 0x0000022efd574800 Exception <a 'sun/nio/fs/WindowsException'{0x0000000088e63000}> (0x0000000088e63000) thrown at [./src/hotspot/share/prims/jni.cpp, line 615]
Event: 821.859 Thread 0x0000022efd574800 Exception <a 'java/lang/NoSuchMethodError'{0x0000000088f02dd8}: 'java.lang.Object java.lang.invoke.DirectMethodHandle$Holder.invokeStatic(java.lang.Object, int, java.lang.Object, java.lang.Object)'> (0x0000000088f02dd8) thrown at [./src/hotspot/share/interpreter/linkResolver.cpp, line 773]

Events (20 events):
Event: 821.943 loading class com/android/tools/r8/internal/XC0
Event: 821.943 loading class com/android/tools/r8/internal/XC0 done
Event: 821.944 loading class com/android/tools/r8/internal/XC0$a
Event: 821.944 loading class com/android/tools/r8/internal/XC0$a done
Event: 821.946 loading class com/android/tools/r8/internal/qD0
Event: 821.946 loading class com/android/tools/r8/internal/qD0 done
Event: 821.956 loading class com/android/tools/r8/position/MethodPosition
Event: 821.956 loading class com/android/tools/r8/position/MethodPosition done
Event: 821.977 loading class com/android/tools/r8/references/Reference
Event: 821.977 loading class com/android/tools/r8/references/Reference done
Event: 821.979 loading class com/android/tools/r8/references/PrimitiveReference
Event: 821.979 loading class com/android/tools/r8/references/PrimitiveReference done
Event: 821.980 loading class com/android/tools/r8/references/a
Event: 821.980 loading class com/android/tools/r8/references/a done
Event: 821.980 loading class com/android/tools/r8/references/b
Event: 821.980 loading class com/android/tools/r8/references/b done
Event: 821.981 loading class com/android/tools/r8/references/c
Event: 821.981 loading class com/android/tools/r8/references/c done
Event: 821.981 loading class com/android/tools/r8/references/d
Event: 821.981 loading class com/android/tools/r8/references/d done


Dynamic libraries:
0x00007ff664230000 - 0x00007ff66423a000 	C:\Program Files\Android\Android Studio\jre\bin\java.exe
0x00007ff8cc290000 - 0x00007ff8cc485000 	C:\WINDOWS\SYSTEM32\ntdll.dll
0x00007ff8cc180000 - 0x00007ff8cc23e000 	C:\WINDOWS\System32\KERNEL32.DLL
0x00007ff8c9eb0000 - 0x00007ff8ca178000 	C:\WINDOWS\System32\KERNELBASE.dll
0x00007ff8ca180000 - 0x00007ff8ca280000 	C:\WINDOWS\System32\ucrtbase.dll
0x00007ff8ba540000 - 0x00007ff8ba559000 	C:\Program Files\Android\Android Studio\jre\bin\jli.dll
0x00007ff8ca3a0000 - 0x00007ff8ca540000 	C:\WINDOWS\System32\USER32.dll
0x00007ff8c9b30000 - 0x00007ff8c9b52000 	C:\WINDOWS\System32\win32u.dll
0x00007ff8cc0f0000 - 0x00007ff8cc11a000 	C:\WINDOWS\System32\GDI32.dll
0x00007ff8c9d50000 - 0x00007ff8c9e5b000 	C:\WINDOWS\System32\gdi32full.dll
0x00007ff8c9a90000 - 0x00007ff8c9b2d000 	C:\WINDOWS\System32\msvcp_win.dll
0x00007ff892450000 - 0x00007ff892467000 	C:\Program Files\Android\Android Studio\jre\bin\VCRUNTIME140.dll
0x00007ff8aab40000 - 0x00007ff8aadda000 	C:\WINDOWS\WinSxS\amd64_microsoft.windows.common-controls_6595b64144ccf1df_6.0.19041.1110_none_60b5254171f9507e\COMCTL32.dll
0x00007ff8ca540000 - 0x00007ff8ca5de000 	C:\WINDOWS\System32\msvcrt.dll
0x00007ff8cbfe0000 - 0x00007ff8cc010000 	C:\WINDOWS\System32\IMM32.DLL
0x00007ff8642a0000 - 0x00007ff86433d000 	C:\Program Files\Android\Android Studio\jre\bin\msvcp140.dll
0x00007ff861190000 - 0x00007ff861c65000 	C:\Program Files\Android\Android Studio\jre\bin\server\jvm.dll
0x00007ff8cbbc0000 - 0x00007ff8cbc6e000 	C:\WINDOWS\System32\ADVAPI32.dll
0x00007ff8cbdb0000 - 0x00007ff8cbe4c000 	C:\WINDOWS\System32\sechost.dll
0x00007ff8cbeb0000 - 0x00007ff8cbfd5000 	C:\WINDOWS\System32\RPCRT4.dll
0x00007ff8cc240000 - 0x00007ff8cc248000 	C:\WINDOWS\System32\PSAPI.DLL
0x00007ff8a1eb0000 - 0x00007ff8a1eb9000 	C:\WINDOWS\SYSTEM32\WSOCK32.dll
0x00007ff8cb450000 - 0x00007ff8cb4bb000 	C:\WINDOWS\System32\WS2_32.dll
0x00007ff8b7250000 - 0x00007ff8b7277000 	C:\WINDOWS\SYSTEM32\WINMM.dll
0x00007ff8be830000 - 0x00007ff8be83a000 	C:\WINDOWS\SYSTEM32\VERSION.dll
0x00007ff8c8260000 - 0x00007ff8c8272000 	C:\WINDOWS\SYSTEM32\kernel.appcore.dll
0x00007ff8c4e90000 - 0x00007ff8c4ea1000 	C:\Program Files\Android\Android Studio\jre\bin\verify.dll
0x00007ff8c7750000 - 0x00007ff8c7934000 	C:\WINDOWS\SYSTEM32\DBGHELP.DLL
0x00007ff8b5150000 - 0x00007ff8b517c000 	C:\WINDOWS\SYSTEM32\dbgcore.DLL
0x00007ff8c9cc0000 - 0x00007ff8c9d42000 	C:\WINDOWS\System32\bcryptPrimitives.dll
0x00007ff8c1670000 - 0x00007ff8c1699000 	C:\Program Files\Android\Android Studio\jre\bin\java.dll
0x00007ff8c6df0000 - 0x00007ff8c6dfb000 	C:\Program Files\Android\Android Studio\jre\bin\jimage.dll
0x00007ff8c0b50000 - 0x00007ff8c0b68000 	C:\Program Files\Android\Android Studio\jre\bin\zip.dll
0x00007ff8cac50000 - 0x00007ff8cb394000 	C:\WINDOWS\System32\SHELL32.dll
0x00007ff8c7940000 - 0x00007ff8c80d4000 	C:\WINDOWS\SYSTEM32\windows.storage.dll
0x00007ff8cb4c0000 - 0x00007ff8cb814000 	C:\WINDOWS\System32\combase.dll
0x00007ff8c9350000 - 0x00007ff8c937c000 	C:\WINDOWS\SYSTEM32\Wldp.dll
0x00007ff8ca2f0000 - 0x00007ff8ca39d000 	C:\WINDOWS\System32\SHCORE.dll
0x00007ff8cc090000 - 0x00007ff8cc0e5000 	C:\WINDOWS\System32\shlwapi.dll
0x00007ff8c98f0000 - 0x00007ff8c990f000 	C:\WINDOWS\SYSTEM32\profapi.dll
0x00007ff8c0ab0000 - 0x00007ff8c0aca000 	C:\Program Files\Android\Android Studio\jre\bin\net.dll
0x00007ff8bed50000 - 0x00007ff8bee5a000 	C:\WINDOWS\SYSTEM32\WINHTTP.dll
0x00007ff8c90b0000 - 0x00007ff8c911a000 	C:\WINDOWS\system32\mswsock.dll
0x00007ff8bfad0000 - 0x00007ff8bfae4000 	C:\Program Files\Android\Android Studio\jre\bin\nio.dll
0x00007ff891ee0000 - 0x00007ff891f07000 	C:\Users\Sajda\.gradle\native\e1d6ef7f7dcc3fd88c89a11ec53ec762bb8ba0a96d01ffa2cd45eb1d1d8dd5c5\windows-amd64\native-platform.dll
0x00007ff885f40000 - 0x00007ff886084000 	C:\Users\Sajda\.gradle\native\5664cfc778a61ccfe75a443a1ab52a65af34e5dc3c78e0209fed803814484fcb\windows-amd64\native-platform-file-events.dll
0x00007ff8c6da0000 - 0x00007ff8c6daa000 	C:\Program Files\Android\Android Studio\jre\bin\management.dll
0x00007ff8c6d70000 - 0x00007ff8c6d7d000 	C:\Program Files\Android\Android Studio\jre\bin\management_ext.dll
0x00007ff8c92a0000 - 0x00007ff8c92b8000 	C:\WINDOWS\SYSTEM32\CRYPTSP.dll
0x00007ff8c8a30000 - 0x00007ff8c8a64000 	C:\WINDOWS\system32\rsaenh.dll
0x00007ff8c99b0000 - 0x00007ff8c99d7000 	C:\WINDOWS\System32\bcrypt.dll
0x00007ff8c9870000 - 0x00007ff8c989e000 	C:\WINDOWS\SYSTEM32\USERENV.dll
0x00007ff8c92c0000 - 0x00007ff8c92cc000 	C:\WINDOWS\SYSTEM32\CRYPTBASE.dll
0x00007ff8c8da0000 - 0x00007ff8c8ddb000 	C:\WINDOWS\SYSTEM32\IPHLPAPI.DLL
0x00007ff8cb9d0000 - 0x00007ff8cb9d8000 	C:\WINDOWS\System32\NSI.dll
0x00007ff8bfa50000 - 0x00007ff8bfa67000 	C:\WINDOWS\SYSTEM32\dhcpcsvc6.DLL
0x00007ff8bfa30000 - 0x00007ff8bfa4d000 	C:\WINDOWS\SYSTEM32\dhcpcsvc.DLL
0x00007ff8c8de0000 - 0x00007ff8c8eab000 	C:\WINDOWS\SYSTEM32\DNSAPI.dll
0x00007ff8b6810000 - 0x00007ff8b6837000 	C:\Program Files\Android\Android Studio\jre\bin\sunec.dll
0x00007ff8c86c0000 - 0x00007ff8c86f3000 	C:\WINDOWS\SYSTEM32\ntmarta.dll

dbghelp: loaded successfully - version: 4.0.5 - missing functions: none
symbol engine: initialized successfully - sym options: 0x614 - pdb path: .;C:\Program Files\Android\Android Studio\jre\bin;C:\WINDOWS\SYSTEM32;C:\WINDOWS\WinSxS\amd64_microsoft.windows.common-controls_6595b64144ccf1df_6.0.19041.1110_none_60b5254171f9507e;C:\Program Files\Android\Android Studio\jre\bin\server;C:\Users\Sajda\.gradle\native\e1d6ef7f7dcc3fd88c89a11ec53ec762bb8ba0a96d01ffa2cd45eb1d1d8dd5c5\windows-amd64;C:\Users\Sajda\.gradle\native\5664cfc778a61ccfe75a443a1ab52a65af34e5dc3c78e0209fed803814484fcb\windows-amd64

VM Arguments:
jvm_args: --add-opens=java.base/java.util=ALL-UNNAMED --add-opens=java.base/java.lang=ALL-UNNAMED --add-opens=java.base/java.lang.invoke=ALL-UNNAMED --add-opens=java.base/java.util=ALL-UNNAMED --add-opens=java.prefs/java.util.prefs=ALL-UNNAMED --add-opens=java.prefs/java.util.prefs=ALL-UNNAMED --add-opens=java.base/java.nio.charset=ALL-UNNAMED --add-opens=java.base/java.net=ALL-UNNAMED --add-opens=java.base/java.util.concurrent.atomic=ALL-UNNAMED -Xmx2048m -Dfile.encoding=UTF-8 -Duser.country=US -Duser.language=en -Duser.variant 
java_command: org.gradle.launcher.daemon.bootstrap.GradleDaemon 7.2
java_class_path (initial): C:\Users\Sajda\.gradle\wrapper\dists\gradle-7.2-bin\2dnblmf4td7x66yl1d74lt32g\gradle-7.2\lib\gradle-launcher-7.2.jar
Launcher Type: SUN_STANDARD

[Global flags]
     intx CICompilerCount                          = 3                                         {product} {ergonomic}
     uint ConcGCThreads                            = 1                                         {product} {ergonomic}
     uint G1ConcRefinementThreads                  = 4                                         {product} {ergonomic}
   size_t G1HeapRegionSize                         = 1048576                                   {product} {ergonomic}
    uintx GCDrainStackTargetSize                   = 64                                        {product} {ergonomic}
   size_t InitialHeapSize                          = 134217728                                 {product} {ergonomic}
   size_t MarkStackSize                            = 4194304                                   {product} {ergonomic}
   size_t MaxHeapSize                              = 2147483648                                {product} {command line}
   size_t MaxNewSize                               = 1287651328                                {product} {ergonomic}
   size_t MinHeapDeltaBytes                        = 1048576                                   {product} {ergonomic}
    uintx NonNMethodCodeHeapSize                   = 5830732                                {pd product} {ergonomic}
    uintx NonProfiledCodeHeapSize                  = 122913754                              {pd product} {ergonomic}
    uintx ProfiledCodeHeapSize                     = 122913754                              {pd product} {ergonomic}
    uintx ReservedCodeCacheSize                    = 251658240                              {pd product} {ergonomic}
     bool SegmentedCodeCache                       = true                                      {product} {ergonomic}
     bool UseCompressedClassPointers               = true                                 {lp64_product} {ergonomic}
     bool UseCompressedOops                        = true                                 {lp64_product} {ergonomic}
     bool UseG1GC                                  = true                                      {product} {ergonomic}
     bool UseLargePagesIndividualAllocation        = false                                  {pd product} {ergonomic}

Logging:
Log output configuration:
 #0: stdout all=warning uptime,level,tags
 #1: stderr all=off uptime,level,tags

Environment Variables:
PATH=C:\Program Files\python\Scripts\;C:\Program Files\python\;C:\ActiveTcl\bin;C:\Program Files (x86)\Common Files\Oracle\Java\javapath;C:\Program Files (x86)\Intel\iCLS Client\;C:\Program Files\Intel\iCLS Client\;C:\WINDOWS\system32;C:\WINDOWS;C:\WINDOWS\System32\Wbem;C:\WINDOWS\System32\WindowsPowerShell\v1.0\;C:\Program Files (x86)\Intel\Intel(R) Management Engine Components\DAL;C:\Program Files\Intel\Intel(R) Management Engine Components\DAL;C:\Program Files (x86)\Intel\Intel(R) Management Engine Components\IPT;C:\Program Files\Intel\Intel(R) Management Engine Components\IPT;C:\WINDOWS\System32\OpenSSH\;C:\Program Files\Intel\WiFi\bin\;C:\Program Files\Common Files\Intel\WirelessCommon\;C:\Program Files (x86)\Microsoft SQL Server\150\DTS\Binn\;C:\Program Files\dotnet\;C:\Program Files\Microsoft SQL Server\130\Tools\Binn\;C:\Program Files\Microsoft SQL Server\Client SDK\ODBC\110\Tools\Binn\;C:\Program Files (x86)\Microsoft SQL Server\120\Tools\Binn\;C:\Program Files\Microsoft SQL Server\120\Tools\Binn\;C:\Program Files\Microsoft SQL Server\120\DTS\Binn\;C:\Program Files (x86)\Microsoft SQL Server\120\Tools\Binn\ManagementStudio\;C:\Program Files (x86)\Microsoft SQL Server\120\DTS\Binn\;C:\Program Files\Microsoft SQL Server\Client SDK\ODBC\170\Tools\Binn\;C:\Program Files (x86)\Microsoft SQL Server\150\Tools\Binn\;C:\Program Files\Microsoft SQL Server\150\Tools\Binn\;C:\Program Files\Microsoft SQL Server\150\DTS\Binn\;C:\Apache24\bin;C:\xampp\php;C:\ProgramData\chocolatey\bin;C:\Program Files\nodejs\;C:\Program Files\Git\cmd;C:\composer;C:\Users\Sajda\AppData\Local\Programs\Python\Python38-32\Scripts\;C:\Users\Sajda\AppData\Local\Programs\Python\Python38-32\;C:\Users\Sajda\AppData\Local\Microsoft\WindowsApps;C:\Users\Sajda\AppData\Local\Programs\Microsoft VS Code\bin;C:\Users\Sajda\AppData\Local\atom\bin;C:\Users\Sajda\.dotnet\tools;C:\Windows\Microsoft.NET\Framework64\v4.0.30319;;C:\Users\Sajda\AppData\Local\Microsoft\WindowsApps;C:\Users\Sajda\AppData\Roaming\Comp
USERNAME=Sajda
OS=Windows_NT
PROCESSOR_IDENTIFIER=Intel64 Family 6 Model 78 Stepping 3, GenuineIntel



---------------  S Y S T E M  ---------------

OS: Windows 10 , 64 bit Build 19041 (10.0.19041.1645)
OS uptime: 1 days 0:31 hours

CPU:total 4 (initial active 4) (2 cores per cpu, 2 threads per core) family 6 model 78 stepping 3 microcode 0xcc, cmov, cx8, fxsr, mmx, sse, sse2, sse3, ssse3, sse4.1, sse4.2, popcnt, avx, avx2, aes, clmul, erms, 3dnowpref, lzcnt, ht, tsc, tscinvbit, bmi1, bmi2, adx, fma

Memory: 4k page, system-wide physical 8069M (898M free)
TotalPageFile size 17754M (AvailPageFile size 19M)
current process WorkingSet (physical memory assigned to process): 412M, peak: 430M
current process commit charge ("private bytes"): 505M, peak: 505M

vm_info: OpenJDK 64-Bit Server VM (11.0.11+9-b60-7590822) for windows-amd64 JRE (11.0.11+9-b60-7590822), built on Jul 29 2021 21:43:44 by "builder" with MS VC++ 14.0 (VS2015)

END.
